[Tue May 23 14:07:14 UTC 2023][INFO] [Action] EE NewBook
[Tue May 23 14:07:19 UTC 2023][INFO] [Action] E AutoChapterGroupAction - 0
[Tue May 23 14:07:22 UTC 2023][INFO] [Action] E RevertApplyAutoChapterAction - (r,1,1)
[Tue May 23 14:07:23 UTC 2023][INFO] [Action] E RevertApplyAutoChapterAction - (r,37,37)
[Tue May 23 14:07:26 UTC 2023][INFO] [Action] E RevertApplyAutoChapterAction - (r,667800,667800)
[Tue May 23 14:07:28 UTC 2023][INFO] [Action] E RevertApplyAutoChapterAction - (r,663092,663092)
[Tue May 23 14:08:41 UTC 2023][INFO] [Action] E FixedFormAction - MCwxNyxQUk9QLUxJU1Q6eyJjb21wb25lbnRzIjpbeyJuYW1lIjoiYm9va190aXRsZSIsInR5cGUiOiJ0ZXh0IiwidmFsdWUiOiJTdGFyLUNyb3NzZWQ6IEVjaG9lcyBvZiB0aGUgSG9yaXpvbiJ9LHsibmFtZSI6ImJvb2tfc3VidGl0bGUiLCJ0eXBlIjoidGV4dCIsInZhbHVlIjoiQSBEYW5jZSBvZiBTdGFycyBhbmQgU2hhZG93cyJ9LHsibmFtZSI6ImF1dGhvcl9uYW1lIiwidHlwZSI6InRleHQiLCJ2YWx1ZSI6IkEuSS4gU2NyaWJlIn0seyJuYW1lIjoicHVibGlzaGVyIiwidHlwZSI6InRleHQiLCJ2YWx1ZSI6IktyYW56a3kgUHJlc3MifSx7Im5hbWUiOiJwdWJsaXNoZXJfbG9nbyIsInR5cGUiOiJpbWFnZSIsInZhbHVlIjoiIn1dLCJwYWdlX3R5cGUiOiJ0aXRsZV9wYWdlIn0K
[Tue May 23 14:08:47 UTC 2023][INFO] [Action] E ApplyThemeBook - cosmos_theme
[Tue May 23 14:08:51 UTC 2023][INFO] [Action] E ItemChanged - -1,1
[Tue May 23 14:08:55 UTC 2023][INFO] [Action] E ItemChanged - -1,1
[Tue May 23 14:08:56 UTC 2023][INFO] [Action] E ItemChanged - -1,89
[Tue May 23 14:08:57 UTC 2023][INFO] [Action] E ItemChanged - -1,1
[Tue May 23 14:09:04 UTC 2023][INFO] [Action] E InsertTocAction - (0)
[Tue May 23 14:09:09 UTC 2023][INFO] [Action] E InsertGenericPageAction - 8,1
[Tue May 23 14:09:10 UTC 2023][INFO] [Action] E ItemChanged - -1,786
[Tue May 23 14:09:20 UTC 2023][INFO] [Action] E ItemChanged - -1,786
[Tue May 23 14:09:31 UTC 2023][INFO] [Action] E Cut - (r,837,2734)
[Tue May 23 14:09:33 UTC 2023][INFO] [Action] E ItemChanged - -1,786
[Tue May 23 14:09:35 UTC 2023][INFO] [Action] E DeleteContent - (r,786,837),B
[Tue May 23 14:09:36 UTC 2023][INFO] [Action] E ItemChanged - -1,586
[Tue May 23 14:09:39 UTC 2023][INFO] [Action] E Paste - (r,594,784),1917
[Tue May 23 14:09:46 UTC 2023][INFO] [Action] E ApplySemantics - (r,605,605),other_first_para
[Tue May 23 14:09:50 UTC 2023][INFO] [Action] E ApplySemantics - (r,593,593),other_page_subtitle
[Tue May 23 14:09:53 UTC 2023][INFO] [Action] E ApplySemantics - (r,585,585),other_page_title
[Tue May 23 14:09:54 UTC 2023][INFO] [Action] E AddTextContainer - (c,593,2),0,0,0
[Tue May 23 14:09:55 UTC 2023][INFO] [Action] E InsertTextContent - (c,594,1),[E]
[Tue May 23 14:09:55 UTC 2023][INFO] [Action] E InsertTextContent - (c,594,2),[c]
[Tue May 23 14:09:55 UTC 2023][INFO] [Action] E InsertTextContent - (c,595,2),[h]
[Tue May 23 14:09:55 UTC 2023][INFO] [Action] E InsertTextContent - (c,596,2),[o]
[Tue May 23 14:09:55 UTC 2023][INFO] [Action] E InsertTextContent - (c,597,2),[e]
[Tue May 23 14:09:56 UTC 2023][INFO] [Action] E InsertTextContent - (c,598,2),[s]
[Tue May 23 14:09:57 UTC 2023][INFO] [Action] E ApplySemantics - (r,599,599),other_page_subtitle
[Tue May 23 14:09:59 UTC 2023][INFO] [Action] E ItemChanged - -1,1
[Tue May 23 14:10:06 UTC 2023][INFO] [Action] E DeleteContent - (c,15,1),B
[Tue May 23 14:10:06 UTC 2023][INFO] [Action] EFail DeleteContent - 4
[Tue May 23 14:10:09 UTC 2023][INFO] [Action] E ItemChanged - -1,89
[Tue May 23 14:10:11 UTC 2023][INFO] [Action] E ItemChanged - -1,2499
[Tue May 23 14:10:13 UTC 2023][INFO] [Action] E ItemChanged - -1,586
[Tue May 23 14:10:27 UTC 2023][INFO] [Action] E ItemChanged - -1,1
[Tue May 23 14:10:27 UTC 2023][INFO] [Action] E ItemChanged - -1,89
[Tue May 23 14:10:28 UTC 2023][INFO] [Action] E ItemChanged - -1,586
[Tue May 23 14:10:32 UTC 2023][INFO] [Action] E InsertGenericPageAction - 10,2
[Tue May 23 14:10:35 UTC 2023][INFO] [Action] E ItemChanged - -1,628968
[Tue May 23 14:10:36 UTC 2023][INFO] [Action] E ItemChanged - -1,628968
[Tue May 23 14:10:38 UTC 2023][INFO] [Action] E ItemChanged - -1,628968
[Tue May 23 14:10:42 UTC 2023][INFO] [Action] E ItemChanged - -1,668362
[Tue May 23 14:10:42 UTC 2023][INFO] [Action] E ItemChanged - -1,628968
[Tue May 23 14:10:46 UTC 2023][INFO] [Action] E ItemChanged - -1,628968
[Tue May 23 14:10:53 UTC 2023][INFO] [Action] E DeleteContent - (c,668360,2),B
[Tue May 23 14:10:53 UTC 2023][INFO] [Action] E DeleteContent - (c,668359,2),B
[Tue May 23 14:10:53 UTC 2023][INFO] [Action] E DeleteContent - (c,668358,2),B
[Tue May 23 14:10:53 UTC 2023][INFO] [Action] E DeleteContent - (c,668357,2),B
[Tue May 23 14:10:53 UTC 2023][INFO] [Action] E DeleteContent - (c,668356,2),B
[Tue May 23 14:10:54 UTC 2023][INFO] [Action] E DeleteContent - (c,668355,2),B
[Tue May 23 14:10:54 UTC 2023][INFO] [Action] E DeleteContent - (c,668354,2),B
[Tue May 23 14:10:54 UTC 2023][INFO] [Action] E MergeContainer - 668354,1
[Tue May 23 14:10:55 UTC 2023][INFO] [Action] E DeleteContent - (c,668353,2),B
[Tue May 23 14:10:56 UTC 2023][INFO] [Action] U DeleteContent
[Tue May 23 14:11:01 UTC 2023][INFO] [Action] E Cut - (r,663676,668353)
[Tue May 23 14:11:03 UTC 2023][INFO] [Action] E ItemChanged - -1,663678
[Tue May 23 14:11:06 UTC 2023][INFO] [Action] E Paste - (r,663686,663876),4772
[Tue May 23 14:11:09 UTC 2023][INFO] [Action] E ItemChanged - -1,663678
[Tue May 23 14:11:12 UTC 2023][INFO] [Action] E ApplySemantics - (r,663678,663678),other_page_subtitle
[Tue May 23 14:11:13 UTC 2023][INFO] [Action] E ApplySemantics - (r,663670,663670),other_page_title
[Tue May 23 14:11:15 UTC 2023][INFO] [Action] E ApplySemantics - (r,663723,663723),other_first_para
[Tue May 23 14:11:16 UTC 2023][INFO] [Action] E ItemChanged - -1,628968
[Tue May 23 14:11:26 UTC 2023][INFO] [Action] E Cut - (r,663657,663675)
[Tue May 23 14:11:26 UTC 2023][INFO] [Action] E DeleteContent - (c,663656,2),B
[Tue May 23 14:11:26 UTC 2023][INFO] [Action] E DeleteContent - (c,663655,2),B
[Tue May 23 14:11:26 UTC 2023][INFO] [Action] E DeleteContent - (c,663654,2),B
[Tue May 23 14:11:27 UTC 2023][INFO] [Action] E DeleteContent - (c,663653,2),B
[Tue May 23 14:11:27 UTC 2023][INFO] [Action] E DeleteContent - (c,663652,2),B
[Tue May 23 14:11:27 UTC 2023][INFO] [Action] E DeleteContent - (c,663651,2),B
[Tue May 23 14:11:27 UTC 2023][INFO] [Action] E DeleteContent - (c,663650,2),B
[Tue May 23 14:11:27 UTC 2023][INFO] [Action] E DeleteContent - (c,663649,2),B
[Tue May 23 14:11:27 UTC 2023][INFO] [Action] E DeleteContent - (c,663648,2),B
[Tue May 23 14:11:28 UTC 2023][INFO] [Action] E DeleteContent - (c,663647,2),B
[Tue May 23 14:11:28 UTC 2023][INFO] [Action] E MergeContainer - 663647,1
[Tue May 23 14:11:29 UTC 2023][INFO] [Action] E ItemChanged - -1,663649
[Tue May 23 14:11:31 UTC 2023][INFO] [Action] E AddTextContainer - (c,663656,2),0,0,0
[Tue May 23 14:11:31 UTC 2023][INFO] [Action] E Paste - (c,663657,1),21
[Tue May 23 14:11:33 UTC 2023][INFO] [Action] E ApplySemantics - (r,663675,663675),other_page_subtitle
[Tue May 23 14:11:55 UTC 2023][INFO] [Action] E FixedFormAction - MCwyMCxQUk9QLUxJU1Q6eyJjb21wb25lbnRzIjpbeyJuYW1lIjoiYXV0aG9yX25hbWUiLCJ0eXBlIjoidGV4dCIsInZhbHVlIjoiQS5JLiBTY3JpdmUifSx7Im5hbWUiOiJkZXNjcmlwdGlvbiIsInR5cGUiOiJ0ZXh0IiwidmFsdWUiOiJUQkQifSx7ImltYWdlX2NvbXBvbmVudHMiOlt7Im5hbWUiOiJpbWFnZV9zaXplIiwidHlwZSI6ImltYWdlX3Byb3AiLCJ2YWx1ZSI6InNtYWxsIn0seyJuYW1lIjoiaW1hZ2VfcG9zIiwidHlwZSI6ImltYWdlX3Byb3AiLCJ2YWx1ZSI6InJpZ2h0In1dLCJuYW1lIjoiYXV0aG9yX2ltYWdlIiwidHlwZSI6ImltYWdlIiwidmFsdWUiOiIifV0sInBhZ2VfdHlwZSI6ImFib3V0X3RoZV9hdXRob3JfcGFnZSJ9Cg==
[Tue May 23 14:12:11 UTC 2023][INFO] [Action] E FixedFormAction - MSwyMSxQUk9QLUxJU1Q6eyJjb21wb25lbnRzIjpbeyJuYW1lIjoiYXV0aG9yX25hbWUiLCJ0eXBlIjoidGV4dCIsInZhbHVlIjoiQUkgU2NyaWJlIn0seyJuYW1lIjoiZGVzY3JpcHRpb24iLCJ0eXBlIjoidGV4dCIsInZhbHVlIjoiVEJEIn0seyJpbWFnZV9jb21wb25lbnRzIjpbeyJuYW1lIjoiaW1hZ2Vfc2l6ZSIsInR5cGUiOiJpbWFnZV9wcm9wIiwidmFsdWUiOiJzbWFsbCJ9LHsibmFtZSI6ImltYWdlX3BvcyIsInR5cGUiOiJpbWFnZV9wcm9wIiwidmFsdWUiOiJyaWdodCJ9XSwibmFtZSI6ImF1dGhvcl9pbWFnZSIsInR5cGUiOiJpbWFnZSIsInZhbHVlIjoiIn1dLCJwYWdlX3R5cGUiOiJhYm91dF90aGVfYXV0aG9yX3BhZ2UifQo=
[Tue May 23 14:12:19 UTC 2023][INFO] [Action] E FixedFormAction - MSwyMSxQUk9QLUxJU1Q6eyJjb21wb25lbnRzIjpbeyJuYW1lIjoiYXV0aG9yX25hbWUiLCJ0eXBlIjoidGV4dCIsInZhbHVlIjoiQSBJIFNjcmliZSJ9LHsibmFtZSI6ImRlc2NyaXB0aW9uIiwidHlwZSI6InRleHQiLCJ2YWx1ZSI6IlRCRCJ9LHsiaW1hZ2VfY29tcG9uZW50cyI6W3sibmFtZSI6ImltYWdlX3NpemUiLCJ0eXBlIjoiaW1hZ2VfcHJvcCIsInZhbHVlIjoic21hbGwifSx7Im5hbWUiOiJpbWFnZV9wb3MiLCJ0eXBlIjoiaW1hZ2VfcHJvcCIsInZhbHVlIjoicmlnaHQifV0sIm5hbWUiOiJhdXRob3JfaW1hZ2UiLCJ0eXBlIjoiaW1hZ2UiLCJ2YWx1ZSI6IiJ9XSwicGFnZV90eXBlIjoiYWJvdXRfdGhlX2F1dGhvcl9wYWdlIn0K
[Tue May 23 14:12:26 UTC 2023][INFO] [Action] E FixedFormAction - MSwyMSxQUk9QLUxJU1Q6eyJjb21wb25lbnRzIjpbeyJuYW1lIjoiYXV0aG9yX25hbWUiLCJ0eXBlIjoidGV4dCIsInZhbHVlIjoiQS5JIFNjcmliZSJ9LHsibmFtZSI6ImRlc2NyaXB0aW9uIiwidHlwZSI6InRleHQiLCJ2YWx1ZSI6IlRCRCJ9LHsiaW1hZ2VfY29tcG9uZW50cyI6W3sibmFtZSI6ImltYWdlX3NpemUiLCJ0eXBlIjoiaW1hZ2VfcHJvcCIsInZhbHVlIjoic21hbGwifSx7Im5hbWUiOiJpbWFnZV9wb3MiLCJ0eXBlIjoiaW1hZ2VfcHJvcCIsInZhbHVlIjoicmlnaHQifV0sIm5hbWUiOiJhdXRob3JfaW1hZ2UiLCJ0eXBlIjoiaW1hZ2UiLCJ2YWx1ZSI6IiJ9XSwicGFnZV90eXBlIjoiYWJvdXRfdGhlX2F1dGhvcl9wYWdlIn0K
[Tue May 23 14:12:32 UTC 2023][INFO] [Action] E FixedFormAction - MSwyMSxQUk9QLUxJU1Q6eyJjb21wb25lbnRzIjpbeyJuYW1lIjoiYXV0aG9yX25hbWUiLCJ0eXBlIjoidGV4dCIsInZhbHVlIjoiQS5JLiBTY3JpYmUifSx7Im5hbWUiOiJkZXNjcmlwdGlvbiIsInR5cGUiOiJ0ZXh0IiwidmFsdWUiOiJUQkQifSx7ImltYWdlX2NvbXBvbmVudHMiOlt7Im5hbWUiOiJpbWFnZV9zaXplIiwidHlwZSI6ImltYWdlX3Byb3AiLCJ2YWx1ZSI6InNtYWxsIn0seyJuYW1lIjoiaW1hZ2VfcG9zIiwidHlwZSI6ImltYWdlX3Byb3AiLCJ2YWx1ZSI6InJpZ2h0In1dLCJuYW1lIjoiYXV0aG9yX2ltYWdlIiwidHlwZSI6ImltYWdlIiwidmFsdWUiOiIifV0sInBhZ2VfdHlwZSI6ImFib3V0X3RoZV9hdXRob3JfcGFnZSJ9Cg==
[Tue May 23 14:12:34 UTC 2023][INFO] [Action] E ItemChanged - -1,663681
[Tue May 23 14:12:37 UTC 2023][INFO] [Action] E ItemChanged - -1,1
[Tue May 23 14:12:57 UTC 2023][INFO] [Action] E DeleteContent - (c,2549,2),B
[Tue May 23 14:12:57 UTC 2023][INFO] [Action] E DeleteContent - (c,2532,1),B
[Tue May 23 14:12:57 UTC 2023][INFO] [Action] E SplitContainer - 2530
[Tue May 23 14:13:00 UTC 2023][INFO] [Action] E ApplySemantics - (r,2515,2515),chapter_subtitle
[Tue May 23 14:13:02 UTC 2023][INFO] [Action] E ApplySemantics - (r,2689,2689),first_para
[Tue May 23 14:13:08 UTC 2023][INFO] [Action] E ItemChanged - -1,40823
[Tue May 23 14:13:09 UTC 2023][INFO] [Action] E DeleteContent - (c,40834,1),B
[Tue May 23 14:13:09 UTC 2023][INFO] [Action] E DeleteContent - (c,40832,1),B
[Tue May 23 14:13:10 UTC 2023][INFO] [Action] E SplitContainer - 40830
[Tue May 23 14:13:11 UTC 2023][INFO] [Action] E ApplySemantics - (r,40815,40815),chapter_subtitle
[Tue May 23 14:13:13 UTC 2023][INFO] [Action] E ApplySemantics - (r,40938,40938),chapter_subtitle
[Tue May 23 14:13:15 UTC 2023][INFO] [Action] E ApplySemantics - (r,40938,40938),first_para
[Tue May 23 14:13:19 UTC 2023][INFO] [Action] E ItemChanged - -1,76160
[Tue May 23 14:13:20 UTC 2023][INFO] [Action] E DeleteContent - (c,76171,1),B
[Tue May 23 14:13:20 UTC 2023][INFO] [Action] E DeleteContent - (c,76169,1),B
[Tue May 23 14:13:21 UTC 2023][INFO] [Action] E SplitContainer - 76167
[Tue May 23 14:13:22 UTC 2023][INFO] [Action] E ApplySemantics - (r,76158,76158),chapter_subtitle
[Tue May 23 14:13:24 UTC 2023][INFO] [Action] E ApplySemantics - (r,76207,76207),first_para
[Tue May 23 14:13:25 UTC 2023][INFO] [Action] E ItemChanged - -1,112051
[Tue May 23 14:13:27 UTC 2023][INFO] [Action] E DeleteContent - (c,112061,2),B
[Tue May 23 14:13:27 UTC 2023][INFO] [Action] E DeleteContent - (c,112060,1),B
[Tue May 23 14:13:28 UTC 2023][INFO] [Action] E SplitContainer - 112058
[Tue May 23 14:13:29 UTC 2023][INFO] [Action] E ApplySemantics - (r,112039,112039),chapter_subtitle
[Tue May 23 14:13:32 UTC 2023][INFO] [Action] E ApplySemantics - (r,112234,112234),first_para
[Tue May 23 14:13:33 UTC 2023][INFO] [Action] E ItemChanged - -1,152075
[Tue May 23 14:13:36 UTC 2023][INFO] [Action] E DeleteContent - (c,152085,2),B
[Tue May 23 14:13:36 UTC 2023][INFO] [Action] E DeleteContent - (c,152084,1),B
[Tue May 23 14:13:37 UTC 2023][INFO] [Action] E SplitContainer - 152082
[Tue May 23 14:13:38 UTC 2023][INFO] [Action] E ApplySemantics - (r,152070,152070),chapter_subtitle
[Tue May 23 14:13:41 UTC 2023][INFO] [Action] E ApplySemantics - (r,152066,152066),chapter_title
[Tue May 23 14:13:41 UTC 2023][INFO] [Action] EFail ApplySemantics - 4
[Tue May 23 14:13:43 UTC 2023][INFO] [Action] E ApplySemantics - (r,152181,152181),first_para
[Tue May 23 14:13:44 UTC 2023][INFO] [Action] E ItemChanged - -1,190356
[Tue May 23 14:13:46 UTC 2023][INFO] [Action] E DeleteContent - (c,190367,1),B
[Tue May 23 14:13:47 UTC 2023][INFO] [Action] E DeleteContent - (c,190365,1),B
[Tue May 23 14:13:47 UTC 2023][INFO] [Action] E SplitContainer - 190363
[Tue May 23 14:13:48 UTC 2023][INFO] [Action] E ApplySemantics - (r,190346,190346),chapter_subtitle
[Tue May 23 14:13:50 UTC 2023][INFO] [Action] E ApplySemantics - (r,190587,190587),first_para
[Tue May 23 14:13:52 UTC 2023][INFO] [Action] E ItemChanged - -1,232735
[Tue May 23 14:13:54 UTC 2023][INFO] [Action] E DeleteContent - (c,232746,1),B
[Tue May 23 14:13:54 UTC 2023][INFO] [Action] E DeleteContent - (c,232744,1),B
[Tue May 23 14:13:54 UTC 2023][INFO] [Action] E SplitContainer - 232742
[Tue May 23 14:13:56 UTC 2023][INFO] [Action] E ApplySemantics - (r,232724,232724),chapter_subtitle
[Tue May 23 14:13:58 UTC 2023][INFO] [Action] E ApplySemantics - (r,232840,232840),first_para
[Tue May 23 14:13:59 UTC 2023][INFO] [Action] E ItemChanged - -1,270322
[Tue May 23 14:14:01 UTC 2023][INFO] [Action] E DeleteContent - (c,270333,1),B
[Tue May 23 14:14:01 UTC 2023][INFO] [Action] E DeleteContent - (c,270331,1),B
[Tue May 23 14:14:02 UTC 2023][INFO] [Action] E SplitContainer - 270329
[Tue May 23 14:14:04 UTC 2023][INFO] [Action] E ApplySemantics - (r,270315,270315),chapter_subtitle
[Tue May 23 14:14:05 UTC 2023][INFO] [Action] E ApplySemantics - (r,270499,270499),first_para
[Tue May 23 14:14:07 UTC 2023][INFO] [Action] E ItemChanged - -1,310120
[Tue May 23 14:14:09 UTC 2023][INFO] [Action] E DeleteContent - (c,310131,1),B
[Tue May 23 14:14:09 UTC 2023][INFO] [Action] E DeleteContent - (c,310129,1),B
[Tue May 23 14:14:10 UTC 2023][INFO] [Action] E SplitContainer - 310127
[Tue May 23 14:14:11 UTC 2023][INFO] [Action] E ApplySemantics - (r,310115,310115),chapter_subtitle
[Tue May 23 14:14:13 UTC 2023][INFO] [Action] E ApplySemantics - (r,310351,310351),first_para
[Tue May 23 14:14:14 UTC 2023][INFO] [Action] E ItemChanged - -1,348747
[Tue May 23 14:14:16 UTC 2023][INFO] [Action] E DeleteContent - (c,348759,1),B
[Tue May 23 14:14:16 UTC 2023][INFO] [Action] E DeleteContent - (c,348757,1),B
[Tue May 23 14:14:16 UTC 2023][INFO] [Action] E SplitContainer - 348755
[Tue May 23 14:14:18 UTC 2023][INFO] [Action] E ApplySemantics - (r,348737,348737),chapter_subtitle
[Tue May 23 14:14:20 UTC 2023][INFO] [Action] E ApplySemantics - (r,348844,348844),first_para
[Tue May 23 14:14:21 UTC 2023][INFO] [Action] E ItemChanged - -1,389822
[Tue May 23 14:14:24 UTC 2023][INFO] [Action] E DeleteContent - (c,389833,2),B
[Tue May 23 14:14:24 UTC 2023][INFO] [Action] E DeleteContent - (c,389832,1),B
[Tue May 23 14:14:24 UTC 2023][INFO] [Action] E SplitContainer - 389830
[Tue May 23 14:14:26 UTC 2023][INFO] [Action] E ApplySemantics - (r,389817,389817),chapter_subtitle
[Tue May 23 14:14:28 UTC 2023][INFO] [Action] E ApplySemantics - (r,389864,389864),first_para
[Tue May 23 14:14:29 UTC 2023][INFO] [Action] E ItemChanged - -1,422220
[Tue May 23 14:14:31 UTC 2023][INFO] [Action] E DeleteContent - (c,422232,1),B
[Tue May 23 14:14:31 UTC 2023][INFO] [Action] E DeleteContent - (c,422230,1),B
[Tue May 23 14:14:32 UTC 2023][INFO] [Action] E SplitContainer - 422228
[Tue May 23 14:14:33 UTC 2023][INFO] [Action] E ApplySemantics - (r,422210,422210),chapter_subtitle
[Tue May 23 14:14:35 UTC 2023][INFO] [Action] E ApplySemantics - (r,422453,422453),first_para
[Tue May 23 14:14:36 UTC 2023][INFO] [Action] E ItemChanged - -1,460524
[Tue May 23 14:14:38 UTC 2023][INFO] [Action] E DeleteContent - (c,460536,1),B
[Tue May 23 14:14:38 UTC 2023][INFO] [Action] E DeleteContent - (c,460534,1),B
[Tue May 23 14:14:38 UTC 2023][INFO] [Action] E SplitContainer - 460532
[Tue May 23 14:14:40 UTC 2023][INFO] [Action] E ApplySemantics - (r,460512,460512),chapter_subtitle
[Tue May 23 14:14:41 UTC 2023][INFO] [Action] E ApplySemantics - (r,460754,460754),first_para
[Tue May 23 14:14:42 UTC 2023][INFO] [Action] E ItemChanged - -1,497835
[Tue May 23 14:14:44 UTC 2023][INFO] [Action] E DeleteContent - (c,497847,1),B
[Tue May 23 14:14:45 UTC 2023][INFO] [Action] E DeleteContent - (c,497845,1),B
[Tue May 23 14:14:45 UTC 2023][INFO] [Action] E SplitContainer - 497843
[Tue May 23 14:14:46 UTC 2023][INFO] [Action] E ApplySemantics - (r,497816,497816),chapter_subtitle
[Tue May 23 14:14:48 UTC 2023][INFO] [Action] E ApplySemantics - (r,498002,498002),first_para
[Tue May 23 14:14:49 UTC 2023][INFO] [Action] E ItemChanged - -1,549376
[Tue May 23 14:14:52 UTC 2023][INFO] [Action] E DeleteContent - (c,549387,2),B
[Tue May 23 14:14:52 UTC 2023][INFO] [Action] E DeleteContent - (c,549386,1),B
[Tue May 23 14:14:52 UTC 2023][INFO] [Action] E SplitContainer - 549384
[Tue May 23 14:14:54 UTC 2023][INFO] [Action] E ApplySemantics - (r,549373,549373),chapter_subtitle
[Tue May 23 14:14:55 UTC 2023][INFO] [Action] E ApplySemantics - (r,549539,549539),first_para
[Tue May 23 14:14:57 UTC 2023][INFO] [Action] E ItemChanged - -1,588006
[Tue May 23 14:14:59 UTC 2023][INFO] [Action] E DeleteContent - (c,588018,1),B
[Tue May 23 14:14:59 UTC 2023][INFO] [Action] E DeleteContent - (c,588016,1),B
[Tue May 23 14:14:59 UTC 2023][INFO] [Action] E SplitContainer - 588014
[Tue May 23 14:15:01 UTC 2023][INFO] [Action] E ApplySemantics - (r,587992,587992),chapter_subtitle
[Tue May 23 14:15:03 UTC 2023][INFO] [Action] E ApplySemantics - (r,588119,588119),first_para
[Tue May 23 14:15:05 UTC 2023][INFO] [Action] E ItemChanged - -1,628660
[Tue May 23 14:15:07 UTC 2023][INFO] [Action] E DeleteContent - (c,628670,2),B
[Tue May 23 14:15:08 UTC 2023][INFO] [Action] E DeleteContent - (c,628669,2),B
[Tue May 23 14:15:09 UTC 2023][INFO] [Action] E SplitContainer - 628668
[Tue May 23 14:15:10 UTC 2023][INFO] [Action] E ApplySemantics - (r,628653,628653),chapter_subtitle
[Tue May 23 14:15:12 UTC 2023][INFO] [Action] E ApplySemantics - (r,628816,628816),first_para
[Tue May 23 14:15:13 UTC 2023][INFO] [Action] E ItemChanged - -1,628643
[Tue May 23 14:15:16 UTC 2023][INFO] [Action] E ItemChanged - -1,663322
[Tue May 23 14:15:16 UTC 2023][INFO] [Action] E ItemChanged - -1,628643
[Tue May 23 14:15:18 UTC 2023][INFO] [Action] E ItemChanged - -1,663322
[Tue May 23 14:15:19 UTC 2023][INFO] [Action] E ItemChanged - -1,549322
[Tue May 23 14:15:19 UTC 2023][INFO] [Action] E ItemChanged - -1,309946
[Tue May 23 14:15:20 UTC 2023][INFO] [Action] E ItemChanged - -1,111787
[Tue May 23 14:15:21 UTC 2023][INFO] [Action] E ItemChanged - -1,2214
[Tue May 23 14:15:21 UTC 2023][INFO] [Action] E ItemChanged - -1,301
[Tue May 23 14:15:22 UTC 2023][INFO] [Action] E ItemChanged - -1,89
[Tue May 23 14:15:23 UTC 2023][INFO] [Action] E ItemChanged - -1,1
[Tue May 23 14:15:24 UTC 2023][INFO] [Action] E ItemChanged - -1,301
[Tue May 23 14:15:25 UTC 2023][INFO] [Action] E ItemChanged - -1,2214
[Tue May 23 14:15:34 UTC 2023][INFO] [Action] E InsertSeparator - (r,7481,7483)
[Tue May 23 14:15:39 UTC 2023][INFO] [Action] E InsertSeparator - (r,658894,658896)
[Tue May 23 14:15:49 UTC 2023][INFO] [Action] E InsertSeparator - (r,653715,653717)
[Tue May 23 14:15:58 UTC 2023][INFO] [Action] E InsertSeparator - (r,12053,12055)
[Tue May 23 14:16:01 UTC 2023][INFO] [Action] E InsertSeparator - (r,649506,649508)
[Tue May 23 14:16:04 UTC 2023][INFO] [Action] E InsertSeparator - (r,645704,645706)
[Tue May 23 14:16:08 UTC 2023][INFO] [Action] E ItemChanged - -1,2214
[Tue May 23 14:16:14 UTC 2023][INFO] [Action] E InsertSeparator - (r,17396,17398)
[Tue May 23 14:16:17 UTC 2023][INFO] [Action] E InsertSeparator - (r,22165,22167)
[Tue May 23 14:16:20 UTC 2023][INFO] [Action] E InsertSeparator - (r,26249,26251)
[Tue May 23 14:16:22 UTC 2023][INFO] [Action] E InsertSeparator - (r,31393,31395)
[Tue May 23 14:16:25 UTC 2023][INFO] [Action] E InsertSeparator - (r,36088,36090)
[Tue May 23 14:16:27 UTC 2023][INFO] [Action] E InsertSeparator - (r,46266,46268)
[Tue May 23 14:16:30 UTC 2023][INFO] [Action] E InsertSeparator - (r,49961,49963)
[Tue May 23 14:16:32 UTC 2023][INFO] [Action] E InsertSeparator - (r,54147,54149)
[Tue May 23 14:16:35 UTC 2023][INFO] [Action] E InsertSeparator - (r,57485,57487)
[Tue May 23 14:16:38 UTC 2023][INFO] [Action] E InsertSeparator - (r,62167,62169)
[Tue May 23 14:16:40 UTC 2023][INFO] [Action] E InsertSeparator - (r,66717,66719)
[Tue May 23 14:16:43 UTC 2023][INFO] [Action] E InsertSeparator - (r,71456,71458)
[Tue May 23 14:16:45 UTC 2023][INFO] [Action] E InsertSeparator - (r,81018,81020)
[Tue May 23 14:16:48 UTC 2023][INFO] [Action] E InsertSeparator - (r,86008,86010)
[Tue May 23 14:16:50 UTC 2023][INFO] [Action] E InsertSeparator - (r,90228,90230)
[Tue May 23 14:16:52 UTC 2023][INFO] [Action] E InsertSeparator - (r,94514,94516)
[Tue May 23 14:16:55 UTC 2023][INFO] [Action] E InsertSeparator - (r,98101,98103)
[Tue May 23 14:16:57 UTC 2023][INFO] [Action] E InsertSeparator - (r,102388,102390)
[Tue May 23 14:16:59 UTC 2023][INFO] [Action] E InsertSeparator - (r,107949,107951)
[Tue May 23 14:17:02 UTC 2023][INFO] [Action] E InsertSeparator - (r,115903,115905)
[Tue May 23 14:17:03 UTC 2023][INFO] [Action] E InsertSeparator - (r,121466,121468)
[Tue May 23 14:17:06 UTC 2023][INFO] [Action] E InsertSeparator - (r,125930,125932)
[Tue May 23 14:17:08 UTC 2023][INFO] [Action] E InsertSeparator - (r,130620,130622)
[Tue May 23 14:17:12 UTC 2023][INFO] [Action] E InsertSeparator - (r,135473,135475)
[Tue May 23 14:17:16 UTC 2023][INFO] [Action] E InsertSeparator - (r,139812,139814)
[Tue May 23 14:17:19 UTC 2023][INFO] [Action] E InsertSeparator - (r,143835,143837)
[Tue May 23 14:17:22 UTC 2023][INFO] [Action] E InsertSeparator - (r,147605,147607)
[Tue May 23 14:17:36 UTC 2023][INFO] [Action] E SaveBook - Save
[Tue May 23 14:17:45 UTC 2023][INFO] [Action] EFail SaveBook - 4
[Tue May 23 14:17:52 UTC 2023][INFO] [Action] E ItemChanged - -1,2214
[Tue May 23 14:18:08 UTC 2023][INFO] [Action] E InsertSeparator - (r,155902,155904)
[Tue May 23 14:18:13 UTC 2023][INFO] [Action] E InsertSeparator - (r,159491,159493)
[Tue May 23 14:18:15 UTC 2023][INFO] [Action] E InsertSeparator - (r,164055,164057)
[Tue May 23 14:18:17 UTC 2023][INFO] [Action] E InsertSeparator - (r,167699,167701)
[Tue May 23 14:18:20 UTC 2023][INFO] [Action] E InsertSeparator - (r,171874,171876)
[Tue May 23 14:18:22 UTC 2023][INFO] [Action] E InsertSeparator - (r,176182,176184)
[Tue May 23 14:18:24 UTC 2023][INFO] [Action] E InsertSeparator - (r,181512,181514)
[Tue May 23 14:18:27 UTC 2023][INFO] [Action] E InsertSeparator - (r,185663,185665)
[Tue May 23 14:18:29 UTC 2023][INFO] [Action] E InsertSeparator - (r,194221,194223)
[Tue May 23 14:18:31 UTC 2023][INFO] [Action] E InsertSeparator - (r,199061,199063)
[Tue May 23 14:18:33 UTC 2023][INFO] [Action] E InsertSeparator - (r,203123,203125)
[Tue May 23 14:18:36 UTC 2023][INFO] [Action] E InsertSeparator - (r,207280,207282)
[Tue May 23 14:18:39 UTC 2023][INFO] [Action] E InsertSeparator - (r,211845,211847)
[Tue May 23 14:18:42 UTC 2023][INFO] [Action] E InsertSeparator - (r,217258,217260)
[Tue May 23 14:18:53 UTC 2023][INFO] [Action] E InsertSeparator - (r,642031,642033)
[Tue May 23 14:18:58 UTC 2023][INFO] [Action] E InsertSeparator - (r,220868,220870)
[Tue May 23 14:19:01 UTC 2023][INFO] [Action] E InsertSeparator - (r,225646,225648)
[Tue May 23 14:19:04 UTC 2023][INFO] [Action] E InsertSeparator - (r,229213,229215)
[Tue May 23 14:19:07 UTC 2023][INFO] [Action] E InsertSeparator - (r,236147,236149)
[Tue May 23 14:19:10 UTC 2023][INFO] [Action] E InsertSeparator - (r,240593,240595)
[Tue May 23 14:19:13 UTC 2023][INFO] [Action] E InsertSeparator - (r,245118,245120)
[Tue May 23 14:19:21 UTC 2023][INFO] [Action] E InsertSeparator - (r,637595,637597)
[Tue May 23 14:19:24 UTC 2023][INFO] [Action] E InsertSeparator - (r,249369,249371)
[Tue May 23 14:19:27 UTC 2023][INFO] [Action] E InsertSeparator - (r,254456,254458)
[Tue May 23 14:19:30 UTC 2023][INFO] [Action] E InsertSeparator - (r,259370,259372)
[Tue May 23 14:19:32 UTC 2023][INFO] [Action] E InsertSeparator - (r,264830,264832)
[Tue May 23 14:19:36 UTC 2023][INFO] [Action] E InsertSeparator - (r,275028,275030)
[Tue May 23 14:19:40 UTC 2023][INFO] [Action] E InsertSeparator - (r,278763,278765)
[Tue May 23 14:19:43 UTC 2023][INFO] [Action] E InsertSeparator - (r,282107,282109)
[Tue May 23 14:19:46 UTC 2023][INFO] [Action] E InsertSeparator - (r,286275,286277)
[Tue May 23 14:19:48 UTC 2023][INFO] [Action] E InsertSeparator - (r,290328,290330)
[Tue May 23 14:19:51 UTC 2023][INFO] [Action] E InsertSeparator - (r,295453,295455)
[Tue May 23 14:19:53 UTC 2023][INFO] [Action] E InsertSeparator - (r,300620,300622)
[Tue May 23 14:20:04 UTC 2023][INFO] [Action] E InsertSeparator - (r,632472,632474)
[Tue May 23 14:20:08 UTC 2023][INFO] [Action] E InsertSeparator - (r,305678,305680)
[Tue May 23 14:20:11 UTC 2023][INFO] [Action] E InsertSeparator - (r,314563,314565)
[Tue May 23 14:20:14 UTC 2023][INFO] [Action] E InsertSeparator - (r,320132,320134)
[Tue May 23 14:20:17 UTC 2023][INFO] [Action] E InsertSeparator - (r,323756,323758)
[Tue May 23 14:20:20 UTC 2023][INFO] [Action] E InsertSeparator - (r,327696,327698)
[Tue May 23 14:20:22 UTC 2023][INFO] [Action] E InsertSeparator - (r,332602,332604)
[Tue May 23 14:21:18 UTC 2023][INFO] [Action] E ApplySemantics - (r,307306,307425),poem
[Tue May 23 14:21:20 UTC 2023][INFO] [Action] U ApplySemantics
[Tue May 23 14:21:25 UTC 2023][INFO] [Action] E ApplySemantics - (r,307306,307425),block_quote
[Tue May 23 14:21:26 UTC 2023][INFO] [Action] U ApplySemantics
[Tue May 23 14:21:31 UTC 2023][INFO] [Action] E MergeContainer - 307326,1
[Tue May 23 14:21:32 UTC 2023][INFO] [Action] E InsertTextContent - (c,307325,2),[SPACE]
[Tue May 23 14:21:34 UTC 2023][INFO] [Action] E MergeContainer - 307418,1
[Tue May 23 14:21:34 UTC 2023][INFO] [Action] E InsertTextContent - (c,307417,2),[SPACE]
[Tue May 23 14:21:35 UTC 2023][INFO] [Action] E DeleteContent - (c,307418,2),B
[Tue May 23 14:21:36 UTC 2023][INFO] [Action] E DeleteContent - (c,307418,1),B
[Tue May 23 14:21:37 UTC 2023][INFO] [Action] U DeleteContent
[Tue May 23 14:21:37 UTC 2023][INFO] [Action] U DeleteContent
[Tue May 23 14:21:39 UTC 2023][INFO] [Action] E ApplySemantics - (r,307418,307418),poem
[Tue May 23 14:21:41 UTC 2023][INFO] [Action] E ApplySemantics - (r,307418,307418),block_quote
[Tue May 23 14:21:43 UTC 2023][INFO] [Action] E DeleteContent - (c,307327,1),B
[Tue May 23 14:21:43 UTC 2023][INFO] [Action] E SplitContainer - 307326
[Tue May 23 14:21:45 UTC 2023][INFO] [Action] E MergeContainer - 307326,1
[Tue May 23 14:21:47 UTC 2023][INFO] [Action] E SplitContainer - 307326
[Tue May 23 14:21:50 UTC 2023][INFO] [Action] E DeleteContent - (c,307381,1),B
[Tue May 23 14:21:54 UTC 2023][INFO] [Action] E DeleteContent - (c,307380,1),B
[Tue May 23 14:21:55 UTC 2023][INFO] [Action] E InsertTextContent - (c,307379,1),[.]
[Tue May 23 14:21:56 UTC 2023][INFO] [Action] U InsertTextContent
[Tue May 23 14:21:56 UTC 2023][INFO] [Action] U DeleteContent
[Tue May 23 14:21:56 UTC 2023][INFO] [Action] U DeleteContent
[Tue May 23 14:21:58 UTC 2023][INFO] [Action] E DeleteContent - (c,307418,1),B
[Tue May 23 14:22:00 UTC 2023][INFO] [Action] U DeleteContent
[Tue May 23 14:22:00 UTC 2023][INFO] [Action] U SplitContainer
[Tue May 23 14:22:00 UTC 2023][INFO] [Action] U MergeContainer
[Tue May 23 14:22:01 UTC 2023][INFO] [Action] U SplitContainer
[Tue May 23 14:22:01 UTC 2023][INFO] [Action] U DeleteContent
[Tue May 23 14:22:02 UTC 2023][INFO] [Action] U ApplySemantics
[Tue May 23 14:22:02 UTC 2023][INFO] [Action] U ApplySemantics
[Tue May 23 14:22:03 UTC 2023][INFO] [Action] U InsertTextContent
[Tue May 23 14:22:03 UTC 2023][INFO] [Action] U MergeContainer
[Tue May 23 14:22:04 UTC 2023][INFO] [Action] U InsertTextContent
[Tue May 23 14:22:04 UTC 2023][INFO] [Action] U MergeContainer
[Tue May 23 14:22:04 UTC 2023][INFO] [Action] U InsertSeparator
[Tue May 23 14:22:12 UTC 2023][INFO] [Action] E ApplySemantics - (r,307312,307312),block_quote
[Tue May 23 14:22:14 UTC 2023][INFO] [Action] E ApplySemantics - (r,307338,307338),block_quote
[Tue May 23 14:22:18 UTC 2023][INFO] [Action] E ApplySemantics - (r,307418,307418),book_epigraph_attribution
[Tue May 23 14:22:43 UTC 2023][INFO] [Action] E InsertSeparator - (r,332602,332604)
[Tue May 23 14:22:45 UTC 2023][INFO] [Action] E InsertSeparator - (r,336806,336808)
[Tue May 23 14:22:49 UTC 2023][INFO] [Action] E InsertSeparator - (r,341248,341250)
[Tue May 23 14:22:51 UTC 2023][INFO] [Action] E InsertSeparator - (r,344876,344878)
[Tue May 23 14:22:53 UTC 2023][INFO] [Action] E InsertSeparator - (r,352874,352876)
[Tue May 23 14:22:56 UTC 2023][INFO] [Action] E InsertSeparator - (r,356749,356751)
[Tue May 23 14:22:58 UTC 2023][INFO] [Action] E InsertSeparator - (r,360639,360641)
[Tue May 23 14:23:00 UTC 2023][INFO] [Action] E InsertSeparator - (r,365336,365338)
[Tue May 23 14:23:03 UTC 2023][INFO] [Action] E InsertSeparator - (r,370121,370123)
[Tue May 23 14:23:05 UTC 2023][INFO] [Action] E InsertSeparator - (r,375046,375048)
[Tue May 23 14:23:07 UTC 2023][INFO] [Action] E InsertSeparator - (r,380392,380394)
[Tue May 23 14:23:10 UTC 2023][INFO] [Action] E SaveBook - Save
[Tue May 23 14:23:23 UTC 2023][INFO] [Action] E PreviewBook - 379919
[Tue May 23 14:24:16 UTC 2023][INFO] [Action] E InsertSeparator - (r,384361,384363)
[Tue May 23 14:24:19 UTC 2023][INFO] [Action] E InsertSeparator - (r,394056,394058)
[Tue May 23 14:24:21 UTC 2023][INFO] [Action] E InsertSeparator - (r,398138,398140)
[Tue May 23 14:24:23 UTC 2023][INFO] [Action] E InsertSeparator - (r,403030,403032)
[Tue May 23 14:24:26 UTC 2023][INFO] [Action] E InsertSeparator - (r,407785,407787)
[Tue May 23 14:24:28 UTC 2023][INFO] [Action] E InsertSeparator - (r,412570,412572)
[Tue May 23 14:24:30 UTC 2023][INFO] [Action] E InsertSeparator - (r,417257,417259)
[Tue May 23 14:24:32 UTC 2023][INFO] [Action] E InsertSeparator - (r,426471,426473)
[Tue May 23 14:24:35 UTC 2023][INFO] [Action] E InsertSeparator - (r,429967,429969)
[Tue May 23 14:24:37 UTC 2023][INFO] [Action] E InsertSeparator - (r,433738,433740)
[Tue May 23 14:24:39 UTC 2023][INFO] [Action] E InsertSeparator - (r,437378,437380)
[Tue May 23 14:24:41 UTC 2023][INFO] [Action] E InsertSeparator - (r,442378,442380)
[Tue May 23 14:24:43 UTC 2023][INFO] [Action] E InsertSeparator - (r,447039,447041)
[Tue May 23 14:24:45 UTC 2023][INFO] [Action] E InsertSeparator - (r,451003,451005)
[Tue May 23 14:24:47 UTC 2023][INFO] [Action] E InsertSeparator - (r,455381,455383)
[Tue May 23 14:24:50 UTC 2023][INFO] [Action] E InsertSeparator - (r,464654,464656)
[Tue May 23 14:24:52 UTC 2023][INFO] [Action] E InsertSeparator - (r,469609,469611)
[Tue May 23 14:24:54 UTC 2023][INFO] [Action] E InsertSeparator - (r,473481,473483)
[Tue May 23 14:24:57 UTC 2023][INFO] [Action] E InsertSeparator - (r,478168,478170)
[Tue May 23 14:25:00 UTC 2023][INFO] [Action] E InsertSeparator - (r,481768,481770)
[Tue May 23 14:25:02 UTC 2023][INFO] [Action] E InsertSeparator - (r,485949,485951)
[Tue May 23 14:25:05 UTC 2023][INFO] [Action] E InsertSeparator - (r,489836,489838)
[Tue May 23 14:25:07 UTC 2023][INFO] [Action] E InsertSeparator - (r,493050,493052)
[Tue May 23 14:25:10 UTC 2023][INFO] [Action] E InsertSeparator - (r,502423,502425)
[Tue May 23 14:25:13 UTC 2023][INFO] [Action] E InsertSeparator - (r,507067,507069)
[Tue May 23 14:25:16 UTC 2023][INFO] [Action] E InsertSeparator - (r,512442,512444)
[Tue May 23 14:25:18 UTC 2023][INFO] [Action] E InsertSeparator - (r,516282,516284)
[Tue May 23 14:25:20 UTC 2023][INFO] [Action] E InsertSeparator - (r,521201,521203)
[Tue May 23 14:25:23 UTC 2023][INFO] [Action] E InsertSeparator - (r,524760,524762)
[Tue May 23 14:25:25 UTC 2023][INFO] [Action] E InsertSeparator - (r,529360,529362)
[Tue May 23 14:25:28 UTC 2023][INFO] [Action] E InsertSeparator - (r,533816,533818)
[Tue May 23 14:25:30 UTC 2023][INFO] [Action] E InsertSeparator - (r,538611,538613)
[Tue May 23 14:25:32 UTC 2023][INFO] [Action] E InsertSeparator - (r,544485,544487)
[Tue May 23 14:25:35 UTC 2023][INFO] [Action] E InsertSeparator - (r,553838,553840)
[Tue May 23 14:25:38 UTC 2023][INFO] [Action] E InsertSeparator - (r,557829,557831)
[Tue May 23 14:25:40 UTC 2023][INFO] [Action] E InsertSeparator - (r,561983,561985)
[Tue May 23 14:25:42 UTC 2023][INFO] [Action] E InsertSeparator - (r,566330,566332)
[Tue May 23 14:25:45 UTC 2023][INFO] [Action] E InsertSeparator - (r,570083,570085)
[Tue May 23 14:25:47 UTC 2023][INFO] [Action] E InsertSeparator - (r,574520,574522)
[Tue May 23 14:25:49 UTC 2023][INFO] [Action] E InsertSeparator - (r,579448,579450)
[Tue May 23 14:25:52 UTC 2023][INFO] [Action] E InsertSeparator - (r,583418,583420)
[Tue May 23 14:25:54 UTC 2023][INFO] [Action] E InsertSeparator - (r,592239,592241)
[Tue May 23 14:25:57 UTC 2023][INFO] [Action] E InsertSeparator - (r,596505,596507)
[Tue May 23 14:25:59 UTC 2023][INFO] [Action] E InsertSeparator - (r,601216,601218)
[Tue May 23 14:26:02 UTC 2023][INFO] [Action] E InsertSeparator - (r,604997,604999)
[Tue May 23 14:26:04 UTC 2023][INFO] [Action] E InsertSeparator - (r,609790,609792)
[Tue May 23 14:26:06 UTC 2023][INFO] [Action] E InsertSeparator - (r,615107,615109)
[Tue May 23 14:26:09 UTC 2023][INFO] [Action] E InsertSeparator - (r,619297,619299)
[Tue May 23 14:26:11 UTC 2023][INFO] [Action] E InsertSeparator - (r,623658,623660)
[Tue May 23 14:26:16 UTC 2023][INFO] [Action] E SaveBook - Save
[Tue May 23 14:26:17 UTC 2023][INFO] [Action] E PreviewBook - 622265
[Tue May 23 14:26:44 UTC 2023][INFO] [Action] E SaveBook - Save
[Tue May 23 14:26:44 UTC 2023][INFO] Logger Terminated
[Tue May 23 14:28:11 UTC 2023][INFO] [Action] EE OpenBook - horizon_KC1.kcb
[Tue May 23 14:28:13 UTC 2023][INFO] [Action] E ItemChanged - -1,1
[Tue May 23 14:28:25 UTC 2023][INFO] [Action] E FixedFormAction - MSwwLFBST1AtTElTVDp7ImNvbXBvbmVudHMiOlt7Im5hbWUiOiJib29rX3RpdGxlIiwidHlwZSI6InRleHQiLCJ2YWx1ZSI6IlN0YXItQ3Jvc3NlZDogRWNob2VzIG9mIHRoZSBIb3Jpem9uIn0seyJuYW1lIjoiYm9va19zdWJ0aXRsZSIsInR5cGUiOiJ0ZXh0IiwidmFsdWUiOiJBIERhbmNlIG9mIFN0YXJzIGFuZCBTaGFkb3dzIn0seyJuYW1lIjoiYXV0aG9yX25hbWUiLCJ0eXBlIjoidGV4dCIsInZhbHVlIjoiQS5JLiBTY3JpYmUifSx7Im5hbWUiOiJhZGRpdGlvbmFsX2NvbnRyaWJ1dG9yIiwidHlwZSI6InRleHQiLCJ2YWx1ZSI6IkouTC4gSHV0Y2hlbnMifSx7Im5hbWUiOiJwdWJsaXNoZXIiLCJ0eXBlIjoidGV4dCIsInZhbHVlIjoiS3JhbnpreSBQcmVzcyJ9LHsibmFtZSI6InB1Ymxpc2hlcl9sb2dvIiwidHlwZSI6ImltYWdlIiwidmFsdWUiOiIifV0sInBhZ2VfdHlwZSI6InRpdGxlX3BhZ2UifQo=
[Tue May 23 14:28:28 UTC 2023][INFO] [Action] E ItemChanged - -1,663345
[Tue May 23 14:28:31 UTC 2023][INFO] [Action] E ItemChanged - -1,668051
[Tue May 23 14:28:32 UTC 2023][INFO] [Action] E DeleteContent - (c,668080,2),B
[Tue May 23 14:28:32 UTC 2023][INFO] [Action] EFail DeleteContent - 4
[Tue May 23 14:28:33 UTC 2023][INFO] [Action] E DeleteContent - (c,668070,2),B
[Tue May 23 14:28:33 UTC 2023][INFO] [Action] EFail DeleteContent - 4
[Tue May 23 14:28:33 UTC 2023][INFO] [Action] E DeleteContent - (c,668070,2),B
[Tue May 23 14:28:33 UTC 2023][INFO] [Action] EFail DeleteContent - 4
[Tue May 23 14:28:38 UTC 2023][INFO] [Action] E FixedFormAction - MSwyMSxQUk9QLUxJU1Q6eyJjb21wb25lbnRzIjpbeyJuYW1lIjoiYXV0aG9yX25hbWUiLCJ0eXBlIjoidGV4dCIsInZhbHVlIjoiQS5JLiBTY3JpYmUifSx7Im5hbWUiOiJkZXNjcmlwdGlvbiIsInR5cGUiOiJ0ZXh0IiwidmFsdWUiOiJUaGlzIG5vdmVsIHdhcyBmdWxseSBnZW5lcmF0ZWQgYnkgYW4gQUkgcHJvZ3JhbS4gRnJvbSB0aGUgdGl0bGUgdG8gdGhlIGdlbnJlLCB0aGUgY2hhcmFjdGVyIG5hbWVzIGFuZCBwbG90LCB0aHJvdWdoIHRvIGV2ZXJ5IHNpbmdsZSB3b3JkIHdyaXR0ZW4sIGFwYXJ0IGZyb20gdGhpcyBmaW5hbCBwYWdlLiBJdCB0b29rIGEgc2luZ2xlIGRheSB0byBnZW5lcmF0ZSBhIG5vdmVsIG92ZXIgMTEwLDAwMCB3b3JkcyBsb25nLiJ9LHsiaW1hZ2VfY29tcG9uZW50cyI6W3sibmFtZSI6ImltYWdlX3NpemUiLCJ0eXBlIjoiaW1hZ2VfcHJvcCIsInZhbHVlIjoic21hbGwifSx7Im5hbWUiOiJpbWFnZV9wb3MiLCJ0eXBlIjoiaW1hZ2VfcHJvcCIsInZhbHVlIjoicmlnaHQifV0sIm5hbWUiOiJhdXRob3JfaW1hZ2UiLCJ0eXBlIjoiaW1hZ2UiLCJ2YWx1ZSI6IiJ9XSwicGFnZV90eXBlIjoiYWJvdXRfdGhlX2F1dGhvcl9wYWdlIn0K
[Tue May 23 14:28:41 UTC 2023][INFO] [Action] E SaveBook - Save
[Tue May 23 14:28:42 UTC 2023][INFO] [Action] E PreviewBook - 668041
[Tue May 23 14:29:00 UTC 2023][INFO] [Action] E SaveBook - SaveforExport
[Tue May 23 14:29:13 UTC 2023][INFO] [Action] EE ExportAction
[Tue May 23 14:29:16 UTC 2023][INFO] [Action] E SaveBook - Save
[Tue May 23 14:29:16 UTC 2023][INFO] Logger Terminated
