[Sun May 21 13:45:39 UTC 2023][INFO] [Action] EE NewBook
[Sun May 21 13:46:46 UTC 2023][INFO] [Action] E AutoChapterGroupAction - 0
[Sun May 21 13:46:50 UTC 2023][INFO] [Action] E RevertApplyAutoChapterAction - (r,1,1)
[Sun May 21 13:46:51 UTC 2023][INFO] [Action] E RevertApplyAutoChapterAction - (r,37,37)
[Sun May 21 13:46:54 UTC 2023][INFO] [Action] E RevertApplyAutoChapterAction - (r,667536,667536)
[Sun May 21 13:46:54 UTC 2023][INFO] [Action] E RevertApplyAutoChapterAction - (r,662828,662828)
[Sun May 21 13:47:09 UTC 2023][INFO] [Action] E DeleteContent - (c,667540,2),B
[Sun May 21 13:47:10 UTC 2023][INFO] [Action] E DeleteContent - (c,667539,2),B
[Sun May 21 13:47:10 UTC 2023][INFO] [Action] E DeleteContent - (c,667538,2),B
[Sun May 21 13:47:10 UTC 2023][INFO] [Action] E DeleteContent - (c,667537,2),B
[Sun May 21 13:47:11 UTC 2023][INFO] [Action] E DeleteContent - (c,667536,2),B
[Sun May 21 13:47:11 UTC 2023][INFO] [Action] E DeleteContent - (c,667535,2),B
[Sun May 21 13:47:11 UTC 2023][INFO] [Action] E DeleteContent - (c,667534,2),B
[Sun May 21 13:47:11 UTC 2023][INFO] [Action] E DeleteContent - (c,667533,2),B
[Sun May 21 13:47:13 UTC 2023][INFO] [Action] U DeleteContent
[Sun May 21 13:47:13 UTC 2023][INFO] [Action] U DeleteContent
[Sun May 21 13:47:13 UTC 2023][INFO] [Action] U DeleteContent
[Sun May 21 13:47:13 UTC 2023][INFO] [Action] U DeleteContent
[Sun May 21 13:47:13 UTC 2023][INFO] [Action] U DeleteContent
[Sun May 21 13:47:13 UTC 2023][INFO] [Action] U DeleteContent
[Sun May 21 13:47:13 UTC 2023][INFO] [Action] U DeleteContent
[Sun May 21 13:47:13 UTC 2023][INFO] [Action] U DeleteContent
[Sun May 21 13:47:15 UTC 2023][INFO] [Action] E DeleteContent - (c,667540,2),B
[Sun May 21 13:47:15 UTC 2023][INFO] [Action] E DeleteContent - (c,667539,2),B
[Sun May 21 13:47:15 UTC 2023][INFO] [Action] E DeleteContent - (c,667538,2),B
[Sun May 21 13:47:15 UTC 2023][INFO] [Action] E DeleteContent - (c,667537,2),B
[Sun May 21 13:47:15 UTC 2023][INFO] [Action] E DeleteContent - (c,667536,2),B
[Sun May 21 13:47:16 UTC 2023][INFO] [Action] E DeleteContent - (c,667535,2),B
[Sun May 21 13:47:16 UTC 2023][INFO] [Action] E DeleteContent - (c,667534,2),B
[Sun May 21 13:47:19 UTC 2023][INFO] [Action] E ItemChanged - -1,1
[Sun May 21 13:47:23 UTC 2023][INFO] [Action] E DeleteContent - (c,51,2),B
[Sun May 21 13:47:25 UTC 2023][INFO] [Action] E InsertTextContent - (c,50,2),[s]
[Sun May 21 13:47:27 UTC 2023][INFO] [Action] E DeleteContent - (c,35,2),B
[Sun May 21 13:47:28 UTC 2023][INFO] [Action] E DeleteContent - (c,34,2),B
[Sun May 21 13:47:28 UTC 2023][INFO] [Action] E DeleteContent - (c,33,2),B
[Sun May 21 13:47:28 UTC 2023][INFO] [Action] E DeleteContent - (c,32,2),B
[Sun May 21 13:47:28 UTC 2023][INFO] [Action] E DeleteContent - (c,31,2),B
[Sun May 21 13:47:28 UTC 2023][INFO] [Action] E DeleteContent - (c,30,2),B
[Sun May 21 13:47:28 UTC 2023][INFO] [Action] E DeleteContent - (c,29,2),B
[Sun May 21 13:47:29 UTC 2023][INFO] [Action] E DeleteContent - (c,28,2),B
[Sun May 21 13:47:29 UTC 2023][INFO] [Action] E DeleteContent - (c,27,2),B
[Sun May 21 13:47:29 UTC 2023][INFO] [Action] E DeleteContent - (c,26,2),B
[Sun May 21 13:47:29 UTC 2023][INFO] [Action] E DeleteContent - (c,25,2),B
[Sun May 21 13:47:30 UTC 2023][INFO] [Action] E DeleteContent - (c,24,2),B
[Sun May 21 13:47:30 UTC 2023][INFO] [Action] E DeleteContent - (c,23,2),B
[Sun May 21 13:47:30 UTC 2023][INFO] [Action] E DeleteContent - (c,22,2),B
[Sun May 21 13:47:30 UTC 2023][INFO] [Action] E DeleteContent - (c,21,2),B
[Sun May 21 13:47:30 UTC 2023][INFO] [Action] E DeleteContent - (c,20,2),B
[Sun May 21 13:47:31 UTC 2023][INFO] [Action] E DeleteContent - (c,19,2),B
[Sun May 21 13:47:31 UTC 2023][INFO] [Action] E DeleteContent - (c,18,2),B
[Sun May 21 13:47:31 UTC 2023][INFO] [Action] E DeleteContent - (c,17,2),B
[Sun May 21 13:47:31 UTC 2023][INFO] [Action] E DeleteContent - (c,16,2),B
[Sun May 21 13:47:31 UTC 2023][INFO] [Action] E DeleteContent - (c,15,2),B
[Sun May 21 13:47:32 UTC 2023][INFO] [Action] E DeleteContent - (c,14,2),B
[Sun May 21 13:47:32 UTC 2023][INFO] [Action] E DeleteContent - (c,13,2),B
[Sun May 21 13:47:32 UTC 2023][INFO] [Action] E DeleteContent - (c,12,2),B
[Sun May 21 13:47:32 UTC 2023][INFO] [Action] E DeleteContent - (c,11,2),B
[Sun May 21 13:47:32 UTC 2023][INFO] [Action] E DeleteContent - (c,10,2),B
[Sun May 21 13:47:33 UTC 2023][INFO] [Action] E DeleteContent - (c,9,2),B
[Sun May 21 13:47:33 UTC 2023][INFO] [Action] E DeleteContent - (c,8,2),B
[Sun May 21 13:47:33 UTC 2023][INFO] [Action] E DeleteContent - (c,7,2),B
[Sun May 21 13:47:33 UTC 2023][INFO] [Action] E DeleteContent - (c,6,2),B
[Sun May 21 13:47:34 UTC 2023][INFO] [Action] E DeleteContent - (c,5,2),B
[Sun May 21 13:47:34 UTC 2023][INFO] [Action] E DeleteContent - (c,4,2),B
[Sun May 21 13:47:34 UTC 2023][INFO] [Action] E DeleteContent - (c,3,2),B
[Sun May 21 13:47:34 UTC 2023][INFO] [Action] E DeleteContent - (c,2,2),B
[Sun May 21 13:47:35 UTC 2023][INFO] [Action] E DeleteContent - (c,1,2),B
[Sun May 21 13:47:35 UTC 2023][INFO] [Action] E RemoveSectionBreak - 1,0
[Sun May 21 13:47:35 UTC 2023][INFO] [Action] EFail RemoveSectionBreak - 4
[Sun May 21 13:47:39 UTC 2023][INFO] [Action] E MergeContainer - 2,1
[Sun May 21 13:50:08 UTC 2023][INFO] [Action] E FixedFormAction - MCwwLFBST1AtTElTVDp7ImNvbXBvbmVudHMiOlt7Im5hbWUiOiJib29rX3RpdGxlIiwidHlwZSI6InRleHQiLCJ2YWx1ZSI6IlN0YXItQ3Jvc3NlZDogRWNob2VzIG9mIHRoZSBIb3Jpem9uIn0seyJuYW1lIjoiYm9va19zdWJ0aXRsZSIsInR5cGUiOiJ0ZXh0IiwidmFsdWUiOiJBIERhbmNlIG9mIFN0YXJzIGFuZCBTaGFkb3dzIn0seyJuYW1lIjoiYXV0aG9yX25hbWUiLCJ0eXBlIjoidGV4dCIsInZhbHVlIjoiQS5JLiBTY3JpYmUifSx7Im5hbWUiOiJhZGRpdGlvbmFsX2NvbnRyaWJ1dG9yIiwidHlwZSI6InRleHQiLCJ2YWx1ZSI6IkouTC4gSHV0Y2hlbnMifSx7Im5hbWUiOiJwdWJsaXNoZXIiLCJ0eXBlIjoidGV4dCIsInZhbHVlIjoiS3JhbnpreSBQcmVzcyJ9LHsibmFtZSI6InB1Ymxpc2hlcl9sb2dvIiwidHlwZSI6ImltYWdlIiwidmFsdWUiOiIifV0sInBhZ2VfdHlwZSI6InRpdGxlX3BhZ2UifQo=
[Sun May 21 13:50:18 UTC 2023][INFO] [Action] E InsertTocAction - (0)
[Sun May 21 13:50:25 UTC 2023][INFO] [Action] E InsertGenericPageAction - 8,1
[Sun May 21 13:50:27 UTC 2023][INFO] [Action] E ItemChanged - -1,799
[Sun May 21 13:50:27 UTC 2023][INFO] [Action] E InsertTextContent - (c,799,1),[w]
[Sun May 21 13:50:29 UTC 2023][INFO] [Action] E DeleteContent - (c,799,2),B
[Sun May 21 13:50:32 UTC 2023][INFO] [Action] E ItemChanged - -1,799
[Sun May 21 13:50:43 UTC 2023][INFO] [Action] E Cut - (r,815,2408)
[Sun May 21 13:50:46 UTC 2023][INFO] [Action] E ItemChanged - -1,599
[Sun May 21 13:50:49 UTC 2023][INFO] [Action] E Paste - (r,607,797),1607
[Sun May 21 13:50:51 UTC 2023][INFO] [Action] E ItemChanged - -1,599
[Sun May 21 13:50:52 UTC 2023][INFO] [Action] E ItemChanged - -1,2202
[Sun May 21 13:50:56 UTC 2023][INFO] [Action] E Copy - (r,2218,2521)
[Sun May 21 13:50:58 UTC 2023][INFO] [Action] E Cut - (r,2218,2521)
[Sun May 21 13:50:59 UTC 2023][INFO] [Action] E ItemChanged - -1,599
[Sun May 21 13:51:07 UTC 2023][INFO] [Action] E AddTextContainer - (c,2200,2),0,0,0
[Sun May 21 13:51:07 UTC 2023][INFO] [Action] E Paste - (c,2201,1),309
[Sun May 21 13:51:09 UTC 2023][INFO] [Action] E ItemChanged - -1,2506
[Sun May 21 13:51:10 UTC 2023][INFO] [Action] E ItemChanged - -1,2506
[Sun May 21 13:51:11 UTC 2023][INFO] [Action] E DeleteContent - (r,2506,2522),B
[Sun May 21 13:51:12 UTC 2023][INFO] [Action] E ItemChanged - -1,599
[Sun May 21 13:51:13 UTC 2023][INFO] [Action] E ItemChanged - -1,599
[Sun May 21 13:51:14 UTC 2023][INFO] [Action] E ItemChanged - -1,102
[Sun May 21 13:51:15 UTC 2023][INFO] [Action] E ItemChanged - -1,599
[Sun May 21 13:51:18 UTC 2023][INFO] [Action] E InsertTextContent - (r,599,606),[E]
[Sun May 21 13:51:19 UTC 2023][INFO] [Action] E InsertTextContent - (c,592,2),[c]
[Sun May 21 13:51:20 UTC 2023][INFO] [Action] E InsertTextContent - (c,594,2),[h]
[Sun May 21 13:51:20 UTC 2023][INFO] [Action] E InsertTextContent - (c,596,2),[o]
[Sun May 21 13:51:20 UTC 2023][INFO] [Action] E InsertTextContent - (c,598,2),[e]
[Sun May 21 13:51:21 UTC 2023][INFO] [Action] E InsertTextContent - (c,600,2),[s]
[Sun May 21 13:51:23 UTC 2023][INFO] [Action] E InsertTextContent - (c,597,1),[P]
[Sun May 21 13:51:25 UTC 2023][INFO] [Action] E InsertTextContent - (c,598,2),[r]
[Sun May 21 13:51:25 UTC 2023][INFO] [Action] E InsertTextContent - (c,600,2),[o]
[Sun May 21 13:51:26 UTC 2023][INFO] [Action] E InsertTextContent - (c,602,2),[l]
[Sun May 21 13:51:26 UTC 2023][INFO] [Action] E InsertTextContent - (c,604,2),[o]
[Sun May 21 13:51:26 UTC 2023][INFO] [Action] E InsertTextContent - (c,606,2),[g]
[Sun May 21 13:51:26 UTC 2023][INFO] [Action] E InsertTextContent - (c,608,2),[i]
[Sun May 21 13:51:26 UTC 2023][INFO] [Action] E InsertTextContent - (c,610,2),[e]
[Sun May 21 13:51:27 UTC 2023][INFO] [Action] E InsertTextContent - (c,612,2),[:]
[Sun May 21 13:51:27 UTC 2023][INFO] [Action] E DeleteContent - (c,614,2),B
[Sun May 21 13:51:27 UTC 2023][INFO] [Action] E DeleteContent - (c,613,1),B
[Sun May 21 13:51:27 UTC 2023][INFO] [Action] E DeleteContent - (c,611,1),B
[Sun May 21 13:51:28 UTC 2023][INFO] [Action] E InsertTextContent - (c,609,1),[u]
[Sun May 21 13:51:28 UTC 2023][INFO] [Action] E InsertTextContent - (c,610,2),[e]
[Sun May 21 13:51:28 UTC 2023][INFO] [Action] E InsertTextContent - (c,612,2),[:]
[Sun May 21 13:51:28 UTC 2023][INFO] [Action] E InsertTextContent - (c,614,2),[SPACE]
[Sun May 21 13:51:31 UTC 2023][INFO] [Action] E ItemChanged - -1,2522
[Sun May 21 13:51:52 UTC 2023][INFO] [Action] E DeleteContent - (r,2522,2531),B
[Sun May 21 13:51:54 UTC 2023][INFO] [Action] E DeleteContent - (c,2512,2),B
[Sun May 21 13:51:54 UTC 2023][INFO] [Action] E RemoveSectionBreak - 2511,0
[Sun May 21 13:51:55 UTC 2023][INFO] [Action] U RemoveSectionBreak
[Sun May 21 13:51:57 UTC 2023][INFO] [Action] E ItemChanged - -1,596
[Sun May 21 13:51:59 UTC 2023][INFO] [Action] E DeleteContent - (c,606,1),B
[Sun May 21 13:52:00 UTC 2023][INFO] [Action] E DeleteContent - (c,604,1),B
[Sun May 21 13:52:00 UTC 2023][INFO] [Action] E DeleteContent - (c,602,1),B
[Sun May 21 13:52:00 UTC 2023][INFO] [Action] E DeleteContent - (c,600,1),B
[Sun May 21 13:52:00 UTC 2023][INFO] [Action] E DeleteContent - (c,598,1),B
[Sun May 21 13:52:00 UTC 2023][INFO] [Action] E DeleteContent - (c,596,1),B
[Sun May 21 13:52:00 UTC 2023][INFO] [Action] E DeleteContent - (c,594,1),B
[Sun May 21 13:52:01 UTC 2023][INFO] [Action] E DeleteContent - (c,592,1),B
[Sun May 21 13:52:01 UTC 2023][INFO] [Action] E DeleteContent - (c,590,1),B
[Sun May 21 13:52:01 UTC 2023][INFO] [Action] E DeleteContent - (c,588,1),B
[Sun May 21 13:52:03 UTC 2023][INFO] [Action] E ItemChanged - -1,40785
[Sun May 21 13:52:05 UTC 2023][INFO] [Action] E DeleteContent - (c,40794,2),B
[Sun May 21 13:52:05 UTC 2023][INFO] [Action] E DeleteContent - (c,40793,1),B
[Sun May 21 13:52:05 UTC 2023][INFO] [Action] E DeleteContent - (c,40791,1),B
[Sun May 21 13:52:06 UTC 2023][INFO] [Action] E DeleteContent - (c,40789,1),B
[Sun May 21 13:52:06 UTC 2023][INFO] [Action] E DeleteContent - (c,40787,1),B
[Sun May 21 13:52:06 UTC 2023][INFO] [Action] E DeleteContent - (c,40785,1),B
[Sun May 21 13:52:06 UTC 2023][INFO] [Action] E DeleteContent - (c,40783,1),B
[Sun May 21 13:52:06 UTC 2023][INFO] [Action] E DeleteContent - (c,40781,1),B
[Sun May 21 13:52:06 UTC 2023][INFO] [Action] E DeleteContent - (c,40779,1),B
[Sun May 21 13:52:07 UTC 2023][INFO] [Action] E DeleteContent - (c,40777,1),B
[Sun May 21 13:52:08 UTC 2023][INFO] [Action] E DeleteContent - (c,40775,2),B
[Sun May 21 13:52:09 UTC 2023][INFO] [Action] E ItemChanged - -1,76105
[Sun May 21 13:52:11 UTC 2023][INFO] [Action] E DeleteContent - (c,76116,1),B
[Sun May 21 13:52:11 UTC 2023][INFO] [Action] E DeleteContent - (c,76114,1),B
[Sun May 21 13:52:11 UTC 2023][INFO] [Action] E DeleteContent - (c,76112,1),B
[Sun May 21 13:52:12 UTC 2023][INFO] [Action] E DeleteContent - (c,76110,1),B
[Sun May 21 13:52:12 UTC 2023][INFO] [Action] E DeleteContent - (c,76108,1),B
[Sun May 21 13:52:12 UTC 2023][INFO] [Action] E DeleteContent - (c,76106,1),B
[Sun May 21 13:52:12 UTC 2023][INFO] [Action] E DeleteContent - (c,76104,1),B
[Sun May 21 13:52:12 UTC 2023][INFO] [Action] E DeleteContent - (c,76102,1),B
[Sun May 21 13:52:12 UTC 2023][INFO] [Action] E DeleteContent - (c,76100,1),B
[Sun May 21 13:52:13 UTC 2023][INFO] [Action] E DeleteContent - (c,76098,1),B
[Sun May 21 13:52:13 UTC 2023][INFO] [Action] E DeleteContent - (c,76096,1),B
[Sun May 21 13:52:14 UTC 2023][INFO] [Action] E ItemChanged - -1,111973
[Sun May 21 13:52:16 UTC 2023][INFO] [Action] E DeleteContent - (c,111984,1),B
[Sun May 21 13:52:16 UTC 2023][INFO] [Action] E DeleteContent - (c,111982,1),B
[Sun May 21 13:52:16 UTC 2023][INFO] [Action] E DeleteContent - (c,111980,1),B
[Sun May 21 13:52:16 UTC 2023][INFO] [Action] E DeleteContent - (c,111978,1),B
[Sun May 21 13:52:17 UTC 2023][INFO] [Action] E DeleteContent - (c,111976,1),B
[Sun May 21 13:52:17 UTC 2023][INFO] [Action] E DeleteContent - (c,111974,1),B
[Sun May 21 13:52:17 UTC 2023][INFO] [Action] E DeleteContent - (c,111972,1),B
[Sun May 21 13:52:17 UTC 2023][INFO] [Action] E DeleteContent - (c,111970,1),B
[Sun May 21 13:52:17 UTC 2023][INFO] [Action] E DeleteContent - (c,111968,1),B
[Sun May 21 13:52:18 UTC 2023][INFO] [Action] E DeleteContent - (c,111966,1),B
[Sun May 21 13:52:18 UTC 2023][INFO] [Action] E DeleteContent - (c,111964,1),B
[Sun May 21 13:52:19 UTC 2023][INFO] [Action] E ItemChanged - -1,151982
[Sun May 21 13:52:23 UTC 2023][INFO] [Action] E DeleteContent - (c,151993,1),B
[Sun May 21 13:52:23 UTC 2023][INFO] [Action] E DeleteContent - (c,151991,1),B
[Sun May 21 13:52:23 UTC 2023][INFO] [Action] E DeleteContent - (c,151989,1),B
[Sun May 21 13:52:23 UTC 2023][INFO] [Action] E DeleteContent - (c,151987,1),B
[Sun May 21 13:52:23 UTC 2023][INFO] [Action] E DeleteContent - (c,151985,1),B
[Sun May 21 13:52:23 UTC 2023][INFO] [Action] E DeleteContent - (c,151983,1),B
[Sun May 21 13:52:24 UTC 2023][INFO] [Action] E DeleteContent - (c,151981,1),B
[Sun May 21 13:52:24 UTC 2023][INFO] [Action] E DeleteContent - (c,151979,1),B
[Sun May 21 13:52:24 UTC 2023][INFO] [Action] E DeleteContent - (c,151977,1),B
[Sun May 21 13:52:24 UTC 2023][INFO] [Action] E DeleteContent - (c,151975,1),B
[Sun May 21 13:52:24 UTC 2023][INFO] [Action] E DeleteContent - (c,151973,1),B
[Sun May 21 13:52:26 UTC 2023][INFO] [Action] E ItemChanged - -1,190241
[Sun May 21 13:52:28 UTC 2023][INFO] [Action] E DeleteContent - (c,190252,1),B
[Sun May 21 13:52:28 UTC 2023][INFO] [Action] E DeleteContent - (c,190250,1),B
[Sun May 21 13:52:28 UTC 2023][INFO] [Action] E DeleteContent - (c,190248,1),B
[Sun May 21 13:52:28 UTC 2023][INFO] [Action] E DeleteContent - (c,190246,1),B
[Sun May 21 13:52:29 UTC 2023][INFO] [Action] E DeleteContent - (c,190244,1),B
[Sun May 21 13:52:29 UTC 2023][INFO] [Action] E DeleteContent - (c,190242,1),B
[Sun May 21 13:52:29 UTC 2023][INFO] [Action] E DeleteContent - (c,190240,1),B
[Sun May 21 13:52:29 UTC 2023][INFO] [Action] E DeleteContent - (c,190238,1),B
[Sun May 21 13:52:29 UTC 2023][INFO] [Action] E DeleteContent - (c,190236,1),B
[Sun May 21 13:52:30 UTC 2023][INFO] [Action] E DeleteContent - (c,190234,1),B
[Sun May 21 13:52:30 UTC 2023][INFO] [Action] E DeleteContent - (c,190232,1),B
[Sun May 21 13:52:31 UTC 2023][INFO] [Action] E ItemChanged - -1,232601
[Sun May 21 13:52:33 UTC 2023][INFO] [Action] E DeleteContent - (c,232612,1),B
[Sun May 21 13:52:34 UTC 2023][INFO] [Action] E DeleteContent - (c,232610,1),B
[Sun May 21 13:52:34 UTC 2023][INFO] [Action] E DeleteContent - (c,232608,1),B
[Sun May 21 13:52:34 UTC 2023][INFO] [Action] E DeleteContent - (c,232606,1),B
[Sun May 21 13:52:34 UTC 2023][INFO] [Action] E DeleteContent - (c,232604,1),B
[Sun May 21 13:52:34 UTC 2023][INFO] [Action] E DeleteContent - (c,232602,1),B
[Sun May 21 13:52:35 UTC 2023][INFO] [Action] E DeleteContent - (c,232600,1),B
[Sun May 21 13:52:35 UTC 2023][INFO] [Action] E DeleteContent - (c,232598,1),B
[Sun May 21 13:52:35 UTC 2023][INFO] [Action] E DeleteContent - (c,232596,1),B
[Sun May 21 13:52:35 UTC 2023][INFO] [Action] E DeleteContent - (c,232594,1),B
[Sun May 21 13:52:35 UTC 2023][INFO] [Action] E DeleteContent - (c,232592,1),B
[Sun May 21 13:52:37 UTC 2023][INFO] [Action] E ItemChanged - -1,270174
[Sun May 21 13:52:38 UTC 2023][INFO] [Action] E DeleteContent - (c,270185,1),B
[Sun May 21 13:52:38 UTC 2023][INFO] [Action] E DeleteContent - (c,270183,1),B
[Sun May 21 13:52:38 UTC 2023][INFO] [Action] E DeleteContent - (c,270181,1),B
[Sun May 21 13:52:39 UTC 2023][INFO] [Action] E DeleteContent - (c,270179,1),B
[Sun May 21 13:52:39 UTC 2023][INFO] [Action] E DeleteContent - (c,270177,1),B
[Sun May 21 13:52:39 UTC 2023][INFO] [Action] E DeleteContent - (c,270175,1),B
[Sun May 21 13:52:39 UTC 2023][INFO] [Action] E DeleteContent - (c,270173,1),B
[Sun May 21 13:52:39 UTC 2023][INFO] [Action] E DeleteContent - (c,270171,1),B
[Sun May 21 13:52:40 UTC 2023][INFO] [Action] E DeleteContent - (c,270169,1),B
[Sun May 21 13:52:40 UTC 2023][INFO] [Action] E DeleteContent - (c,270167,1),B
[Sun May 21 13:52:40 UTC 2023][INFO] [Action] E DeleteContent - (c,270165,1),B
[Sun May 21 13:52:42 UTC 2023][INFO] [Action] E ItemChanged - -1,309952
[Sun May 21 13:52:45 UTC 2023][INFO] [Action] E SaveBook - Save
[Sun May 21 13:52:51 UTC 2023][INFO] [Action] E DeleteContent - (c,309963,1),B
[Sun May 21 13:52:51 UTC 2023][INFO] [Action] E DeleteContent - (c,309961,1),B
[Sun May 21 13:52:51 UTC 2023][INFO] [Action] E DeleteContent - (c,309959,1),B
[Sun May 21 13:52:51 UTC 2023][INFO] [Action] E DeleteContent - (c,309957,1),B
[Sun May 21 13:52:51 UTC 2023][INFO] [Action] E DeleteContent - (c,309955,1),B
[Sun May 21 13:52:52 UTC 2023][INFO] [Action] E DeleteContent - (c,309953,1),B
[Sun May 21 13:52:52 UTC 2023][INFO] [Action] E DeleteContent - (c,309951,1),B
[Sun May 21 13:52:52 UTC 2023][INFO] [Action] E DeleteContent - (c,309949,1),B
[Sun May 21 13:52:52 UTC 2023][INFO] [Action] E DeleteContent - (c,309947,1),B
[Sun May 21 13:52:52 UTC 2023][INFO] [Action] E DeleteContent - (c,309945,1),B
[Sun May 21 13:52:53 UTC 2023][INFO] [Action] E DeleteContent - (c,309943,1),B
[Sun May 21 13:52:54 UTC 2023][INFO] [Action] E ItemChanged - -1,348557
[Sun May 21 13:52:56 UTC 2023][INFO] [Action] E DeleteContent - (c,348569,1),B
[Sun May 21 13:52:56 UTC 2023][INFO] [Action] E DeleteContent - (c,348567,1),B
[Sun May 21 13:52:56 UTC 2023][INFO] [Action] E DeleteContent - (c,348565,1),B
[Sun May 21 13:52:57 UTC 2023][INFO] [Action] E DeleteContent - (c,348563,1),B
[Sun May 21 13:52:57 UTC 2023][INFO] [Action] E DeleteContent - (c,348561,1),B
[Sun May 21 13:52:57 UTC 2023][INFO] [Action] E DeleteContent - (c,348559,1),B
[Sun May 21 13:52:57 UTC 2023][INFO] [Action] E DeleteContent - (c,348557,1),B
[Sun May 21 13:52:57 UTC 2023][INFO] [Action] E DeleteContent - (c,348555,1),B
[Sun May 21 13:52:57 UTC 2023][INFO] [Action] E DeleteContent - (c,348553,1),B
[Sun May 21 13:52:58 UTC 2023][INFO] [Action] E DeleteContent - (c,348551,1),B
[Sun May 21 13:52:58 UTC 2023][INFO] [Action] E DeleteContent - (c,348549,1),B
[Sun May 21 13:52:58 UTC 2023][INFO] [Action] E DeleteContent - (c,348547,1),B
[Sun May 21 13:53:00 UTC 2023][INFO] [Action] E ItemChanged - -1,389614
[Sun May 21 13:53:02 UTC 2023][INFO] [Action] E DeleteContent - (c,389626,1),B
[Sun May 21 13:53:02 UTC 2023][INFO] [Action] E DeleteContent - (c,389624,1),B
[Sun May 21 13:53:02 UTC 2023][INFO] [Action] E DeleteContent - (c,389622,1),B
[Sun May 21 13:53:02 UTC 2023][INFO] [Action] E DeleteContent - (c,389620,1),B
[Sun May 21 13:53:02 UTC 2023][INFO] [Action] E DeleteContent - (c,389618,1),B
[Sun May 21 13:53:02 UTC 2023][INFO] [Action] E DeleteContent - (c,389616,1),B
[Sun May 21 13:53:03 UTC 2023][INFO] [Action] E DeleteContent - (c,389614,1),B
[Sun May 21 13:53:03 UTC 2023][INFO] [Action] E DeleteContent - (c,389612,1),B
[Sun May 21 13:53:03 UTC 2023][INFO] [Action] E DeleteContent - (c,389610,1),B
[Sun May 21 13:53:03 UTC 2023][INFO] [Action] E DeleteContent - (c,389608,1),B
[Sun May 21 13:53:03 UTC 2023][INFO] [Action] E DeleteContent - (c,389606,1),B
[Sun May 21 13:53:04 UTC 2023][INFO] [Action] E DeleteContent - (c,389604,1),B
[Sun May 21 13:53:05 UTC 2023][INFO] [Action] E ItemChanged - -1,421993
[Sun May 21 13:53:08 UTC 2023][INFO] [Action] E DeleteContent - (c,422005,1),B
[Sun May 21 13:53:08 UTC 2023][INFO] [Action] E DeleteContent - (c,422003,1),B
[Sun May 21 13:53:09 UTC 2023][INFO] [Action] E DeleteContent - (c,422001,1),B
[Sun May 21 13:53:09 UTC 2023][INFO] [Action] E DeleteContent - (c,421999,1),B
[Sun May 21 13:53:09 UTC 2023][INFO] [Action] E DeleteContent - (c,421997,1),B
[Sun May 21 13:53:09 UTC 2023][INFO] [Action] E DeleteContent - (c,421995,1),B
[Sun May 21 13:53:09 UTC 2023][INFO] [Action] E DeleteContent - (c,421993,1),B
[Sun May 21 13:53:10 UTC 2023][INFO] [Action] E DeleteContent - (c,421991,1),B
[Sun May 21 13:53:10 UTC 2023][INFO] [Action] E DeleteContent - (c,421989,1),B
[Sun May 21 13:53:10 UTC 2023][INFO] [Action] E DeleteContent - (c,421987,1),B
[Sun May 21 13:53:10 UTC 2023][INFO] [Action] E DeleteContent - (c,421985,1),B
[Sun May 21 13:53:11 UTC 2023][INFO] [Action] E DeleteContent - (c,421983,1),B
[Sun May 21 13:53:13 UTC 2023][INFO] [Action] E ItemChanged - -1,460279
[Sun May 21 13:53:14 UTC 2023][INFO] [Action] E DeleteContent - (c,460291,1),B
[Sun May 21 13:53:15 UTC 2023][INFO] [Action] E DeleteContent - (c,460289,1),B
[Sun May 21 13:53:15 UTC 2023][INFO] [Action] E DeleteContent - (c,460287,1),B
[Sun May 21 13:53:15 UTC 2023][INFO] [Action] E DeleteContent - (c,460285,1),B
[Sun May 21 13:53:15 UTC 2023][INFO] [Action] E DeleteContent - (c,460283,1),B
[Sun May 21 13:53:15 UTC 2023][INFO] [Action] E DeleteContent - (c,460281,1),B
[Sun May 21 13:53:16 UTC 2023][INFO] [Action] E DeleteContent - (c,460279,1),B
[Sun May 21 13:53:16 UTC 2023][INFO] [Action] E DeleteContent - (c,460277,1),B
[Sun May 21 13:53:16 UTC 2023][INFO] [Action] E DeleteContent - (c,460275,1),B
[Sun May 21 13:53:16 UTC 2023][INFO] [Action] E DeleteContent - (c,460273,1),B
[Sun May 21 13:53:16 UTC 2023][INFO] [Action] E DeleteContent - (c,460271,1),B
[Sun May 21 13:53:17 UTC 2023][INFO] [Action] E DeleteContent - (c,460269,1),B
[Sun May 21 13:53:18 UTC 2023][INFO] [Action] E ItemChanged - -1,497574
[Sun May 21 13:53:21 UTC 2023][INFO] [Action] E DeleteContent - (c,497586,1),B
[Sun May 21 13:53:21 UTC 2023][INFO] [Action] E DeleteContent - (c,497584,1),B
[Sun May 21 13:53:21 UTC 2023][INFO] [Action] E DeleteContent - (c,497582,1),B
[Sun May 21 13:53:22 UTC 2023][INFO] [Action] E DeleteContent - (c,497580,1),B
[Sun May 21 13:53:22 UTC 2023][INFO] [Action] E DeleteContent - (c,497578,1),B
[Sun May 21 13:53:22 UTC 2023][INFO] [Action] E DeleteContent - (c,497576,1),B
[Sun May 21 13:53:22 UTC 2023][INFO] [Action] E DeleteContent - (c,497574,1),B
[Sun May 21 13:53:22 UTC 2023][INFO] [Action] E DeleteContent - (c,497572,1),B
[Sun May 21 13:53:22 UTC 2023][INFO] [Action] E DeleteContent - (c,497570,1),B
[Sun May 21 13:53:23 UTC 2023][INFO] [Action] E DeleteContent - (c,497568,1),B
[Sun May 21 13:53:23 UTC 2023][INFO] [Action] E DeleteContent - (c,497566,1),B
[Sun May 21 13:53:23 UTC 2023][INFO] [Action] E DeleteContent - (c,497564,1),B
[Sun May 21 13:53:25 UTC 2023][INFO] [Action] E ItemChanged - -1,549102
[Sun May 21 13:53:27 UTC 2023][INFO] [Action] E DeleteContent - (c,549114,1),B
[Sun May 21 13:53:27 UTC 2023][INFO] [Action] E DeleteContent - (c,549112,1),B
[Sun May 21 13:53:27 UTC 2023][INFO] [Action] E DeleteContent - (c,549110,1),B
[Sun May 21 13:53:27 UTC 2023][INFO] [Action] E DeleteContent - (c,549108,1),B
[Sun May 21 13:53:28 UTC 2023][INFO] [Action] E DeleteContent - (c,549106,1),B
[Sun May 21 13:53:28 UTC 2023][INFO] [Action] E DeleteContent - (c,549104,1),B
[Sun May 21 13:53:28 UTC 2023][INFO] [Action] E DeleteContent - (c,549102,1),B
[Sun May 21 13:53:28 UTC 2023][INFO] [Action] E DeleteContent - (c,549100,1),B
[Sun May 21 13:53:28 UTC 2023][INFO] [Action] E DeleteContent - (c,549098,1),B
[Sun May 21 13:53:29 UTC 2023][INFO] [Action] E DeleteContent - (c,549096,1),B
[Sun May 21 13:53:29 UTC 2023][INFO] [Action] E DeleteContent - (c,549094,1),B
[Sun May 21 13:53:29 UTC 2023][INFO] [Action] E DeleteContent - (c,549092,1),B
[Sun May 21 13:53:31 UTC 2023][INFO] [Action] E ItemChanged - -1,587707
[Sun May 21 13:53:33 UTC 2023][INFO] [Action] E DeleteContent - (c,587718,2),B
[Sun May 21 13:53:34 UTC 2023][INFO] [Action] E DeleteContent - (c,587717,1),B
[Sun May 21 13:53:34 UTC 2023][INFO] [Action] E DeleteContent - (c,587715,1),B
[Sun May 21 13:53:34 UTC 2023][INFO] [Action] E DeleteContent - (c,587713,1),B
[Sun May 21 13:53:34 UTC 2023][INFO] [Action] E DeleteContent - (c,587711,1),B
[Sun May 21 13:53:34 UTC 2023][INFO] [Action] E DeleteContent - (c,587709,1),B
[Sun May 21 13:53:34 UTC 2023][INFO] [Action] E DeleteContent - (c,587707,1),B
[Sun May 21 13:53:35 UTC 2023][INFO] [Action] E DeleteContent - (c,587705,1),B
[Sun May 21 13:53:35 UTC 2023][INFO] [Action] E DeleteContent - (c,587703,1),B
[Sun May 21 13:53:35 UTC 2023][INFO] [Action] E DeleteContent - (c,587701,1),B
[Sun May 21 13:53:35 UTC 2023][INFO] [Action] E DeleteContent - (c,587699,1),B
[Sun May 21 13:53:36 UTC 2023][INFO] [Action] E DeleteContent - (c,587697,1),B
[Sun May 21 13:53:38 UTC 2023][INFO] [Action] E ItemChanged - -1,628347
[Sun May 21 13:53:41 UTC 2023][INFO] [Action] E DeleteContent - (c,628359,1),B
[Sun May 21 13:53:41 UTC 2023][INFO] [Action] E DeleteContent - (c,628357,1),B
[Sun May 21 13:53:41 UTC 2023][INFO] [Action] E DeleteContent - (c,628355,1),B
[Sun May 21 13:53:41 UTC 2023][INFO] [Action] E DeleteContent - (c,628353,1),B
[Sun May 21 13:53:41 UTC 2023][INFO] [Action] E DeleteContent - (c,628351,1),B
[Sun May 21 13:53:42 UTC 2023][INFO] [Action] E DeleteContent - (c,628349,1),B
[Sun May 21 13:53:42 UTC 2023][INFO] [Action] E DeleteContent - (c,628347,1),B
[Sun May 21 13:53:42 UTC 2023][INFO] [Action] E DeleteContent - (c,628345,1),B
[Sun May 21 13:53:42 UTC 2023][INFO] [Action] E DeleteContent - (c,628343,1),B
[Sun May 21 13:53:42 UTC 2023][INFO] [Action] E DeleteContent - (c,628341,1),B
[Sun May 21 13:53:43 UTC 2023][INFO] [Action] E DeleteContent - (c,628339,1),B
[Sun May 21 13:53:43 UTC 2023][INFO] [Action] E DeleteContent - (c,628337,1),B
[Sun May 21 13:53:48 UTC 2023][INFO] [Action] E ItemChanged - -1,628335
[Sun May 21 13:53:57 UTC 2023][INFO] [Action] E InsertGenericPageAction - 10,19
[Sun May 21 13:54:01 UTC 2023][INFO] [Action] E ItemChanged - -1,628343
[Sun May 21 13:54:10 UTC 2023][INFO] [Action] E DeleteContent - (r,662996,663005),B
[Sun May 21 13:54:19 UTC 2023][INFO] [Action] E Cut - (r,662996,667692)
[Sun May 21 13:54:22 UTC 2023][INFO] [Action] E MergeContainer - 662996,1
[Sun May 21 13:54:23 UTC 2023][INFO] [Action] E ItemChanged - -1,662997
[Sun May 21 13:54:27 UTC 2023][INFO] [Action] E Paste - (r,663005,663195),4794
[Sun May 21 13:54:36 UTC 2023][INFO] [Action] E Cut - (r,663005,663023)
[Sun May 21 13:54:39 UTC 2023][INFO] [Action] E Paste - (r,662997,663004),21
[Sun May 21 13:56:24 UTC 2023][INFO] [Action] E FixedFormAction - MCwyMCxQUk9QLUxJU1Q6eyJjb21wb25lbnRzIjpbeyJuYW1lIjoiYXV0aG9yX25hbWUiLCJ0eXBlIjoidGV4dCIsInZhbHVlIjoiQS5JLiBTY3JpYmUifSx7Im5hbWUiOiJkZXNjcmlwdGlvbiIsInR5cGUiOiJ0ZXh0IiwidmFsdWUiOiJUaGlzIG5vdmVsIHdhcyBmdWxseSBnZW5lcmF0ZWQgYnkgYW4gQUkgcHJvZ3JhbS4gRnJvbSB0aGUgdGl0bGUgdG8gdGhlIGdlbnJlLCB0aGUgY2hhcmFjdGVyIG5hbWVzIGFuZCBwbG90LCB0aHJvdWdoIHRvIGV2ZXJ5IHNpbmdsZSB3b3JkIHdyaXR0ZW4sIGFwYXJ0IGZyb20gdGhpcyBmaW5hbCBwYWdlLiBJdCB0b29rIGEgc2luZ2xlIGRheSB0byBnZW5lcmF0ZSBhIG5vdmVsIG92ZXIgMTEwLDAwMCB3b3JkcyBsb25nLiJ9LHsiaW1hZ2VfY29tcG9uZW50cyI6W3sibmFtZSI6ImltYWdlX3NpemUiLCJ0eXBlIjoiaW1hZ2VfcHJvcCIsInZhbHVlIjoic21hbGwifSx7Im5hbWUiOiJpbWFnZV9wb3MiLCJ0eXBlIjoiaW1hZ2VfcHJvcCIsInZhbHVlIjoicmlnaHQifV0sIm5hbWUiOiJhdXRob3JfaW1hZ2UiLCJ0eXBlIjoiaW1hZ2UiLCJ2YWx1ZSI6IiJ9XSwicGFnZV90eXBlIjoiYWJvdXRfdGhlX2F1dGhvcl9wYWdlIn0K
[Sun May 21 13:56:34 UTC 2023][INFO] [Action] E DeleteContent - (c,667743,1),B
[Sun May 21 13:56:34 UTC 2023][INFO] [Action] EFail DeleteContent - 4
[Sun May 21 13:56:36 UTC 2023][INFO] [Action] E ItemChanged - -1,667724
[Sun May 21 13:56:37 UTC 2023][INFO] [Action] E ItemChanged - -1,667724
[Sun May 21 13:56:38 UTC 2023][INFO] [Action] E ItemChanged - -1,667724
[Sun May 21 13:56:42 UTC 2023][INFO] [Action] E FixedFormAction - MSwyMSxQUk9QLUxJU1Q6eyJjb21wb25lbnRzIjpbeyJuYW1lIjoiYXV0aG9yX25hbWUiLCJ0eXBlIjoidGV4dCIsInZhbHVlIjoiQS5JLiBTY3JpYmUifSx7Im5hbWUiOiJkZXNjcmlwdGlvbiIsInR5cGUiOiJ0ZXh0IiwidmFsdWUiOiJUaGlzIG5vdmVsIHdhcyBmdWxseSBnZW5lcmF0ZWQgYnkgYW4gQUkgcHJvZ3JhbS4gRnJvbSB0aGUgdGl0bGUgdG8gdGhlIGdlbnJlLCB0aGUgY2hhcmFjdGVyIG5hbWVzIGFuZCBwbG90LCB0aHJvdWdoIHRvIGV2ZXJ5IHNpbmdsZSB3b3JkIHdyaXR0ZW4sIGFwYXJ0IGZyb20gdGhpcyBmaW5hbCBwYWdlLiBJdCB0b29rIGEgc2luZ2xlIGRheSB0byBnZW5lcmF0ZSBhIG5vdmVsIG92ZXIgMTEwLDAwMCB3b3JkcyBsb25nLiJ9LHsiaW1hZ2VfY29tcG9uZW50cyI6W3sibmFtZSI6ImltYWdlX3NpemUiLCJ0eXBlIjoiaW1hZ2VfcHJvcCIsInZhbHVlIjoic21hbGwifSx7Im5hbWUiOiJpbWFnZV9wb3MiLCJ0eXBlIjoiaW1hZ2VfcHJvcCIsInZhbHVlIjoicmlnaHQifV0sIm5hbWUiOiJhdXRob3JfaW1hZ2UiLCJ0eXBlIjoiaW1hZ2UiLCJ2YWx1ZSI6IiJ9XSwicGFnZV90eXBlIjoiYWJvdXRfdGhlX2F1dGhvcl9wYWdlIn0K
[Sun May 21 13:56:49 UTC 2023][INFO] [Action] E ItemChanged - -1,1
[Sun May 21 13:57:01 UTC 2023][INFO] [Action] E ItemChanged - -1,1
[Sun May 21 13:57:18 UTC 2023][INFO] [Action] E AddTextContainer - (c,7616,2),0,0,0
[Sun May 21 13:57:20 UTC 2023][INFO] [Action] E DeleteContent - (r,7601,7601),B
[Sun May 21 13:57:31 UTC 2023][INFO] [Action] E AddTextContainer - (c,7600,2),0,0,0
[Sun May 21 13:57:31 UTC 2023][INFO] [Action] E MergeContainer - 7601,1
[Sun May 21 13:57:33 UTC 2023][INFO] [Action] E AddTextContainer - (c,7600,2),0,0,0
[Sun May 21 13:57:34 UTC 2023][INFO] [Action] E MergeContainer - 7601,1
[Sun May 21 13:57:36 UTC 2023][INFO] [Action] E InsertSeparator - (c,7600,2)
[Sun May 21 13:57:42 UTC 2023][INFO] [Action] E MergeContainer - 7605,1
[Sun May 21 13:57:42 UTC 2023][INFO] [Action] EFail MergeContainer - 5
[Sun May 21 13:57:43 UTC 2023][INFO] [Action] E MergeContainer - 7605,1
[Sun May 21 13:57:43 UTC 2023][INFO] [Action] EFail MergeContainer - 5
[Sun May 21 13:57:43 UTC 2023][INFO] [Action] E MergeContainer - 7605,1
[Sun May 21 13:57:43 UTC 2023][INFO] [Action] EFail MergeContainer - 5
[Sun May 21 13:57:43 UTC 2023][INFO] [Action] E MergeContainer - 7605,1
[Sun May 21 13:57:43 UTC 2023][INFO] [Action] EFail MergeContainer - 5
[Sun May 21 13:57:43 UTC 2023][INFO] [Action] E MergeContainer - 7605,1
[Sun May 21 13:57:43 UTC 2023][INFO] [Action] EFail MergeContainer - 5
[Sun May 21 13:57:43 UTC 2023][INFO] [Action] E MergeContainer - 7605,1
[Sun May 21 13:57:43 UTC 2023][INFO] [Action] EFail MergeContainer - 5
[Sun May 21 13:57:44 UTC 2023][INFO] [Action] E AddTextContainer - (c,7605,1),1,0,0
[Sun May 21 13:57:44 UTC 2023][INFO] [Action] E MergeContainer - 7606,1
[Sun May 21 13:57:45 UTC 2023][INFO] [Action] E MergeContainer - 7605,1
[Sun May 21 13:57:45 UTC 2023][INFO] [Action] EFail MergeContainer - 5
[Sun May 21 13:57:45 UTC 2023][INFO] [Action] E MergeContainer - 7605,1
[Sun May 21 13:57:45 UTC 2023][INFO] [Action] EFail MergeContainer - 5
[Sun May 21 13:57:47 UTC 2023][INFO] [Action] E DeleteContent - (c,7603,2),B
[Sun May 21 13:57:47 UTC 2023][INFO] [Action] EFail DeleteContent - 4
[Sun May 21 13:57:57 UTC 2023][INFO] [Action] E DeleteContent - (c,7603,2),B
[Sun May 21 13:57:57 UTC 2023][INFO] [Action] EFail DeleteContent - 4
[Sun May 21 13:57:57 UTC 2023][INFO] [Action] E DeleteContent - (c,7603,2),B
[Sun May 21 13:57:57 UTC 2023][INFO] [Action] EFail DeleteContent - 4
[Sun May 21 13:57:57 UTC 2023][INFO] [Action] E DeleteContent - (c,7603,2),B
[Sun May 21 13:57:57 UTC 2023][INFO] [Action] EFail DeleteContent - 4
[Sun May 21 13:57:57 UTC 2023][INFO] [Action] E DeleteContent - (c,7603,2),B
[Sun May 21 13:57:57 UTC 2023][INFO] [Action] EFail DeleteContent - 4
[Sun May 21 13:57:57 UTC 2023][INFO] [Action] E DeleteContent - (c,7603,2),B
[Sun May 21 13:57:57 UTC 2023][INFO] [Action] EFail DeleteContent - 4
[Sun May 21 13:58:00 UTC 2023][INFO] [Action] U MergeContainer
[Sun May 21 13:58:01 UTC 2023][INFO] [Action] U AddTextContainer
[Sun May 21 13:58:01 UTC 2023][INFO] [Action] U InsertSeparator
[Sun May 21 13:58:03 UTC 2023][INFO] [Action] E AddTextContainer - (c,7600,2),0,0,0
[Sun May 21 13:58:04 UTC 2023][INFO] [Action] E AddTextContainer - (c,7603,1),1,0,0
[Sun May 21 13:58:05 UTC 2023][INFO] [Action] E MergeContainer - 7604,1
[Sun May 21 13:58:05 UTC 2023][INFO] [Action] E MergeContainer - 7601,1
[Sun May 21 13:58:08 UTC 2023][INFO] [Action] E AddTextContainer - (c,7600,2),0,0,0
[Sun May 21 13:58:09 UTC 2023][INFO] [Action] E AddTextContainer - (c,7603,1),1,0,0
[Sun May 21 13:58:11 UTC 2023][INFO] [Action] E ItemChanged - -1,2343
[Sun May 21 13:58:18 UTC 2023][INFO] [Action] E PreviewBook - 2343
[Sun May 21 13:58:36 UTC 2023][INFO] [Action] E PreviewBook - 2343
[Sun May 21 13:58:54 UTC 2023][INFO] [Action] E ApplySemantics - (r,2359,2359),first_para
[Sun May 21 13:58:57 UTC 2023][INFO] [Action] E ItemChanged - -1,438
[Sun May 21 13:59:00 UTC 2023][INFO] [Action] E ApplySemantics - (r,588,588),other_first_para
[Sun May 21 13:59:08 UTC 2023][INFO] [Action] E ItemChanged - -1,663027
[Sun May 21 13:59:11 UTC 2023][INFO] [Action] E ApplySemantics - (r,663321,663321),other_first_para
[Sun May 21 13:59:16 UTC 2023][INFO] [Action] E ItemChanged - -1,2343
[Sun May 21 13:59:17 UTC 2023][INFO] [Action] E ItemChanged - -1,40639
[Sun May 21 13:59:20 UTC 2023][INFO] [Action] E ApplySemantics - (r,40848,40848),first_para
[Sun May 21 13:59:21 UTC 2023][INFO] [Action] E ItemChanged - -1,75970
[Sun May 21 13:59:23 UTC 2023][INFO] [Action] E ApplySemantics - (r,76045,76045),first_para
[Sun May 21 13:59:25 UTC 2023][INFO] [Action] E ItemChanged - -1,111849
[Sun May 21 13:59:27 UTC 2023][INFO] [Action] E ApplySemantics - (r,112004,112008),first_para
[Sun May 21 13:59:28 UTC 2023][INFO] [Action] E ItemChanged - -1,151869
[Sun May 21 13:59:31 UTC 2023][INFO] [Action] E ApplySemantics - (r,151956,151956),first_para
[Sun May 21 13:59:33 UTC 2023][INFO] [Action] E ItemChanged - -1,190139
[Sun May 21 13:59:35 UTC 2023][INFO] [Action] E ApplySemantics - (r,190286,190286),first_para
[Sun May 21 13:59:36 UTC 2023][INFO] [Action] E ItemChanged - -1,232510
[Sun May 21 13:59:38 UTC 2023][INFO] [Action] E ApplySemantics - (r,232654,232654),first_para
[Sun May 21 13:59:40 UTC 2023][INFO] [Action] E ItemChanged - -1,270094
[Sun May 21 13:59:42 UTC 2023][INFO] [Action] E ApplySemantics - (r,270341,270344),first_para
[Sun May 21 13:59:44 UTC 2023][INFO] [Action] E ItemChanged - -1,309883
[Sun May 21 13:59:46 UTC 2023][INFO] [Action] E ApplySemantics - (r,310032,310032),first_para
[Sun May 21 13:59:47 UTC 2023][INFO] [Action] E ItemChanged - -1,348499
[Sun May 21 13:59:50 UTC 2023][INFO] [Action] E ApplySemantics - (r,348771,348771),first_para
[Sun May 21 13:59:52 UTC 2023][INFO] [Action] E ItemChanged - -1,389568
[Sun May 21 13:59:54 UTC 2023][INFO] [Action] E ApplySemantics - (r,389667,389667),first_para
[Sun May 21 13:59:55 UTC 2023][INFO] [Action] E ItemChanged - -1,421959
[Sun May 21 13:59:58 UTC 2023][INFO] [Action] E ApplySemantics - (r,422054,422054),first_para
[Sun May 21 14:00:00 UTC 2023][INFO] [Action] E ItemChanged - -1,460257
[Sun May 21 14:00:01 UTC 2023][INFO] [Action] E ApplySemantics - (r,460538,460538),first_para
[Sun May 21 14:00:03 UTC 2023][INFO] [Action] E ItemChanged - -1,497564
[Sun May 21 14:00:05 UTC 2023][INFO] [Action] E ApplySemantics - (r,497733,497733),first_para
[Sun May 21 14:00:06 UTC 2023][INFO] [Action] E ItemChanged - -1,549104
[Sun May 21 14:00:09 UTC 2023][INFO] [Action] E ApplySemantics - (r,549378,549378),first_para
[Sun May 21 14:00:10 UTC 2023][INFO] [Action] E ItemChanged - -1,587721
[Sun May 21 14:00:13 UTC 2023][INFO] [Action] E ApplySemantics - (r,587878,587889),first_para
[Sun May 21 14:00:14 UTC 2023][INFO] [Action] E ItemChanged - -1,628373
[Sun May 21 14:00:17 UTC 2023][INFO] [Action] E ApplySemantics - (r,628647,628647),first_para
[Sun May 21 14:00:19 UTC 2023][INFO] [Action] E ItemChanged - -1,2343
[Sun May 21 14:00:50 UTC 2023][INFO] [Action] E DeleteContent - (r,2606,2729),B
[Sun May 21 14:00:50 UTC 2023][INFO] [Action] E DeleteContent - (c,2605,2),B
[Sun May 21 14:00:50 UTC 2023][INFO] [Action] E DeleteContent - (c,2605,1),B
[Sun May 21 14:00:54 UTC 2023][INFO] [Action] E DeleteContent - (c,2604,1),B
[Sun May 21 14:00:55 UTC 2023][INFO] [Action] E DeleteContent - (c,2603,1),B
[Sun May 21 14:00:55 UTC 2023][INFO] [Action] E DeleteContent - (c,2602,1),B
[Sun May 21 14:00:55 UTC 2023][INFO] [Action] E DeleteContent - (c,2601,1),B
[Sun May 21 14:01:06 UTC 2023][INFO] [Action] U DeleteContent
[Sun May 21 14:01:06 UTC 2023][INFO] [Action] U DeleteContent
[Sun May 21 14:01:06 UTC 2023][INFO] [Action] U DeleteContent
[Sun May 21 14:01:09 UTC 2023][INFO] [Action] U DeleteContent
[Sun May 21 14:01:13 UTC 2023][INFO] [Action] U DeleteContent
[Sun May 21 14:01:13 UTC 2023][INFO] [Action] U DeleteContent
[Sun May 21 14:01:13 UTC 2023][INFO] [Action] U DeleteContent
[Sun May 21 14:01:16 UTC 2023][INFO] [Action] U ApplySemantics
[Sun May 21 14:01:21 UTC 2023][INFO] [Action] E ApplySemantics - (r,628514,628514),first_para
[Sun May 21 14:01:24 UTC 2023][INFO] [Action] E ItemChanged - -1,1
[Sun May 21 14:01:28 UTC 2023][INFO] [Action] E SaveBook - Save
[Sun May 21 14:02:22 UTC 2023][INFO] [Action] E ItemChanged - -1,102
[Sun May 21 14:02:25 UTC 2023][INFO] [Action] E ItemChanged - -1,1
[Sun May 21 14:02:28 UTC 2023][INFO] [Action] E ItemChanged - -1,2343
[Sun May 21 14:03:01 UTC 2023][INFO] [Action] E DeleteContent - (r,7604,7605),B
[Sun May 21 14:03:03 UTC 2023][INFO] [Action] U DeleteContent
[Sun May 21 14:03:06 UTC 2023][INFO] [Action] E InsertSectionBreak - (c,7603,2)
[Sun May 21 14:03:06 UTC 2023][INFO] [Action] EFail InsertSectionBreak - 4
[Sun May 21 14:03:09 UTC 2023][INFO] [Action] U ApplySemantics
[Sun May 21 14:03:13 UTC 2023][INFO] [Action] E ApplySemantics - (r,628410,628410),first_para
[Sun May 21 14:03:14 UTC 2023][INFO] [Action] E ItemChanged - -1,2343
[Sun May 21 14:03:20 UTC 2023][INFO] [Action] E ItemChanged - -1,2343
[Sun May 21 14:03:20 UTC 2023][INFO] [Action] E ItemChanged - -1,7604
[Sun May 21 14:03:21 UTC 2023][INFO] [Action] E ItemChanged - -1,7604
[Sun May 21 14:03:23 UTC 2023][INFO] [Action] E DeleteContent - (r,7604,40638),B
[Sun May 21 14:03:24 UTC 2023][INFO] [Action] E ItemChanged - -1,2343
[Sun May 21 14:03:33 UTC 2023][INFO] [Action] U DeleteContent
[Sun May 21 14:03:37 UTC 2023][INFO] [Action] U ApplySemantics
[Sun May 21 14:03:40 UTC 2023][INFO] [Action] E ItemChanged - -1,7604
[Sun May 21 14:03:50 UTC 2023][INFO] Logger Terminated
[Sun May 21 14:04:12 UTC 2023][INFO] [Action] EE OpenBook - horizon_KC.kcb
[Sun May 21 14:04:15 UTC 2023][INFO] [Action] E ItemChanged - -1,2343
[Sun May 21 14:04:25 UTC 2023][INFO] [Action] E AddTextContainer - (c,12172,2),0,0,0
[Sun May 21 14:04:26 UTC 2023][INFO] [Action] E AddTextContainer - (c,12175,1),1,0,0
[Sun May 21 14:04:33 UTC 2023][INFO] [Action] U AddTextContainer
[Sun May 21 14:04:34 UTC 2023][INFO] [Action] U AddTextContainer
[Sun May 21 14:04:36 UTC 2023][INFO] [Action] E AddTextContainer - (c,12172,2),0,0,0
[Sun May 21 14:04:37 UTC 2023][INFO] [Action] E AddTextContainer - (c,12175,1),1,0,0
[Sun May 21 14:04:40 UTC 2023][INFO] [Action] E PreviewBook - 11987
[Sun May 21 14:05:14 UTC 2023][INFO] [Action] E ApplyThemeBook - cosmos_theme
[Sun May 21 14:05:37 UTC 2023][INFO] [Action] E InsertSeparator - (c,7601,2)
[Sun May 21 14:05:40 UTC 2023][INFO] [Action] E DeleteContent - (c,7603,2),B
[Sun May 21 14:05:40 UTC 2023][INFO] [Action] EFail DeleteContent - 4
[Sun May 21 14:05:41 UTC 2023][INFO] [Action] E DeleteContent - (c,7603,2),B
[Sun May 21 14:05:41 UTC 2023][INFO] [Action] EFail DeleteContent - 4
[Sun May 21 14:05:41 UTC 2023][INFO] [Action] E DeleteContent - (c,7603,2),B
[Sun May 21 14:05:41 UTC 2023][INFO] [Action] EFail DeleteContent - 4
[Sun May 21 14:05:48 UTC 2023][INFO] [Action] U InsertSeparator
[Sun May 21 14:05:58 UTC 2023][INFO] [Action] E AddTextContainer - (c,17515,2),0,0,0
[Sun May 21 14:06:01 UTC 2023][INFO] [Action] E AddTextContainer - (c,17518,1),1,0,0
[Sun May 21 14:06:14 UTC 2023][INFO] [Action] E AddTextContainer - (c,22284,2),0,0,0
[Sun May 21 14:06:15 UTC 2023][INFO] [Action] E AddTextContainer - (c,22287,1),1,0,0
[Sun May 21 14:06:19 UTC 2023][INFO] [Action] E AddTextContainer - (c,26368,2),0,0,0
[Sun May 21 14:06:21 UTC 2023][INFO] [Action] E AddTextContainer - (c,26371,1),1,0,0
[Sun May 21 14:06:26 UTC 2023][INFO] [Action] E AddTextContainer - (c,31512,2),0,0,0
[Sun May 21 14:06:27 UTC 2023][INFO] [Action] E AddTextContainer - (c,31515,1),1,0,0
[Sun May 21 14:06:40 UTC 2023][INFO] [Action] E AddTextContainer - (c,36207,2),0,0,0
[Sun May 21 14:06:43 UTC 2023][INFO] [Action] E AddTextContainer - (c,36210,1),1,0,0
[Sun May 21 14:06:55 UTC 2023][INFO] [Action] E AddTextContainer - (c,46376,2),0,0,0
[Sun May 21 14:06:57 UTC 2023][INFO] [Action] E AddTextContainer - (c,46379,1),1,0,0
[Sun May 21 14:07:01 UTC 2023][INFO] [Action] E AddTextContainer - (c,50071,2),0,0,0
[Sun May 21 14:07:02 UTC 2023][INFO] [Action] E AddTextContainer - (c,50074,1),1,0,0
[Sun May 21 14:07:08 UTC 2023][INFO] [Action] U AddTextContainer
[Sun May 21 14:07:08 UTC 2023][INFO] [Action] U AddTextContainer
[Sun May 21 14:07:09 UTC 2023][INFO] [Action] U AddTextContainer
[Sun May 21 14:07:10 UTC 2023][INFO] [Action] U AddTextContainer
[Sun May 21 14:07:10 UTC 2023][INFO] [Action] U AddTextContainer
[Sun May 21 14:07:10 UTC 2023][INFO] [Action] U AddTextContainer
[Sun May 21 14:07:11 UTC 2023][INFO] [Action] U AddTextContainer
[Sun May 21 14:07:12 UTC 2023][INFO] [Action] U AddTextContainer
[Sun May 21 14:07:12 UTC 2023][INFO] [Action] U AddTextContainer
[Sun May 21 14:07:12 UTC 2023][INFO] [Action] U AddTextContainer
[Sun May 21 14:07:13 UTC 2023][INFO] [Action] U AddTextContainer
[Sun May 21 14:07:14 UTC 2023][INFO] [Action] U AddTextContainer
[Sun May 21 14:07:14 UTC 2023][INFO] [Action] U AddTextContainer
[Sun May 21 14:07:15 UTC 2023][INFO] [Action] U AddTextContainer
[Sun May 21 14:07:15 UTC 2023][INFO] [Action] U ApplyThemeBook
[Sun May 21 14:07:16 UTC 2023][INFO] [Action] U AddTextContainer
[Sun May 21 14:07:16 UTC 2023][INFO] [Action] U AddTextContainer
[Sun May 21 14:07:27 UTC 2023][INFO] [Action] E MergeContainer - 7603,1
[Sun May 21 14:07:27 UTC 2023][INFO] [Action] EFail MergeContainer - 5
[Sun May 21 14:07:30 UTC 2023][INFO] [Action] E MergeContainer - 7601,1
[Sun May 21 14:07:31 UTC 2023][INFO] [Action] E MergeContainer - 7602,1
[Sun May 21 14:07:31 UTC 2023][INFO] [Action] EFail MergeContainer - 5
[Sun May 21 14:07:31 UTC 2023][INFO] [Action] E MergeContainer - 7602,1
[Sun May 21 14:07:31 UTC 2023][INFO] [Action] EFail MergeContainer - 5
[Sun May 21 14:07:33 UTC 2023][INFO] [Action] E MergeContainer - 7603,1
[Sun May 21 14:08:44 UTC 2023][INFO] [Action] E SaveBook - Save
[Sun May 21 14:08:45 UTC 2023][INFO] [Action] E PreviewBook - 272867
[Sun May 21 14:10:37 UTC 2023][INFO] [Action] E ItemChanged - -1,628371
[Sun May 21 14:10:43 UTC 2023][INFO] [Action] E PreviewBook - 628371
[Sun May 21 14:11:14 UTC 2023][INFO] [Action] E ItemChanged - -1,667724
[Sun May 21 14:11:28 UTC 2023][INFO] [Action] E ItemChanged - -1,40637
[Sun May 21 14:11:29 UTC 2023][INFO] [Action] E ItemChanged - -1,40637
[Sun May 21 14:11:30 UTC 2023][INFO] [Action] E ItemChanged - -1,1
[Sun May 21 14:11:32 UTC 2023][INFO] [Action] E PreviewBook - 1
[Sun May 21 14:11:53 UTC 2023][INFO] [Action] E ItemChanged - -1,102
[Sun May 21 14:12:00 UTC 2023][INFO] [Action] E ItemChanged - -1,438
[Sun May 21 14:12:02 UTC 2023][INFO] [Action] E ItemChanged - -1,102
[Sun May 21 14:12:08 UTC 2023][INFO] [Action] E ItemChanged - -1,438
[Sun May 21 14:12:09 UTC 2023][INFO] [Action] E ItemChanged - -1,2343
[Sun May 21 14:12:11 UTC 2023][INFO] [Action] E ItemChanged - -1,438
[Sun May 21 14:12:11 UTC 2023][INFO] [Action] E ItemChanged - -1,2343
[Sun May 21 14:12:13 UTC 2023][INFO] [Action] E ItemChanged - -1,438
[Sun May 21 14:12:16 UTC 2023][INFO] [Action] E InsertTextContent - (c,438,1),[P]
[Sun May 21 14:12:17 UTC 2023][INFO] [Action] E InsertTextContent - (c,439,2),[r]
[Sun May 21 14:12:17 UTC 2023][INFO] [Action] E InsertTextContent - (c,441,2),[o]
[Sun May 21 14:12:18 UTC 2023][INFO] [Action] E InsertTextContent - (c,443,2),[g]
[Sun May 21 14:12:18 UTC 2023][INFO] [Action] E InsertTextContent - (c,445,2),[o]
[Sun May 21 14:12:19 UTC 2023][INFO] [Action] E InsertTextContent - (c,447,2),[g]
[Sun May 21 14:12:19 UTC 2023][INFO] [Action] E InsertTextContent - (c,449,2),[u]
[Sun May 21 14:12:19 UTC 2023][INFO] [Action] E InsertTextContent - (c,451,2),[e]
[Sun May 21 14:12:19 UTC 2023][INFO] [Action] E InsertTextContent - (c,453,2),[:]
[Sun May 21 14:12:20 UTC 2023][INFO] [Action] E InsertTextContent - (c,455,2),[SPACE]
[Sun May 21 14:12:20 UTC 2023][INFO] [Action] E DeleteContent - (c,457,2),B
[Sun May 21 14:12:21 UTC 2023][INFO] [Action] E DeleteContent - (c,456,1),B
[Sun May 21 14:12:21 UTC 2023][INFO] [Action] E InsertTextContent - (c,454,1),[SPACE]
[Sun May 21 14:12:21 UTC 2023][INFO] [Action] E InsertTextContent - (c,455,2),[-]
[Sun May 21 14:12:21 UTC 2023][INFO] [Action] E InsertTextContent - (c,457,2),[SPACE]
[Sun May 21 14:12:25 UTC 2023][INFO] [Action] E ItemChanged - -1,663047
[Sun May 21 14:12:26 UTC 2023][INFO] [Action] E InsertTextContent - (c,663047,1),[E]
[Sun May 21 14:12:26 UTC 2023][INFO] [Action] E InsertTextContent - (c,663048,2),[p]
[Sun May 21 14:12:26 UTC 2023][INFO] [Action] E InsertTextContent - (c,663050,2),[i]
[Sun May 21 14:12:27 UTC 2023][INFO] [Action] E InsertTextContent - (c,663052,2),[l]
[Sun May 21 14:12:27 UTC 2023][INFO] [Action] E InsertTextContent - (c,663054,2),[o]
[Sun May 21 14:12:28 UTC 2023][INFO] [Action] E InsertTextContent - (c,663056,2),[g]
[Sun May 21 14:12:28 UTC 2023][INFO] [Action] E InsertTextContent - (c,663058,2),[u]
[Sun May 21 14:12:29 UTC 2023][INFO] [Action] E InsertTextContent - (c,663060,2),[e]
[Sun May 21 14:12:31 UTC 2023][INFO] [Action] E SplitContainer - 663063
[Sun May 21 14:12:33 UTC 2023][INFO] [Action] E MergeContainer - 663043,1
[Sun May 21 14:12:35 UTC 2023][INFO] [Action] E SplitContainer - 663063
[Sun May 21 14:12:37 UTC 2023][INFO] [Action] E ApplySemantics - (r,663043,663043),other_page_subtitle
[Sun May 21 14:12:42 UTC 2023][INFO] [Action] E ItemChanged - -1,437
[Sun May 21 14:12:47 UTC 2023][INFO] [Action] E DeleteContent - (c,448,1),B
[Sun May 21 14:12:47 UTC 2023][INFO] [Action] E DeleteContent - (c,446,1),B
[Sun May 21 14:12:47 UTC 2023][INFO] [Action] E DeleteContent - (c,444,1),B
[Sun May 21 14:12:48 UTC 2023][INFO] [Action] E SplitContainer - 442
[Sun May 21 14:12:50 UTC 2023][INFO] [Action] E ApplySemantics - (r,436,436),other_page_subtitle
[Sun May 21 14:12:56 UTC 2023][INFO] [Action] E ItemChanged - -1,40635
[Sun May 21 14:13:02 UTC 2023][INFO] [Action] E InsertTextContent - (c,40635,1),[C]
[Sun May 21 14:13:03 UTC 2023][INFO] [Action] E InsertTextContent - (c,40636,2),[h]
[Sun May 21 14:13:03 UTC 2023][INFO] [Action] E InsertTextContent - (c,40638,2),[a]
[Sun May 21 14:13:04 UTC 2023][INFO] [Action] E InsertTextContent - (c,40640,2),[p]
[Sun May 21 14:13:04 UTC 2023][INFO] [Action] E InsertTextContent - (c,40642,2),[t]
[Sun May 21 14:13:04 UTC 2023][INFO] [Action] E InsertTextContent - (c,40644,2),[e]
[Sun May 21 14:13:05 UTC 2023][INFO] [Action] E InsertTextContent - (c,40646,2),[r]
[Sun May 21 14:13:05 UTC 2023][INFO] [Action] E InsertTextContent - (c,40648,2),[SPACE]
[Sun May 21 14:13:05 UTC 2023][INFO] [Action] E InsertTextContent - (c,40650,2),[1]
[Sun May 21 14:13:06 UTC 2023][INFO] [Action] E SplitContainer - 40653
[Sun May 21 14:13:07 UTC 2023][INFO] [Action] E ApplySemantics - (r,40638,40638),chapter_subtitle
[Sun May 21 14:13:11 UTC 2023][INFO] [Action] E ItemChanged - -1,75969
[Sun May 21 14:13:12 UTC 2023][INFO] [Action] E ItemChanged - -1,2335
[Sun May 21 14:13:13 UTC 2023][INFO] [Action] E ItemChanged - -1,40629
[Sun May 21 14:13:15 UTC 2023][INFO] [Action] E DeleteContent - (c,40637,2),B
[Sun May 21 14:13:15 UTC 2023][INFO] [Action] E InsertTextContent - (c,40635,2),[2]
[Sun May 21 14:13:17 UTC 2023][INFO] [Action] E ItemChanged - -1,2335
[Sun May 21 14:13:19 UTC 2023][INFO] [Action] E InsertTextContent - (c,2335,1),[C]
[Sun May 21 14:13:19 UTC 2023][INFO] [Action] E InsertTextContent - (c,2336,2),[h]
[Sun May 21 14:13:19 UTC 2023][INFO] [Action] E InsertTextContent - (c,2338,2),[a]
[Sun May 21 14:13:19 UTC 2023][INFO] [Action] E InsertTextContent - (c,2340,2),[o]
[Sun May 21 14:13:19 UTC 2023][INFO] [Action] E InsertTextContent - (c,2342,2),[p]
[Sun May 21 14:13:20 UTC 2023][INFO] [Action] E DeleteContent - (c,2344,2),B
[Sun May 21 14:13:20 UTC 2023][INFO] [Action] E DeleteContent - (c,2343,1),B
[Sun May 21 14:13:21 UTC 2023][INFO] [Action] E InsertTextContent - (c,2341,1),[p]
[Sun May 21 14:13:21 UTC 2023][INFO] [Action] E InsertTextContent - (c,2342,2),[t]
[Sun May 21 14:13:21 UTC 2023][INFO] [Action] E InsertTextContent - (c,2344,2),[e]
[Sun May 21 14:13:21 UTC 2023][INFO] [Action] E InsertTextContent - (c,2346,2),[r]
[Sun May 21 14:13:21 UTC 2023][INFO] [Action] E InsertTextContent - (c,2348,2),[SPACE]
[Sun May 21 14:13:22 UTC 2023][INFO] [Action] E InsertTextContent - (c,2350,2),[1]
[Sun May 21 14:13:22 UTC 2023][INFO] [Action] E SplitContainer - 2353
[Sun May 21 14:13:24 UTC 2023][INFO] [Action] E ApplySemantics - (r,2338,2338),chapter_subtitle
[Sun May 21 14:13:28 UTC 2023][INFO] [Action] E ItemChanged - -1,75972
[Sun May 21 14:13:29 UTC 2023][INFO] [Action] E InsertTextContent - (c,75972,1),[C]
[Sun May 21 14:13:29 UTC 2023][INFO] [Action] E InsertTextContent - (c,75973,2),[h]
[Sun May 21 14:13:29 UTC 2023][INFO] [Action] E InsertTextContent - (c,75975,2),[a]
[Sun May 21 14:13:29 UTC 2023][INFO] [Action] E InsertTextContent - (c,75977,2),[p]
[Sun May 21 14:13:30 UTC 2023][INFO] [Action] E InsertTextContent - (c,75979,2),[t]
[Sun May 21 14:13:30 UTC 2023][INFO] [Action] E InsertTextContent - (c,75981,2),[e]
[Sun May 21 14:13:30 UTC 2023][INFO] [Action] E InsertTextContent - (c,75983,2),[r]
[Sun May 21 14:13:30 UTC 2023][INFO] [Action] E InsertTextContent - (c,75985,2),[SPACE]
[Sun May 21 14:13:31 UTC 2023][INFO] [Action] E InsertTextContent - (c,75987,2),[3]
[Sun May 21 14:13:31 UTC 2023][INFO] [Action] E SplitContainer - 75990
[Sun May 21 14:13:33 UTC 2023][INFO] [Action] E ApplySemantics - (r,75981,75981),chapter_subtitle
[Sun May 21 14:13:37 UTC 2023][INFO] [Action] E PreviewBook - 75972
[Sun May 21 14:13:46 UTC 2023][INFO] [Action] E ItemChanged - -1,111860
[Sun May 21 14:13:48 UTC 2023][INFO] [Action] E InsertTextContent - (c,111860,1),[c]
[Sun May 21 14:13:49 UTC 2023][INFO] [Action] E InsertTextContent - (c,111861,2),[h]
[Sun May 21 14:13:49 UTC 2023][INFO] [Action] E InsertTextContent - (c,111863,2),[a]
[Sun May 21 14:13:49 UTC 2023][INFO] [Action] E InsertTextContent - (c,111865,2),[p]
[Sun May 21 14:13:49 UTC 2023][INFO] [Action] E InsertTextContent - (c,111867,2),[t]
[Sun May 21 14:13:49 UTC 2023][INFO] [Action] E InsertTextContent - (c,111869,2),[e]
[Sun May 21 14:13:49 UTC 2023][INFO] [Action] E InsertTextContent - (c,111871,2),[r]
[Sun May 21 14:13:50 UTC 2023][INFO] [Action] E InsertTextContent - (c,111873,2),[SPACE]
[Sun May 21 14:13:50 UTC 2023][INFO] [Action] E InsertTextContent - (c,111875,2),[4]
[Sun May 21 14:13:50 UTC 2023][INFO] [Action] E SplitContainer - 111878
[Sun May 21 14:13:52 UTC 2023][INFO] [Action] E ApplySemantics - (r,111859,111859),chapter_subtitle
[Sun May 21 14:13:56 UTC 2023][INFO] [Action] E InsertTextContent - (r,111850,111850),[C]
[Sun May 21 14:13:57 UTC 2023][INFO] [Action] E ItemChanged - -1,151879
[Sun May 21 14:13:59 UTC 2023][INFO] [Action] E InsertTextContent - (c,151879,1),[C]
[Sun May 21 14:13:59 UTC 2023][INFO] [Action] E InsertTextContent - (c,151880,2),[h]
[Sun May 21 14:13:59 UTC 2023][INFO] [Action] E InsertTextContent - (c,151882,2),[a]
[Sun May 21 14:13:59 UTC 2023][INFO] [Action] E InsertTextContent - (c,151884,2),[p]
[Sun May 21 14:13:59 UTC 2023][INFO] [Action] E InsertTextContent - (c,151886,2),[t]
[Sun May 21 14:14:00 UTC 2023][INFO] [Action] E InsertTextContent - (c,151888,2),[e]
[Sun May 21 14:14:00 UTC 2023][INFO] [Action] E InsertTextContent - (c,151890,2),[r]
[Sun May 21 14:14:00 UTC 2023][INFO] [Action] E InsertTextContent - (c,151892,2),[SPACE]
[Sun May 21 14:14:01 UTC 2023][INFO] [Action] E InsertTextContent - (c,151894,2),[5]
[Sun May 21 14:14:01 UTC 2023][INFO] [Action] E SplitContainer - 151897
[Sun May 21 14:14:03 UTC 2023][INFO] [Action] E ApplySemantics - (r,151885,151885),chapter_subtitle
[Sun May 21 14:14:04 UTC 2023][INFO] [Action] E ItemChanged - -1,190155
[Sun May 21 14:14:05 UTC 2023][INFO] [Action] E InsertTextContent - (c,190155,1),[C]
[Sun May 21 14:14:06 UTC 2023][INFO] [Action] E InsertTextContent - (c,190156,2),[h]
[Sun May 21 14:14:06 UTC 2023][INFO] [Action] E InsertTextContent - (c,190158,2),[a]
[Sun May 21 14:14:06 UTC 2023][INFO] [Action] E InsertTextContent - (c,190160,2),[p]
[Sun May 21 14:14:06 UTC 2023][INFO] [Action] E InsertTextContent - (c,190162,2),[o]
[Sun May 21 14:14:07 UTC 2023][INFO] [Action] E DeleteContent - (c,190164,2),B
[Sun May 21 14:14:08 UTC 2023][INFO] [Action] E InsertTextContent - (c,190163,1),[t]
[Sun May 21 14:14:08 UTC 2023][INFO] [Action] E InsertTextContent - (c,190164,2),[e]
[Sun May 21 14:14:08 UTC 2023][INFO] [Action] E InsertTextContent - (c,190166,2),[r]
[Sun May 21 14:14:08 UTC 2023][INFO] [Action] E InsertTextContent - (c,190168,2),[SPACE]
[Sun May 21 14:14:08 UTC 2023][INFO] [Action] E InsertTextContent - (c,190170,2),[6]
[Sun May 21 14:14:09 UTC 2023][INFO] [Action] E SplitContainer - 190173
[Sun May 21 14:14:11 UTC 2023][INFO] [Action] E ApplySemantics - (r,190156,190156),chapter_subtitle
[Sun May 21 14:14:12 UTC 2023][INFO] [Action] E ItemChanged - -1,232527
[Sun May 21 14:14:13 UTC 2023][INFO] [Action] E InsertTextContent - (c,232527,1),[C]
[Sun May 21 14:14:14 UTC 2023][INFO] [Action] E InsertTextContent - (c,232528,2),[h]
[Sun May 21 14:14:14 UTC 2023][INFO] [Action] E InsertTextContent - (c,232530,2),[a]
[Sun May 21 14:14:14 UTC 2023][INFO] [Action] E InsertTextContent - (c,232532,2),[p]
[Sun May 21 14:14:14 UTC 2023][INFO] [Action] E InsertTextContent - (c,232534,2),[t]
[Sun May 21 14:14:14 UTC 2023][INFO] [Action] E InsertTextContent - (c,232536,2),[e]
[Sun May 21 14:14:14 UTC 2023][INFO] [Action] E InsertTextContent - (c,232538,2),[r]
[Sun May 21 14:14:14 UTC 2023][INFO] [Action] E InsertTextContent - (c,232540,2),[SPACE]
[Sun May 21 14:14:15 UTC 2023][INFO] [Action] E InsertTextContent - (c,232542,2),[7]
[Sun May 21 14:14:15 UTC 2023][INFO] [Action] E SplitContainer - 232545
[Sun May 21 14:14:17 UTC 2023][INFO] [Action] E ApplySemantics - (r,232527,232527),chapter_subtitle
[Sun May 21 14:14:18 UTC 2023][INFO] [Action] E ItemChanged - -1,270111
[Sun May 21 14:14:19 UTC 2023][INFO] [Action] E ItemChanged - -1,270111
[Sun May 21 14:14:22 UTC 2023][INFO] [Action] E ItemChanged - -1,663044
[Sun May 21 14:14:24 UTC 2023][INFO] [Action] E ItemChanged - -1,270111
[Sun May 21 14:14:24 UTC 2023][INFO] [Action] E InsertTextContent - (c,270111,1),[C]
[Sun May 21 14:14:25 UTC 2023][INFO] [Action] E InsertTextContent - (c,270112,2),[h]
[Sun May 21 14:14:25 UTC 2023][INFO] [Action] E InsertTextContent - (c,270114,2),[a]
[Sun May 21 14:14:25 UTC 2023][INFO] [Action] E InsertTextContent - (c,270116,2),[p]
[Sun May 21 14:14:25 UTC 2023][INFO] [Action] E InsertTextContent - (c,270118,2),[t]
[Sun May 21 14:14:25 UTC 2023][INFO] [Action] E InsertTextContent - (c,270120,2),[e]
[Sun May 21 14:14:25 UTC 2023][INFO] [Action] E InsertTextContent - (c,270122,2),[r]
[Sun May 21 14:14:25 UTC 2023][INFO] [Action] E InsertTextContent - (c,270124,2),[SPACE]
[Sun May 21 14:14:26 UTC 2023][INFO] [Action] E InsertTextContent - (c,270126,2),[8]
[Sun May 21 14:14:26 UTC 2023][INFO] [Action] E InsertTextContent - (c,270128,2),[\]
[Sun May 21 14:14:27 UTC 2023][INFO] [Action] E DeleteContent - (c,270130,2),B
[Sun May 21 14:14:27 UTC 2023][INFO] [Action] E SplitContainer - 270129
[Sun May 21 14:14:29 UTC 2023][INFO] [Action] E ApplySemantics - (r,270115,270115),chapter_subtitle
[Sun May 21 14:14:30 UTC 2023][INFO] [Action] E ItemChanged - -1,309904
[Sun May 21 14:14:31 UTC 2023][INFO] [Action] E InsertTextContent - (c,309904,1),[C]
[Sun May 21 14:14:31 UTC 2023][INFO] [Action] E InsertTextContent - (c,309905,2),[h]
[Sun May 21 14:14:32 UTC 2023][INFO] [Action] E InsertTextContent - (c,309907,2),[a]
[Sun May 21 14:14:32 UTC 2023][INFO] [Action] E InsertTextContent - (c,309909,2),[p]
[Sun May 21 14:14:32 UTC 2023][INFO] [Action] E InsertTextContent - (c,309911,2),[t]
[Sun May 21 14:14:32 UTC 2023][INFO] [Action] E InsertTextContent - (c,309913,2),[e]
[Sun May 21 14:14:32 UTC 2023][INFO] [Action] E InsertTextContent - (c,309915,2),[r]
[Sun May 21 14:14:32 UTC 2023][INFO] [Action] E InsertTextContent - (c,309917,2),[SPACE]
[Sun May 21 14:14:32 UTC 2023][INFO] [Action] E InsertTextContent - (c,309919,2),[9]
[Sun May 21 14:14:33 UTC 2023][INFO] [Action] E SplitContainer - 309922
[Sun May 21 14:14:35 UTC 2023][INFO] [Action] E ApplySemantics - (r,309910,309910),chapter_subtitle
[Sun May 21 14:14:36 UTC 2023][INFO] [Action] E ItemChanged - -1,348526
[Sun May 21 14:14:37 UTC 2023][INFO] [Action] E InsertTextContent - (c,348526,1),[C]
[Sun May 21 14:14:37 UTC 2023][INFO] [Action] E InsertTextContent - (c,348527,2),[h]
[Sun May 21 14:14:37 UTC 2023][INFO] [Action] E InsertTextContent - (c,348529,2),[a]
[Sun May 21 14:14:38 UTC 2023][INFO] [Action] E InsertTextContent - (c,348531,2),[p]
[Sun May 21 14:14:38 UTC 2023][INFO] [Action] E InsertTextContent - (c,348533,2),[t]
[Sun May 21 14:14:38 UTC 2023][INFO] [Action] E InsertTextContent - (c,348535,2),[e]
[Sun May 21 14:14:38 UTC 2023][INFO] [Action] E InsertTextContent - (c,348537,2),[r]
[Sun May 21 14:14:38 UTC 2023][INFO] [Action] E InsertTextContent - (c,348539,2),[SPACE]
[Sun May 21 14:14:38 UTC 2023][INFO] [Action] E InsertTextContent - (c,348541,2),[1]
[Sun May 21 14:14:38 UTC 2023][INFO] [Action] E InsertTextContent - (c,348543,2),[0]
[Sun May 21 14:14:39 UTC 2023][INFO] [Action] E SplitContainer - 348546
[Sun May 21 14:14:41 UTC 2023][INFO] [Action] E ApplySemantics - (r,348528,348528),chapter_subtitle
[Sun May 21 14:14:42 UTC 2023][INFO] [Action] E ItemChanged - -1,389597
[Sun May 21 14:14:43 UTC 2023][INFO] [Action] E InsertTextContent - (c,389597,1),[C]
[Sun May 21 14:14:43 UTC 2023][INFO] [Action] E InsertTextContent - (c,389598,2),[h]
[Sun May 21 14:14:43 UTC 2023][INFO] [Action] E InsertTextContent - (c,389600,2),[a]
[Sun May 21 14:14:43 UTC 2023][INFO] [Action] E InsertTextContent - (c,389602,2),[p]
[Sun May 21 14:14:44 UTC 2023][INFO] [Action] E InsertTextContent - (c,389604,2),[t]
[Sun May 21 14:14:44 UTC 2023][INFO] [Action] E InsertTextContent - (c,389606,2),[e]
[Sun May 21 14:14:44 UTC 2023][INFO] [Action] E InsertTextContent - (c,389608,2),[r]
[Sun May 21 14:14:44 UTC 2023][INFO] [Action] E InsertTextContent - (c,389610,2),[SPACE]
[Sun May 21 14:14:44 UTC 2023][INFO] [Action] E InsertTextContent - (c,389612,2),[1]
[Sun May 21 14:14:45 UTC 2023][INFO] [Action] E InsertTextContent - (c,389614,2),[1]
[Sun May 21 14:14:45 UTC 2023][INFO] [Action] E SplitContainer - 389617
[Sun May 21 14:14:48 UTC 2023][INFO] [Action] E ApplySemantics - (r,389604,389604),chapter_subtitle
[Sun May 21 14:14:49 UTC 2023][INFO] [Action] E ItemChanged - -1,421995
[Sun May 21 14:14:50 UTC 2023][INFO] [Action] E InsertTextContent - (c,421995,1),[C]
[Sun May 21 14:14:50 UTC 2023][INFO] [Action] E InsertTextContent - (c,421996,2),[h]
[Sun May 21 14:14:50 UTC 2023][INFO] [Action] E InsertTextContent - (c,421998,2),[a]
[Sun May 21 14:14:50 UTC 2023][INFO] [Action] E InsertTextContent - (c,422000,2),[p]
[Sun May 21 14:14:50 UTC 2023][INFO] [Action] E InsertTextContent - (c,422002,2),[t]
[Sun May 21 14:14:50 UTC 2023][INFO] [Action] E InsertTextContent - (c,422004,2),[e]
[Sun May 21 14:14:51 UTC 2023][INFO] [Action] E InsertTextContent - (c,422006,2),[r]
[Sun May 21 14:14:51 UTC 2023][INFO] [Action] E InsertTextContent - (c,422008,2),[SPACE]
[Sun May 21 14:14:51 UTC 2023][INFO] [Action] E InsertTextContent - (c,422010,2),[1]
[Sun May 21 14:14:51 UTC 2023][INFO] [Action] E InsertTextContent - (c,422012,2),[2]
[Sun May 21 14:14:51 UTC 2023][INFO] [Action] E SplitContainer - 422015
[Sun May 21 14:14:54 UTC 2023][INFO] [Action] E ApplySemantics - (r,421997,421997),chapter_subtitle
[Sun May 21 14:14:55 UTC 2023][INFO] [Action] E ItemChanged - -1,460295
[Sun May 21 14:14:56 UTC 2023][INFO] [Action] E ItemChanged - -1,460295
[Sun May 21 14:14:57 UTC 2023][INFO] [Action] E InsertTextContent - (c,460295,1),[C]
[Sun May 21 14:14:57 UTC 2023][INFO] [Action] E InsertTextContent - (c,460296,2),[h]
[Sun May 21 14:14:57 UTC 2023][INFO] [Action] E InsertTextContent - (c,460298,2),[a]
[Sun May 21 14:14:57 UTC 2023][INFO] [Action] E InsertTextContent - (c,460300,2),[p]
[Sun May 21 14:14:58 UTC 2023][INFO] [Action] E InsertTextContent - (c,460302,2),[t]
[Sun May 21 14:14:58 UTC 2023][INFO] [Action] E InsertTextContent - (c,460304,2),[e]
[Sun May 21 14:14:58 UTC 2023][INFO] [Action] E InsertTextContent - (c,460306,2),[r]
[Sun May 21 14:14:58 UTC 2023][INFO] [Action] E InsertTextContent - (c,460308,2),[SPACE]
[Sun May 21 14:14:58 UTC 2023][INFO] [Action] E InsertTextContent - (c,460310,2),[1]
[Sun May 21 14:14:59 UTC 2023][INFO] [Action] E InsertTextContent - (c,460312,2),[3]
[Sun May 21 14:14:59 UTC 2023][INFO] [Action] E SplitContainer - 460315
[Sun May 21 14:15:01 UTC 2023][INFO] [Action] E ApplySemantics - (r,460295,460295),chapter_subtitle
[Sun May 21 14:15:02 UTC 2023][INFO] [Action] E ItemChanged - -1,497602
[Sun May 21 14:15:03 UTC 2023][INFO] [Action] E InsertTextContent - (c,497602,1),[C]
[Sun May 21 14:15:03 UTC 2023][INFO] [Action] E InsertTextContent - (c,497603,2),[h]
[Sun May 21 14:15:03 UTC 2023][INFO] [Action] E InsertTextContent - (c,497605,2),[a]
[Sun May 21 14:15:04 UTC 2023][INFO] [Action] E InsertTextContent - (c,497607,2),[p]
[Sun May 21 14:15:04 UTC 2023][INFO] [Action] E InsertTextContent - (c,497609,2),[t]
[Sun May 21 14:15:04 UTC 2023][INFO] [Action] E InsertTextContent - (c,497611,2),[e]
[Sun May 21 14:15:04 UTC 2023][INFO] [Action] E InsertTextContent - (c,497613,2),[r]
[Sun May 21 14:15:04 UTC 2023][INFO] [Action] E InsertTextContent - (c,497615,2),[SPACE]
[Sun May 21 14:15:05 UTC 2023][INFO] [Action] E InsertTextContent - (c,497617,2),[1]
[Sun May 21 14:15:05 UTC 2023][INFO] [Action] E InsertTextContent - (c,497619,2),[4]
[Sun May 21 14:15:06 UTC 2023][INFO] [Action] E SplitContainer - 497622
[Sun May 21 14:15:07 UTC 2023][INFO] [Action] E ApplySemantics - (r,497595,497595),chapter_subtitle
[Sun May 21 14:15:09 UTC 2023][INFO] [Action] E ItemChanged - -1,549135
[Sun May 21 14:15:10 UTC 2023][INFO] [Action] E InsertTextContent - (c,549135,1),[C]
[Sun May 21 14:15:10 UTC 2023][INFO] [Action] E InsertTextContent - (c,549136,2),[h]
[Sun May 21 14:15:10 UTC 2023][INFO] [Action] E InsertTextContent - (c,549138,2),[a]
[Sun May 21 14:15:10 UTC 2023][INFO] [Action] E InsertTextContent - (c,549140,2),[p]
[Sun May 21 14:15:10 UTC 2023][INFO] [Action] E InsertTextContent - (c,549142,2),[t]
[Sun May 21 14:15:10 UTC 2023][INFO] [Action] E InsertTextContent - (c,549144,2),[e]
[Sun May 21 14:15:11 UTC 2023][INFO] [Action] E InsertTextContent - (c,549146,2),[r]
[Sun May 21 14:15:11 UTC 2023][INFO] [Action] E InsertTextContent - (c,549148,2),[SPACE]
[Sun May 21 14:15:11 UTC 2023][INFO] [Action] E InsertTextContent - (c,549150,2),[1]
[Sun May 21 14:15:11 UTC 2023][INFO] [Action] E InsertTextContent - (c,549152,2),[5]
[Sun May 21 14:15:11 UTC 2023][INFO] [Action] E SplitContainer - 549155
[Sun May 21 14:15:13 UTC 2023][INFO] [Action] E ApplySemantics - (r,549144,549144),chapter_subtitle
[Sun May 21 14:15:14 UTC 2023][INFO] [Action] E ItemChanged - -1,587761
[Sun May 21 14:15:15 UTC 2023][INFO] [Action] E InsertTextContent - (c,587761,1),[C]
[Sun May 21 14:15:16 UTC 2023][INFO] [Action] E InsertTextContent - (c,587762,2),[h]
[Sun May 21 14:15:16 UTC 2023][INFO] [Action] E InsertTextContent - (c,587764,2),[a]
[Sun May 21 14:15:16 UTC 2023][INFO] [Action] E InsertTextContent - (c,587766,2),[p]
[Sun May 21 14:15:16 UTC 2023][INFO] [Action] E InsertTextContent - (c,587768,2),[t]
[Sun May 21 14:15:16 UTC 2023][INFO] [Action] E InsertTextContent - (c,587770,2),[e]
[Sun May 21 14:15:16 UTC 2023][INFO] [Action] E InsertTextContent - (c,587772,2),[r]
[Sun May 21 14:15:17 UTC 2023][INFO] [Action] E InsertTextContent - (c,587774,2),[SPACE]
[Sun May 21 14:15:17 UTC 2023][INFO] [Action] E InsertTextContent - (c,587776,2),[1]
[Sun May 21 14:15:17 UTC 2023][INFO] [Action] E InsertTextContent - (c,587778,2),[6]
[Sun May 21 14:15:17 UTC 2023][INFO] [Action] E SplitContainer - 587781
[Sun May 21 14:15:19 UTC 2023][INFO] [Action] E ApplySemantics - (r,587759,587759),chapter_subtitle
[Sun May 21 14:15:20 UTC 2023][INFO] [Action] E ItemChanged - -1,628411
[Sun May 21 14:15:21 UTC 2023][INFO] [Action] E InsertTextContent - (c,628411,1),[C]
[Sun May 21 14:15:21 UTC 2023][INFO] [Action] E InsertTextContent - (c,628412,2),[h]
[Sun May 21 14:15:21 UTC 2023][INFO] [Action] E InsertTextContent - (c,628414,2),[a]
[Sun May 21 14:15:21 UTC 2023][INFO] [Action] E InsertTextContent - (c,628416,2),[p]
[Sun May 21 14:15:21 UTC 2023][INFO] [Action] E InsertTextContent - (c,628418,2),[t]
[Sun May 21 14:15:22 UTC 2023][INFO] [Action] E InsertTextContent - (c,628420,2),[e]
[Sun May 21 14:15:22 UTC 2023][INFO] [Action] E InsertTextContent - (c,628422,2),[r]
[Sun May 21 14:15:22 UTC 2023][INFO] [Action] E InsertTextContent - (c,628424,2),[SPACE]
[Sun May 21 14:15:22 UTC 2023][INFO] [Action] E InsertTextContent - (c,628426,2),[1]
[Sun May 21 14:15:22 UTC 2023][INFO] [Action] E InsertTextContent - (c,628428,2),[7]
[Sun May 21 14:15:22 UTC 2023][INFO] [Action] E SplitContainer - 628431
[Sun May 21 14:15:24 UTC 2023][INFO] [Action] E ApplySemantics - (r,628416,628416),chapter_subtitle
[Sun May 21 14:15:28 UTC 2023][INFO] [Action] E ItemChanged - -1,1
[Sun May 21 14:15:31 UTC 2023][INFO] [Action] E PreviewBook - 1
[Sun May 21 14:16:29 UTC 2023][INFO] [Action] E SaveBook - Save
[Sun May 21 14:16:32 UTC 2023][INFO] [Action] E SaveBook - SaveforExport
[Sun May 21 14:18:19 UTC 2023][INFO] [Action] EE ExportAction
[Sun May 21 14:18:23 UTC 2023][INFO] [Action] E SaveBook - Save
[Sun May 21 14:18:23 UTC 2023][INFO] Logger Terminated
[Sun May 21 15:02:09 UTC 2023][INFO] [Action] EE OpenBook - horizon_KC.kcb
[Sun May 21 15:02:24 UTC 2023][INFO] [Action] E SaveBook - SaveAs
[Sun May 21 15:02:31 UTC 2023][INFO] [Action] EFail SaveBook - 4
[Sun May 21 15:03:03 UTC 2023][INFO] [Action] E PreviewBook - 1
[Sun May 21 15:03:33 UTC 2023][INFO] [Action] E SaveBook - Save
[Sun May 21 15:03:33 UTC 2023][INFO] Logger Terminated
[Mon May 22 02:20:51 UTC 2023][INFO] [Action] EE OpenBook - horizon_KC.kcb
[Mon May 22 02:20:55 UTC 2023][INFO] [Action] E ItemChanged - -1,314
[Mon May 22 02:20:58 UTC 2023][INFO] [Action] E InsertTextContent - (r,317,317),[L]
[Mon May 22 02:21:01 UTC 2023][INFO] [Action] E Copy - (r,314,321)
[Mon May 22 02:21:16 UTC 2023][INFO] [Action] E DeleteContent - (c,317,2),B
[Mon May 22 02:21:17 UTC 2023][INFO] [Action] E InsertTextContent - (c,316,1),[l]
[Mon May 22 02:21:25 UTC 2023][INFO] [Action] E ItemChanged - -1,667777
[Mon May 22 02:21:31 UTC 2023][INFO] [Action] E ItemChanged - -1,2227
[Mon May 22 02:21:33 UTC 2023][INFO] [Action] E ItemChanged - -1,40530
[Mon May 22 02:21:37 UTC 2023][INFO] [Action] E ItemChanged - -1,628406
[Mon May 22 02:21:40 UTC 2023][INFO] [Action] E ItemChanged - -1,309837
[Mon May 22 02:21:46 UTC 2023][INFO] [Action] E SaveBook - Save
[Mon May 22 02:21:49 UTC 2023][INFO] [Action] E SaveBook - SaveforExport
[Mon May 22 02:22:24 UTC 2023][INFO] [Action] EE ExportAction
[Mon May 22 02:22:28 UTC 2023][INFO] [Action] E ItemChanged - -1,1
[Mon May 22 02:22:28 UTC 2023][INFO] [Action] E ItemChanged - -1,1
[Mon May 22 02:22:48 UTC 2023][INFO] [Action] E SaveBook - Save
[Mon May 22 02:22:49 UTC 2023][INFO] Logger Terminated
[Tue May 23 13:46:33 UTC 2023][INFO] [Action] EE OpenBook - horizon_KC.kcb
[Tue May 23 13:46:55 UTC 2023][INFO] [Action] E ItemChanged - -1,314
[Tue May 23 13:47:12 UTC 2023][INFO] [Action] E ItemChanged - -1,314
[Tue May 23 13:47:27 UTC 2023][INFO] [Action] E AddTextContainer - (c,7493,2),0,0,0
[Tue May 23 13:47:31 UTC 2023][INFO] [Action] E InsertSeparator - (c,7494,1)
[Tue May 23 13:47:40 UTC 2023][INFO] [Action] E ApplyThemeBook - cosmos_theme
[Tue May 23 13:47:42 UTC 2023][INFO] [Action] E SaveBook - Save
[Tue May 23 13:47:45 UTC 2023][INFO] [Action] E ItemChanged - -1,1
[Tue May 23 13:47:45 UTC 2023][INFO] [Action] E ItemChanged - -1,102
[Tue May 23 13:47:47 UTC 2023][INFO] [Action] E ItemChanged - -1,314
[Tue May 23 13:50:17 UTC 2023][INFO] [Action] E Cut - (r,2251,40531)
[Tue May 23 13:50:19 UTC 2023][INFO] [Action] E Paste - (c,2251,1),39291
[Tue May 23 13:50:23 UTC 2023][INFO] [Action] U Paste
[Tue May 23 13:51:19 UTC 2023][INFO] [Action] E Paste - (c,2251,1),38600
[Tue May 23 13:51:28 UTC 2023][INFO] [Action] E ApplySemantics - (r,2251,2251),first_para
[Tue May 23 13:51:33 UTC 2023][INFO] [Action] E ItemChanged - -1,40847
[Tue May 23 13:51:36 UTC 2023][INFO] [Action] E SaveBook - Save
[Tue May 23 13:51:38 UTC 2023][INFO] [Action] E ItemChanged - -1,2227
[Tue May 23 13:51:45 UTC 2023][INFO] [Action] U ApplySemantics
[Tue May 23 13:51:45 UTC 2023][INFO] [Action] U Paste
[Tue May 23 13:51:48 UTC 2023][INFO] [Action] U Cut
[Tue May 23 13:51:52 UTC 2023][INFO] [Action] E ItemChanged - -1,2227
[Tue May 23 13:51:55 UTC 2023][INFO] [Action] R Cut
[Tue May 23 13:51:56 UTC 2023][INFO] [Action] R Paste
[Tue May 23 13:51:57 UTC 2023][INFO] [Action] R ApplySemantics
[Tue May 23 13:52:16 UTC 2023][INFO] [Action] E ItemChanged - -1,40847
[Tue May 23 13:52:17 UTC 2023][INFO] [Action] E ItemChanged - -1,2227
[Tue May 23 13:52:17 UTC 2023][INFO] [Action] E ItemChanged - -1,40847
[Tue May 23 13:53:04 UTC 2023][INFO] [Action] E ItemChanged - -1,40847
[Tue May 23 13:53:33 UTC 2023][INFO] [Action] E DeleteContent - (r,40871,76185),B
[Tue May 23 13:53:38 UTC 2023][INFO] [Action] E ItemChanged - -1,628073
[Tue May 23 13:53:41 UTC 2023][INFO] [Action] E ItemChanged - -1,628073
[Tue May 23 13:53:46 UTC 2023][INFO] [Action] E ItemChanged - -1,40847
[Tue May 23 13:53:47 UTC 2023][INFO] [Action] E ItemChanged - -1,40873
[Tue May 23 13:54:16 UTC 2023][INFO] [Action] E DeleteContent - (r,40891,76759),B
[Tue May 23 13:54:18 UTC 2023][INFO] [Action] E ItemChanged - -1,40873
[Tue May 23 13:54:19 UTC 2023][INFO] [Action] E ItemChanged - -1,40893
[Tue May 23 13:54:52 UTC 2023][INFO] [Action] E DeleteContent - (r,40921,80920),B
[Tue May 23 13:55:12 UTC 2023][INFO] [Action] E AddTextContainer - (c,2225,2),0,0,0
[Tue May 23 13:55:17 UTC 2023][INFO] [Action] E InsertSeparator - (c,2226,1)
[Tue May 23 13:55:19 UTC 2023][INFO] [Action] U InsertSeparator
[Tue May 23 13:55:19 UTC 2023][INFO] [Action] U AddTextContainer
[Tue May 23 13:55:26 UTC 2023][INFO] [Action] E ApplySemantics - (r,1736,1736),block_quote
[Tue May 23 13:55:29 UTC 2023][INFO] [Action] E ApplySemantics - (r,1736,1736),poem
[Tue May 23 13:55:32 UTC 2023][INFO] [Action] E ApplySemantics - (r,1736,1736),block_quote
[Tue May 23 13:55:36 UTC 2023][INFO] [Action] E ApplySemantics - (r,1736,1736),block_quote
[Tue May 23 13:55:36 UTC 2023][INFO] [Action] EFail ApplySemantics - 4
[Tue May 23 13:55:36 UTC 2023][INFO] [Action] E ApplySemantics - (r,1736,1736),block_quote
[Tue May 23 13:55:36 UTC 2023][INFO] [Action] EFail ApplySemantics - 4
[Tue May 23 13:55:39 UTC 2023][INFO] [Action] EE ClearFormatting - (c,1736,2)
[Tue May 23 13:55:42 UTC 2023][INFO] [Action] U ClearFormatting
[Tue May 23 13:55:42 UTC 2023][INFO] [Action] U ApplySemantics
[Tue May 23 13:55:43 UTC 2023][INFO] [Action] U ApplySemantics
[Tue May 23 13:55:43 UTC 2023][INFO] [Action] U ApplySemantics
[Tue May 23 13:56:06 UTC 2023][INFO] [Action] E InsertSeparator - (r,7534,7536)
[Tue May 23 13:56:12 UTC 2023][INFO] [Action] U InsertSeparator
[Tue May 23 13:56:13 UTC 2023][INFO] [Action] U DeleteContent
[Tue May 23 13:56:13 UTC 2023][INFO] [Action] U DeleteContent
[Tue May 23 13:56:13 UTC 2023][INFO] [Action] U DeleteContent
[Tue May 23 13:56:17 UTC 2023][INFO] [Action] R DeleteContent
[Tue May 23 13:56:17 UTC 2023][INFO] [Action] R DeleteContent
[Tue May 23 13:56:17 UTC 2023][INFO] [Action] R DeleteContent
[Tue May 23 13:56:18 UTC 2023][INFO] [Action] E ItemChanged - -1,2227
[Tue May 23 13:56:20 UTC 2023][INFO] [Action] E ItemChanged - -1,40847
[Tue May 23 13:56:21 UTC 2023][INFO] [Action] E ItemChanged - -1,2227
[Tue May 23 13:56:35 UTC 2023][INFO] [Action] E DeleteContent - (r,2251,12136),B
[Tue May 23 13:56:40 UTC 2023][INFO] [Action] E DeleteContent - (c,2777,2),B
[Tue May 23 13:56:52 UTC 2023][INFO] [Action] E DeleteContent - (r,2251,13690),B
[Tue May 23 13:57:08 UTC 2023][INFO] [Action] E DeleteContent - (r,2251,19517),B
[Tue May 23 13:57:16 UTC 2023][INFO] [Action] E MergeContainer - 2251,1
[Tue May 23 13:57:18 UTC 2023][INFO] [Action] E MergeContainer - 2276,1
[Tue May 23 13:57:20 UTC 2023][INFO] [Action] E MergeContainer - 2295,1
[Tue May 23 13:57:21 UTC 2023][INFO] [Action] E MergeContainer - 2324,1
[Tue May 23 13:57:30 UTC 2023][INFO] [Action] EE MovePage - 3,1,00
[Tue May 23 13:57:34 UTC 2023][INFO] [Action] E ItemChanged - -1,2126
[Tue May 23 13:57:34 UTC 2023][INFO] [Action] E ItemChanged - -1,2126
[Tue May 23 13:57:35 UTC 2023][INFO] [Action] E ItemChanged - -1,213
[Tue May 23 13:57:35 UTC 2023][INFO] [Action] E ItemChanged - -1,1
[Tue May 23 13:57:36 UTC 2023][INFO] [Action] E ItemChanged - -1,2126
[Tue May 23 13:57:37 UTC 2023][INFO] [Action] E ItemChanged - -1,2126
[Tue May 23 13:57:38 UTC 2023][INFO] [Action] EE MovePage - 0,1,22
[Tue May 23 13:57:39 UTC 2023][INFO] [Action] E ItemChanged - -1,102
[Tue May 23 13:57:39 UTC 2023][INFO] [Action] E ItemChanged - -1,314
[Tue May 23 13:57:42 UTC 2023][INFO] [Action] E ItemChanged - -1,518315
[Tue May 23 13:58:01 UTC 2023][INFO] [Action] E ItemChanged - -1,2227
[Tue May 23 13:58:02 UTC 2023][INFO] [Action] E ItemChanged - -1,2252
[Tue May 23 13:58:03 UTC 2023][INFO] [Action] E ItemChanged - -1,2277
[Tue May 23 13:58:03 UTC 2023][INFO] [Action] E ItemChanged - -1,2296
[Tue May 23 13:58:04 UTC 2023][INFO] [Action] E ItemChanged - -1,2325
[Tue May 23 13:59:21 UTC 2023][INFO] [Action] E SaveBook - Save
[Tue May 23 13:59:23 UTC 2023][INFO] [Action] E SaveBook - Save
[Tue May 23 13:59:23 UTC 2023][INFO] Logger Terminated
[Tue May 23 14:01:42 UTC 2023][INFO] [Action] EE OpenBook - horizon_KC.kcb
[Tue May 23 14:01:44 UTC 2023][INFO] [Action] E ItemChanged - -1,2227
[Tue May 23 14:02:12 UTC 2023][INFO] [Action] E AddTextContainer - (c,2250,2),0,0,0
[Tue May 23 14:02:13 UTC 2023][INFO] [Action] E Paste - (c,2251,1),39436
[Tue May 23 14:02:16 UTC 2023][INFO] [Action] E DeleteContent - (c,40685,2),B
[Tue May 23 14:02:17 UTC 2023][INFO] [Action] U DeleteContent
[Tue May 23 14:02:17 UTC 2023][INFO] [Action] U Paste
[Tue May 23 14:02:17 UTC 2023][INFO] [Action] U AddTextContainer
[Tue May 23 14:02:23 UTC 2023][INFO] Logger Terminated
[Tue May 23 14:05:37 UTC 2023][INFO] [Action] EE OpenBook - horizon_KC.kcb
[Tue May 23 14:05:40 UTC 2023][INFO] [Action] E ItemChanged - -1,2227
[Tue May 23 14:05:40 UTC 2023][INFO] [Action] E ItemChanged - -1,2252
[Tue May 23 14:05:41 UTC 2023][INFO] [Action] E ItemChanged - -1,40604
[Tue May 23 14:05:53 UTC 2023][INFO] [Action] E ItemChanged - -1,2227
[Tue May 23 14:06:04 UTC 2023][INFO] [Action] E ItemChanged - -1,1
[Tue May 23 14:06:07 UTC 2023][INFO] [Action] E ItemChanged - -1,2227
[Tue May 23 14:06:08 UTC 2023][INFO] [Action] E ItemChanged - -1,2252
[Tue May 23 14:06:09 UTC 2023][INFO] [Action] E ItemChanged - -1,2296
[Tue May 23 14:06:10 UTC 2023][INFO] [Action] E ItemChanged - -1,2277
[Tue May 23 14:06:10 UTC 2023][INFO] [Action] E ItemChanged - -1,2296
[Tue May 23 14:06:11 UTC 2023][INFO] [Action] E ItemChanged - -1,2325
[Tue May 23 14:06:12 UTC 2023][INFO] [Action] E ItemChanged - -1,40604
[Tue May 23 14:06:12 UTC 2023][INFO] [Action] E ItemChanged - -1,120577
[Tue May 23 14:06:13 UTC 2023][INFO] [Action] E ItemChanged - -1,478944
[Tue May 23 14:06:14 UTC 2023][INFO] [Action] E ItemChanged - -1,513608
[Tue May 23 14:06:16 UTC 2023][INFO] [Action] E ItemChanged - -1,518315
[Tue May 23 14:06:19 UTC 2023][INFO] [Action] E ItemChanged - -1,2227
[Tue May 23 14:06:20 UTC 2023][INFO] [Action] E ItemChanged - -1,2252
[Tue May 23 14:06:20 UTC 2023][INFO] [Action] E ItemChanged - -1,2277
[Tue May 23 14:06:21 UTC 2023][INFO] [Action] E ItemChanged - -1,2325
[Tue May 23 14:06:24 UTC 2023][INFO] Logger Terminated
[Tue May 23 14:27:07 UTC 2023][INFO] [Action] EE OpenBook - horizon_KC.kcb
[Tue May 23 14:27:14 UTC 2023][INFO] [Action] E ItemChanged - -1,1
[Tue May 23 14:27:15 UTC 2023][INFO] [Action] E ItemChanged - -1,102
[Tue May 23 14:27:20 UTC 2023][INFO] [Action] E ItemChanged - -1,314
[Tue May 23 14:27:27 UTC 2023][INFO] [Action] E ItemChanged - -1,513608
[Tue May 23 14:27:29 UTC 2023][INFO] [Action] E ItemChanged - -1,518315
[Tue May 23 14:27:33 UTC 2023][INFO] [Action] E Copy - (r,518315,518580)
[Tue May 23 14:27:49 UTC 2023][INFO] Logger Terminated
