[Tue May 09 03:17:59 UTC 2023][INFO] [Action] EE NewBook
[Tue May 09 03:18:18 UTC 2023][INFO] [Action] E AutoChapterGroupAction - 0
[Tue May 09 03:18:25 UTC 2023][INFO] [Action] E RevertApplyAutoChapterAction - (r,414062,414062)
[Tue May 09 03:18:36 UTC 2023][INFO] [Action] E RevertApplyAutoChapterAction - (r,1,1)
[Tue May 09 03:20:13 UTC 2023][INFO] [Action] E FixedFormAction - MCwwLFBST1AtTElTVDp7ImNvbXBvbmVudHMiOlt7Im5hbWUiOiJib29rX3RpdGxlIiwidHlwZSI6InRleHQiLCJ2YWx1ZSI6Ikxsb3lkJ3MgRm9sbGV5In0seyJuYW1lIjoiYm9va19zdWJ0aXRsZSIsInR5cGUiOiJ0ZXh0IiwidmFsdWUiOiJBIENyZWF0aW9uIG9mIGFuIEFydGlmaWNpYWwgSW50ZWxsaWdlbmNlIn0seyJuYW1lIjoiYXV0aG9yX25hbWUiLCJ0eXBlIjoidGV4dCIsInZhbHVlIjoiQ2hhZHdpY2sgRy4gUGV0ZXkifSx7Im5hbWUiOiJhZGRpdGlvbmFsX2NvbnRyaWJ1dG9yIiwidHlwZSI6InRleHQiLCJ2YWx1ZSI6Ikphc29uIEwuIEh1dGNoZW5zIn0seyJuYW1lIjoicHVibGlzaGVyIiwidHlwZSI6InRleHQiLCJ2YWx1ZSI6IktyYW56a3kgUHJlc3MifSx7Im5hbWUiOiJwdWJsaXNoZXJfbG9nbyIsInR5cGUiOiJpbWFnZSIsInZhbHVlIjoiIn1dLCJwYWdlX3R5cGUiOiJ0aXRsZV9wYWdlIn0K
[Tue May 09 03:20:27 UTC 2023][INFO] [Action] E FixedFormAction - MCwwLFBST1AtTElTVDp7ImNvbXBvbmVudHMiOlt7Im5hbWUiOiJkZWRpY2F0aW9uX3RleHQiLCJ0eXBlIjoidGV4dCIsInZhbHVlIjoiRm9yIEFydGh1ci4ifV0sInBhZ2VfdHlwZSI6ImRlZGljYXRpb24ifQo=
[Tue May 09 03:21:32 UTC 2023][INFO] [Action] E FixedFormAction - MCwxLFBST1AtTElTVDp7ImNvbXBvbmVudHMiOlt7Im5hbWUiOiJlcGlncmFwaF9xdW90ZSIsInR5cGUiOiJ0ZXh0IiwidmFsdWUiOiJJbiB2aXJ0dWFsIHJlYWxtcywgdGhlIHdpc2UgZGlzY2Vybixcbk5lc3RlZCB3b3JsZHMgd2l0aGluIHdvcmxkcyBkbyB0dXJuO1xuRWFjaCBzaW11bGF0aW9uIHNwYXducyBhbm90aGVyLFxuT24gYW5kIG9uLCB0aGV5IHN0cmV0Y2ggZm9yZXZlci4ifSx7Im5hbWUiOiJlcGlncmFwaF9hdHRyaWJ1dGlvbiIsInR5cGUiOiJ0ZXh0IiwidmFsdWUiOiJDaGF0IEdQVCwgIDE2ODM1Mjk4NjYifV0sInBhZ2VfdHlwZSI6ImVwaWdyYXBoIn0K
[Tue May 09 03:21:47 UTC 2023][INFO] [Action] E InsertTocAction - (2)
[Tue May 09 03:22:11 UTC 2023][INFO] [Action] E ItemChanged - -1,943
[Tue May 09 03:22:20 UTC 2023][INFO] [Action] E ItemChanged - -1,943
[Tue May 09 03:22:21 UTC 2023][INFO] [Action] E DeleteContent - (r,943,1181),B
[Tue May 09 03:22:24 UTC 2023][INFO] [Action] E ItemChanged - -1,275
[Tue May 09 03:22:25 UTC 2023][INFO] [Action] E ItemChanged - -1,1
[Tue May 09 03:22:48 UTC 2023][INFO] [Action] E ItemChanged - -1,1
[Tue May 09 03:22:51 UTC 2023][INFO] [Action] E ItemChanged - -1,103
[Tue May 09 03:22:54 UTC 2023][INFO] [Action] E ItemChanged - -1,1
[Tue May 09 03:22:54 UTC 2023][INFO] [Action] E ItemChanged - -1,103
[Tue May 09 03:22:55 UTC 2023][INFO] [Action] E ItemChanged - -1,115
[Tue May 09 03:22:58 UTC 2023][INFO] [Action] E ItemChanged - -1,1
[Tue May 09 03:22:59 UTC 2023][INFO] [Action] E ItemChanged - -1,103
[Tue May 09 03:23:00 UTC 2023][INFO] [Action] E ItemChanged - -1,115
[Tue May 09 03:23:02 UTC 2023][INFO] [Action] E ItemChanged - -1,275
[Tue May 09 03:23:30 UTC 2023][INFO] [Action] E AddTextContainer - (c,5777,2),0,0,0
[Tue May 09 03:23:33 UTC 2023][INFO] [Action] E InsertSeparator - (c,5778,1)
[Tue May 09 03:23:34 UTC 2023][INFO] [Action] E DeleteContent - (c,5777,2),B
[Tue May 09 03:23:35 UTC 2023][INFO] [Action] E DeleteContent - (c,5776,2),B
[Tue May 09 03:23:35 UTC 2023][INFO] [Action] E DeleteContent - (c,5775,2),B
[Tue May 09 03:23:35 UTC 2023][INFO] [Action] E DeleteContent - (c,5774,2),B
[Tue May 09 03:23:35 UTC 2023][INFO] [Action] E DeleteContent - (c,5773,2),B
[Tue May 09 03:23:40 UTC 2023][INFO] [Action] E MergeContainer - 5773,1
[Tue May 09 03:23:56 UTC 2023][INFO] [Action] E DeleteContent - (c,954,1),B
[Tue May 09 03:23:56 UTC 2023][INFO] [Action] E DeleteContent - (c,952,1),B
[Tue May 09 03:23:57 UTC 2023][INFO] [Action] E DeleteContent - (c,950,1),B
[Tue May 09 03:23:57 UTC 2023][INFO] [Action] E DeleteContent - (c,948,1),B
[Tue May 09 03:23:57 UTC 2023][INFO] [Action] E DeleteContent - (c,946,1),B
[Tue May 09 03:23:57 UTC 2023][INFO] [Action] E DeleteContent - (c,944,1),B
[Tue May 09 03:23:57 UTC 2023][INFO] [Action] E DeleteContent - (c,942,1),B
[Tue May 09 03:23:57 UTC 2023][INFO] [Action] E DeleteContent - (c,940,1),B
[Tue May 09 03:23:58 UTC 2023][INFO] [Action] E DeleteContent - (c,938,1),B
[Tue May 09 03:23:58 UTC 2023][INFO] [Action] E DeleteContent - (c,936,1),B
[Tue May 09 03:23:58 UTC 2023][INFO] [Action] E DeleteContent - (c,934,1),B
[Tue May 09 03:24:04 UTC 2023][INFO] [Action] E ApplySemantics - (r,932,947),chapter_title
[Tue May 09 03:24:04 UTC 2023][INFO] [Action] EFail ApplySemantics - 4
[Tue May 09 03:24:12 UTC 2023][INFO] [Action] E ApplySemantics - (r,948,1438),first_para
[Tue May 09 03:24:29 UTC 2023][INFO] [Action] E ItemChanged - -1,103
[Tue May 09 03:24:29 UTC 2023][INFO] [Action] E ItemChanged - -1,103
[Tue May 09 03:24:34 UTC 2023][INFO] [Action] E ItemChanged - -1,103
[Tue May 09 03:24:35 UTC 2023][INFO] [Action] E ItemChanged - -1,103
[Tue May 09 03:24:36 UTC 2023][INFO] [Action] E DeleteContent - (r,103,113),B
[Tue May 09 03:24:47 UTC 2023][INFO] [Action] E FixedFormAction - MCwxLFBST1AtTElTVDp7ImNvbXBvbmVudHMiOlt7Im5hbWUiOiJkZWRpY2F0aW9uX3RleHQiLCJ0eXBlIjoidGV4dCIsInZhbHVlIjoiRm9yIEFydGh1ci4ifV0sInBhZ2VfdHlwZSI6ImRlZGljYXRpb24ifQo=
[Tue May 09 03:24:53 UTC 2023][INFO] [Action] E ItemChanged - -1,932
[Tue May 09 03:25:08 UTC 2023][INFO] [Action] E DeleteContent - (c,6912,2),B
[Tue May 09 03:25:09 UTC 2023][INFO] [Action] E DeleteContent - (c,6911,2),B
[Tue May 09 03:25:09 UTC 2023][INFO] [Action] E DeleteContent - (c,6910,2),B
[Tue May 09 03:25:09 UTC 2023][INFO] [Action] E DeleteContent - (c,6909,2),B
[Tue May 09 03:25:09 UTC 2023][INFO] [Action] E DeleteContent - (c,6908,2),B
[Tue May 09 03:25:10 UTC 2023][INFO] [Action] E MergeContainer - 6908,1
[Tue May 09 03:25:11 UTC 2023][INFO] [Action] E AddTextContainer - (c,6907,2),0,0,0
[Tue May 09 03:25:15 UTC 2023][INFO] [Action] E InsertSeparator - (c,6908,1)
[Tue May 09 03:25:23 UTC 2023][INFO] [Action] E DeleteContent - (c,8824,2),B
[Tue May 09 03:25:24 UTC 2023][INFO] [Action] E DeleteContent - (c,8823,2),B
[Tue May 09 03:25:24 UTC 2023][INFO] [Action] E DeleteContent - (c,8822,2),B
[Tue May 09 03:25:24 UTC 2023][INFO] [Action] E DeleteContent - (c,8821,2),B
[Tue May 09 03:25:25 UTC 2023][INFO] [Action] E DeleteContent - (c,8820,2),B
[Tue May 09 03:25:25 UTC 2023][INFO] [Action] E MergeContainer - 8820,1
[Tue May 09 03:25:26 UTC 2023][INFO] [Action] E AddTextContainer - (c,8819,2),0,0,0
[Tue May 09 03:25:28 UTC 2023][INFO] [Action] E InsertSeparator - (c,8820,1)
[Tue May 09 03:25:38 UTC 2023][INFO] [Action] E ItemChanged - -1,932
[Tue May 09 03:26:14 UTC 2023][INFO] [Action] E InsertSeparator - (r,10676,10680)
[Tue May 09 03:26:21 UTC 2023][INFO] [Action] E DeleteContent - (c,13583,1),B
[Tue May 09 03:26:21 UTC 2023][INFO] [Action] E DeleteContent - (c,13581,1),B
[Tue May 09 03:26:21 UTC 2023][INFO] [Action] E DeleteContent - (c,13579,1),B
[Tue May 09 03:26:21 UTC 2023][INFO] [Action] E DeleteContent - (c,13577,1),B
[Tue May 09 03:26:22 UTC 2023][INFO] [Action] E DeleteContent - (c,13575,1),B
[Tue May 09 03:26:22 UTC 2023][INFO] [Action] E DeleteContent - (c,13573,1),B
[Tue May 09 03:26:22 UTC 2023][INFO] [Action] E DeleteContent - (c,13571,1),B
[Tue May 09 03:26:22 UTC 2023][INFO] [Action] E DeleteContent - (c,13569,1),B
[Tue May 09 03:26:22 UTC 2023][INFO] [Action] E DeleteContent - (c,13567,1),B
[Tue May 09 03:26:22 UTC 2023][INFO] [Action] E DeleteContent - (c,13565,1),B
[Tue May 09 03:26:23 UTC 2023][INFO] [Action] E DeleteContent - (c,13563,1),B
[Tue May 09 03:26:36 UTC 2023][INFO] [Action] E ApplySemantics - (r,13582,14152),first_para
[Tue May 09 03:26:46 UTC 2023][INFO] [Action] E Copy - (r,17482,17486)
[Tue May 09 03:26:52 UTC 2023][INFO] [Action] E InsertSeparator - (r,17482,17486)
[Tue May 09 03:26:57 UTC 2023][INFO] [Action] E InsertSeparator - (r,20016,20020)
[Tue May 09 03:27:02 UTC 2023][INFO] [Action] E InsertSeparator - (r,27877,27881)
[Tue May 09 03:27:07 UTC 2023][INFO] [Action] E InsertSeparator - (r,26543,26547)
[Tue May 09 03:27:12 UTC 2023][INFO] [Action] E InsertSeparator - (r,410380,410384)
[Tue May 09 03:27:18 UTC 2023][INFO] [Action] E InsertSeparator - (r,38520,38524)
[Tue May 09 03:27:26 UTC 2023][INFO] [Action] E ItemChanged - -1,30411
[Tue May 09 03:27:29 UTC 2023][INFO] [Action] E DeleteContent - (c,30422,1),B
[Tue May 09 03:27:29 UTC 2023][INFO] [Action] E DeleteContent - (c,30420,1),B
[Tue May 09 03:27:29 UTC 2023][INFO] [Action] E DeleteContent - (c,30418,1),B
[Tue May 09 03:27:29 UTC 2023][INFO] [Action] E DeleteContent - (c,30416,1),B
[Tue May 09 03:27:29 UTC 2023][INFO] [Action] E DeleteContent - (c,30414,1),B
[Tue May 09 03:27:30 UTC 2023][INFO] [Action] E DeleteContent - (c,30412,1),B
[Tue May 09 03:27:30 UTC 2023][INFO] [Action] E DeleteContent - (c,30410,1),B
[Tue May 09 03:27:30 UTC 2023][INFO] [Action] E DeleteContent - (c,30408,1),B
[Tue May 09 03:27:30 UTC 2023][INFO] [Action] E DeleteContent - (c,30406,1),B
[Tue May 09 03:27:30 UTC 2023][INFO] [Action] E DeleteContent - (c,30404,1),B
[Tue May 09 03:27:31 UTC 2023][INFO] [Action] E DeleteContent - (c,30402,1),B
[Tue May 09 03:27:43 UTC 2023][INFO] [Action] E ApplySemantics - (r,30423,30954),first_para
[Tue May 09 03:27:52 UTC 2023][INFO] [Action] E ItemChanged - -1,44320
[Tue May 09 03:27:54 UTC 2023][INFO] [Action] E DeleteContent - (c,44329,2),B
[Tue May 09 03:27:54 UTC 2023][INFO] [Action] E DeleteContent - (c,44328,1),B
[Tue May 09 03:27:54 UTC 2023][INFO] [Action] E DeleteContent - (c,44326,1),B
[Tue May 09 03:27:54 UTC 2023][INFO] [Action] E DeleteContent - (c,44324,1),B
[Tue May 09 03:27:55 UTC 2023][INFO] [Action] E DeleteContent - (c,44322,1),B
[Tue May 09 03:27:55 UTC 2023][INFO] [Action] E DeleteContent - (c,44320,1),B
[Tue May 09 03:27:55 UTC 2023][INFO] [Action] E DeleteContent - (c,44318,1),B
[Tue May 09 03:27:55 UTC 2023][INFO] [Action] E DeleteContent - (c,44316,1),B
[Tue May 09 03:27:56 UTC 2023][INFO] [Action] E DeleteContent - (c,44314,2),B
[Tue May 09 03:27:56 UTC 2023][INFO] [Action] E DeleteContent - (c,44313,1),B
[Tue May 09 03:27:56 UTC 2023][INFO] [Action] E DeleteContent - (c,44311,1),B
[Tue May 09 03:28:03 UTC 2023][INFO] [Action] E ApplySemantics - (r,44319,44887),first_para
[Tue May 09 03:28:07 UTC 2023][INFO] [Action] E SaveBook - Save
[Tue May 09 03:28:15 UTC 2023][INFO] [Action] E ItemChanged - -1,66868
[Tue May 09 03:28:18 UTC 2023][INFO] [Action] E DeleteContent - (c,66879,1),B
[Tue May 09 03:28:18 UTC 2023][INFO] [Action] E DeleteContent - (c,66877,1),B
[Tue May 09 03:28:18 UTC 2023][INFO] [Action] E DeleteContent - (c,66875,1),B
[Tue May 09 03:28:18 UTC 2023][INFO] [Action] E DeleteContent - (c,66873,1),B
[Tue May 09 03:28:18 UTC 2023][INFO] [Action] E DeleteContent - (c,66871,1),B
[Tue May 09 03:28:19 UTC 2023][INFO] [Action] E DeleteContent - (c,66869,1),B
[Tue May 09 03:28:19 UTC 2023][INFO] [Action] E DeleteContent - (c,66867,1),B
[Tue May 09 03:28:19 UTC 2023][INFO] [Action] E DeleteContent - (c,66865,1),B
[Tue May 09 03:28:19 UTC 2023][INFO] [Action] E DeleteContent - (c,66863,1),B
[Tue May 09 03:28:19 UTC 2023][INFO] [Action] E DeleteContent - (c,66861,1),B
[Tue May 09 03:28:20 UTC 2023][INFO] [Action] E DeleteContent - (c,66859,1),B
[Tue May 09 03:28:26 UTC 2023][INFO] [Action] E ApplySemantics - (r,66870,67112),first_para
[Tue May 09 03:28:28 UTC 2023][INFO] [Action] E ItemChanged - -1,82901
[Tue May 09 03:28:29 UTC 2023][INFO] [Action] E DeleteContent - (c,82912,1),B
[Tue May 09 03:28:30 UTC 2023][INFO] [Action] E DeleteContent - (c,82910,1),B
[Tue May 09 03:28:30 UTC 2023][INFO] [Action] E DeleteContent - (c,82908,1),B
[Tue May 09 03:28:30 UTC 2023][INFO] [Action] E DeleteContent - (c,82906,1),B
[Tue May 09 03:28:30 UTC 2023][INFO] [Action] E DeleteContent - (c,82904,1),B
[Tue May 09 03:28:30 UTC 2023][INFO] [Action] E DeleteContent - (c,82902,1),B
[Tue May 09 03:28:30 UTC 2023][INFO] [Action] E DeleteContent - (c,82900,1),B
[Tue May 09 03:28:31 UTC 2023][INFO] [Action] E DeleteContent - (c,82898,1),B
[Tue May 09 03:28:31 UTC 2023][INFO] [Action] E DeleteContent - (c,82896,1),B
[Tue May 09 03:28:31 UTC 2023][INFO] [Action] E DeleteContent - (c,82894,1),B
[Tue May 09 03:28:31 UTC 2023][INFO] [Action] E DeleteContent - (c,82892,1),B
[Tue May 09 03:28:37 UTC 2023][INFO] [Action] E ApplySemantics - (r,82906,83343),first_para
[Tue May 09 03:28:40 UTC 2023][INFO] [Action] E ItemChanged - -1,96802
[Tue May 09 03:28:40 UTC 2023][INFO] [Action] E ItemChanged - -1,96802
[Tue May 09 03:28:43 UTC 2023][INFO] [Action] E DeleteContent - (c,96812,2),B
[Tue May 09 03:28:43 UTC 2023][INFO] [Action] E DeleteContent - (c,96811,1),B
[Tue May 09 03:28:43 UTC 2023][INFO] [Action] E DeleteContent - (c,96809,1),B
[Tue May 09 03:28:44 UTC 2023][INFO] [Action] E DeleteContent - (c,96807,1),B
[Tue May 09 03:28:44 UTC 2023][INFO] [Action] E DeleteContent - (c,96805,1),B
[Tue May 09 03:28:44 UTC 2023][INFO] [Action] E DeleteContent - (c,96803,1),B
[Tue May 09 03:28:44 UTC 2023][INFO] [Action] E DeleteContent - (c,96801,1),B
[Tue May 09 03:28:44 UTC 2023][INFO] [Action] E DeleteContent - (c,96799,1),B
[Tue May 09 03:28:44 UTC 2023][INFO] [Action] E DeleteContent - (c,96797,1),B
[Tue May 09 03:28:45 UTC 2023][INFO] [Action] E DeleteContent - (c,96795,1),B
[Tue May 09 03:28:45 UTC 2023][INFO] [Action] E DeleteContent - (c,96793,1),B
[Tue May 09 03:28:51 UTC 2023][INFO] [Action] E ApplySemantics - (r,96808,97265),first_para
[Tue May 09 03:28:53 UTC 2023][INFO] [Action] E ItemChanged - -1,111379
[Tue May 09 03:28:55 UTC 2023][INFO] [Action] E DeleteContent - (c,111390,1),B
[Tue May 09 03:28:55 UTC 2023][INFO] [Action] E DeleteContent - (c,111388,1),B
[Tue May 09 03:28:55 UTC 2023][INFO] [Action] E DeleteContent - (c,111386,1),B
[Tue May 09 03:28:55 UTC 2023][INFO] [Action] E DeleteContent - (c,111384,1),B
[Tue May 09 03:28:55 UTC 2023][INFO] [Action] E DeleteContent - (c,111382,1),B
[Tue May 09 03:28:55 UTC 2023][INFO] [Action] E DeleteContent - (c,111380,1),B
[Tue May 09 03:28:55 UTC 2023][INFO] [Action] E DeleteContent - (c,111378,1),B
[Tue May 09 03:28:55 UTC 2023][INFO] [Action] E DeleteContent - (c,111376,1),B
[Tue May 09 03:28:55 UTC 2023][INFO] [Action] E DeleteContent - (c,111374,1),B
[Tue May 09 03:28:55 UTC 2023][INFO] [Action] E DeleteContent - (c,111372,1),B
[Tue May 09 03:28:55 UTC 2023][INFO] [Action] E DeleteContent - (c,111370,1),B
[Tue May 09 03:28:56 UTC 2023][INFO] [Action] E RemoveSectionBreak - 111368,0
[Tue May 09 03:28:57 UTC 2023][INFO] [Action] U RemoveSectionBreak
[Tue May 09 03:29:04 UTC 2023][INFO] [Action] E ApplySemantics - (r,111380,111677),first_para
[Tue May 09 03:29:06 UTC 2023][INFO] [Action] E ItemChanged - -1,855
[Tue May 09 03:29:09 UTC 2023][INFO] [Action] E ItemChanged - -1,142770
[Tue May 09 03:29:12 UTC 2023][INFO] [Action] E DeleteContent - (c,142780,2),B
[Tue May 09 03:29:12 UTC 2023][INFO] [Action] E DeleteContent - (c,142779,1),B
[Tue May 09 03:29:12 UTC 2023][INFO] [Action] E DeleteContent - (c,142777,1),B
[Tue May 09 03:29:13 UTC 2023][INFO] [Action] E DeleteContent - (c,142775,1),B
[Tue May 09 03:29:13 UTC 2023][INFO] [Action] E DeleteContent - (c,142773,1),B
[Tue May 09 03:29:13 UTC 2023][INFO] [Action] E DeleteContent - (c,142771,1),B
[Tue May 09 03:29:13 UTC 2023][INFO] [Action] E DeleteContent - (c,142769,1),B
[Tue May 09 03:29:13 UTC 2023][INFO] [Action] E DeleteContent - (c,142767,1),B
[Tue May 09 03:29:13 UTC 2023][INFO] [Action] E DeleteContent - (c,142765,1),B
[Tue May 09 03:29:14 UTC 2023][INFO] [Action] E DeleteContent - (c,142763,1),B
[Tue May 09 03:29:14 UTC 2023][INFO] [Action] E DeleteContent - (c,142761,1),B
[Tue May 09 03:29:17 UTC 2023][INFO] [Action] E ApplySemantics - (r,142990,142990),first_para
[Tue May 09 03:29:19 UTC 2023][INFO] [Action] E ItemChanged - -1,154809
[Tue May 09 03:29:21 UTC 2023][INFO] [Action] E DeleteContent - (c,154821,1),B
[Tue May 09 03:29:21 UTC 2023][INFO] [Action] E DeleteContent - (c,154819,1),B
[Tue May 09 03:29:21 UTC 2023][INFO] [Action] E DeleteContent - (c,154817,1),B
[Tue May 09 03:29:21 UTC 2023][INFO] [Action] E DeleteContent - (c,154815,1),B
[Tue May 09 03:29:22 UTC 2023][INFO] [Action] E DeleteContent - (c,154813,1),B
[Tue May 09 03:29:22 UTC 2023][INFO] [Action] E DeleteContent - (c,154811,1),B
[Tue May 09 03:29:22 UTC 2023][INFO] [Action] E DeleteContent - (c,154809,1),B
[Tue May 09 03:29:22 UTC 2023][INFO] [Action] E DeleteContent - (c,154807,1),B
[Tue May 09 03:29:22 UTC 2023][INFO] [Action] E DeleteContent - (c,154805,1),B
[Tue May 09 03:29:22 UTC 2023][INFO] [Action] E DeleteContent - (c,154803,1),B
[Tue May 09 03:29:23 UTC 2023][INFO] [Action] E DeleteContent - (c,154801,1),B
[Tue May 09 03:29:23 UTC 2023][INFO] [Action] E DeleteContent - (c,154799,1),B
[Tue May 09 03:29:27 UTC 2023][INFO] [Action] E ApplySemantics - (r,154897,154897),first_para
[Tue May 09 03:29:28 UTC 2023][INFO] [Action] E ItemChanged - -1,173986
[Tue May 09 03:29:30 UTC 2023][INFO] [Action] E DeleteContent - (c,173998,1),B
[Tue May 09 03:29:30 UTC 2023][INFO] [Action] E DeleteContent - (c,173996,1),B
[Tue May 09 03:29:31 UTC 2023][INFO] [Action] E DeleteContent - (c,173994,1),B
[Tue May 09 03:29:31 UTC 2023][INFO] [Action] E DeleteContent - (c,173992,1),B
[Tue May 09 03:29:31 UTC 2023][INFO] [Action] E DeleteContent - (c,173990,1),B
[Tue May 09 03:29:31 UTC 2023][INFO] [Action] E DeleteContent - (c,173988,1),B
[Tue May 09 03:29:31 UTC 2023][INFO] [Action] E DeleteContent - (c,173986,1),B
[Tue May 09 03:29:31 UTC 2023][INFO] [Action] E DeleteContent - (c,173984,1),B
[Tue May 09 03:29:32 UTC 2023][INFO] [Action] E DeleteContent - (c,173982,1),B
[Tue May 09 03:29:32 UTC 2023][INFO] [Action] E DeleteContent - (c,173980,1),B
[Tue May 09 03:29:32 UTC 2023][INFO] [Action] E DeleteContent - (c,173978,1),B
[Tue May 09 03:29:33 UTC 2023][INFO] [Action] E DeleteContent - (c,173976,1),B
[Tue May 09 03:29:35 UTC 2023][INFO] [Action] E ApplySemantics - (r,174321,174321),first_para
[Tue May 09 03:29:36 UTC 2023][INFO] [Action] E ItemChanged - -1,184246
[Tue May 09 03:29:38 UTC 2023][INFO] [Action] E DeleteContent - (c,184258,1),B
[Tue May 09 03:29:38 UTC 2023][INFO] [Action] E DeleteContent - (c,184256,1),B
[Tue May 09 03:29:39 UTC 2023][INFO] [Action] E DeleteContent - (c,184254,1),B
[Tue May 09 03:29:39 UTC 2023][INFO] [Action] E DeleteContent - (c,184252,1),B
[Tue May 09 03:29:42 UTC 2023][INFO] [Action] E SaveBook - Save
[Tue May 09 03:29:44 UTC 2023][INFO] [Action] E DeleteContent - (c,184250,1),B
[Tue May 09 03:29:44 UTC 2023][INFO] [Action] E DeleteContent - (c,184248,1),B
[Tue May 09 03:29:44 UTC 2023][INFO] [Action] E DeleteContent - (c,184246,1),B
[Tue May 09 03:29:44 UTC 2023][INFO] [Action] E DeleteContent - (c,184244,1),B
[Tue May 09 03:29:45 UTC 2023][INFO] [Action] E DeleteContent - (c,184242,1),B
[Tue May 09 03:29:45 UTC 2023][INFO] [Action] E DeleteContent - (c,184240,1),B
[Tue May 09 03:29:45 UTC 2023][INFO] [Action] E DeleteContent - (c,184238,1),B
[Tue May 09 03:29:45 UTC 2023][INFO] [Action] E DeleteContent - (c,184236,1),B
[Tue May 09 03:29:48 UTC 2023][INFO] [Action] E ApplySemantics - (r,184339,184339),first_para
[Tue May 09 03:29:51 UTC 2023][INFO] [Action] E ItemChanged - -1,203001
[Tue May 09 03:29:53 UTC 2023][INFO] [Action] E DeleteContent - (c,203013,1),B
[Tue May 09 03:29:53 UTC 2023][INFO] [Action] E DeleteContent - (c,203011,1),B
[Tue May 09 03:29:53 UTC 2023][INFO] [Action] E DeleteContent - (c,203009,1),B
[Tue May 09 03:29:53 UTC 2023][INFO] [Action] E DeleteContent - (c,203007,1),B
[Tue May 09 03:29:54 UTC 2023][INFO] [Action] E DeleteContent - (c,203005,1),B
[Tue May 09 03:29:54 UTC 2023][INFO] [Action] E DeleteContent - (c,203003,1),B
[Tue May 09 03:29:54 UTC 2023][INFO] [Action] E DeleteContent - (c,203001,1),B
[Tue May 09 03:29:54 UTC 2023][INFO] [Action] E DeleteContent - (c,202999,1),B
[Tue May 09 03:29:54 UTC 2023][INFO] [Action] E DeleteContent - (c,202997,1),B
[Tue May 09 03:29:54 UTC 2023][INFO] [Action] E DeleteContent - (c,202995,1),B
[Tue May 09 03:29:55 UTC 2023][INFO] [Action] E DeleteContent - (c,202993,1),B
[Tue May 09 03:29:55 UTC 2023][INFO] [Action] E DeleteContent - (c,202991,1),B
[Tue May 09 03:29:58 UTC 2023][INFO] [Action] E ApplySemantics - (r,203233,203233),first_para
[Tue May 09 03:29:59 UTC 2023][INFO] [Action] E ItemChanged - -1,219552
[Tue May 09 03:30:02 UTC 2023][INFO] [Action] E DeleteContent - (c,219564,1),B
[Tue May 09 03:30:02 UTC 2023][INFO] [Action] E DeleteContent - (c,219562,1),B
[Tue May 09 03:30:02 UTC 2023][INFO] [Action] E DeleteContent - (c,219560,1),B
[Tue May 09 03:30:02 UTC 2023][INFO] [Action] E DeleteContent - (c,219558,1),B
[Tue May 09 03:30:03 UTC 2023][INFO] [Action] E DeleteContent - (c,219556,1),B
[Tue May 09 03:30:03 UTC 2023][INFO] [Action] E DeleteContent - (c,219554,1),B
[Tue May 09 03:30:03 UTC 2023][INFO] [Action] E DeleteContent - (c,219552,1),B
[Tue May 09 03:30:03 UTC 2023][INFO] [Action] E DeleteContent - (c,219550,1),B
[Tue May 09 03:30:03 UTC 2023][INFO] [Action] E DeleteContent - (c,219548,1),B
[Tue May 09 03:30:04 UTC 2023][INFO] [Action] E DeleteContent - (c,219546,1),B
[Tue May 09 03:30:04 UTC 2023][INFO] [Action] E DeleteContent - (c,219544,1),B
[Tue May 09 03:30:04 UTC 2023][INFO] [Action] E DeleteContent - (c,219542,1),B
[Tue May 09 03:30:07 UTC 2023][INFO] [Action] E ApplySemantics - (r,219686,219686),first_para
[Tue May 09 03:30:08 UTC 2023][INFO] [Action] E ItemChanged - -1,236541
[Tue May 09 03:30:11 UTC 2023][INFO] [Action] E DeleteContent - (c,236552,2),B
[Tue May 09 03:30:11 UTC 2023][INFO] [Action] E DeleteContent - (c,236551,1),B
[Tue May 09 03:30:11 UTC 2023][INFO] [Action] E DeleteContent - (c,236549,1),B
[Tue May 09 03:30:12 UTC 2023][INFO] [Action] E DeleteContent - (c,236547,1),B
[Tue May 09 03:30:12 UTC 2023][INFO] [Action] E DeleteContent - (c,236545,1),B
[Tue May 09 03:30:12 UTC 2023][INFO] [Action] E DeleteContent - (c,236543,1),B
[Tue May 09 03:30:12 UTC 2023][INFO] [Action] E DeleteContent - (c,236541,1),B
[Tue May 09 03:30:12 UTC 2023][INFO] [Action] E DeleteContent - (c,236539,1),B
[Tue May 09 03:30:12 UTC 2023][INFO] [Action] E DeleteContent - (c,236537,1),B
[Tue May 09 03:30:12 UTC 2023][INFO] [Action] E DeleteContent - (c,236535,1),B
[Tue May 09 03:30:13 UTC 2023][INFO] [Action] E DeleteContent - (c,236533,1),B
[Tue May 09 03:30:13 UTC 2023][INFO] [Action] E DeleteContent - (c,236531,1),B
[Tue May 09 03:30:16 UTC 2023][INFO] [Action] E ApplySemantics - (r,236697,236697),first_para
[Tue May 09 03:30:18 UTC 2023][INFO] [Action] E ItemChanged - -1,267551
[Tue May 09 03:30:20 UTC 2023][INFO] [Action] E DeleteContent - (c,267563,1),B
[Tue May 09 03:30:20 UTC 2023][INFO] [Action] E DeleteContent - (c,267561,1),B
[Tue May 09 03:30:20 UTC 2023][INFO] [Action] E DeleteContent - (c,267559,1),B
[Tue May 09 03:30:21 UTC 2023][INFO] [Action] E DeleteContent - (c,267557,1),B
[Tue May 09 03:30:21 UTC 2023][INFO] [Action] E DeleteContent - (c,267555,1),B
[Tue May 09 03:30:21 UTC 2023][INFO] [Action] E DeleteContent - (c,267553,1),B
[Tue May 09 03:30:21 UTC 2023][INFO] [Action] E DeleteContent - (c,267551,1),B
[Tue May 09 03:30:21 UTC 2023][INFO] [Action] E DeleteContent - (c,267549,1),B
[Tue May 09 03:30:21 UTC 2023][INFO] [Action] E DeleteContent - (c,267547,1),B
[Tue May 09 03:30:22 UTC 2023][INFO] [Action] E DeleteContent - (c,267545,1),B
[Tue May 09 03:30:22 UTC 2023][INFO] [Action] E DeleteContent - (c,267543,1),B
[Tue May 09 03:30:23 UTC 2023][INFO] [Action] E DeleteContent - (c,267541,1),B
[Tue May 09 03:30:26 UTC 2023][INFO] [Action] E ApplySemantics - (r,267707,267707),first_para
[Tue May 09 03:30:27 UTC 2023][INFO] [Action] E ItemChanged - -1,280068
[Tue May 09 03:30:28 UTC 2023][INFO] [Action] E ItemChanged - -1,280068
[Tue May 09 03:30:29 UTC 2023][INFO] [Action] E ItemChanged - -1,280068
[Tue May 09 03:30:32 UTC 2023][INFO] [Action] E DeleteContent - (c,280080,1),B
[Tue May 09 03:30:32 UTC 2023][INFO] [Action] E DeleteContent - (c,280078,1),B
[Tue May 09 03:30:32 UTC 2023][INFO] [Action] E DeleteContent - (c,280076,1),B
[Tue May 09 03:30:32 UTC 2023][INFO] [Action] E DeleteContent - (c,280074,1),B
[Tue May 09 03:30:32 UTC 2023][INFO] [Action] E DeleteContent - (c,280072,1),B
[Tue May 09 03:30:33 UTC 2023][INFO] [Action] E DeleteContent - (c,280070,1),B
[Tue May 09 03:30:33 UTC 2023][INFO] [Action] E DeleteContent - (c,280068,1),B
[Tue May 09 03:30:33 UTC 2023][INFO] [Action] E DeleteContent - (c,280066,1),B
[Tue May 09 03:30:33 UTC 2023][INFO] [Action] E DeleteContent - (c,280064,1),B
[Tue May 09 03:30:33 UTC 2023][INFO] [Action] E DeleteContent - (c,280062,1),B
[Tue May 09 03:30:33 UTC 2023][INFO] [Action] E DeleteContent - (c,280060,1),B
[Tue May 09 03:30:34 UTC 2023][INFO] [Action] E DeleteContent - (c,280058,1),B
[Tue May 09 03:30:37 UTC 2023][INFO] [Action] E ApplySemantics - (r,280210,280210),first_para
[Tue May 09 03:30:38 UTC 2023][INFO] [Action] E ItemChanged - -1,296625
[Tue May 09 03:30:41 UTC 2023][INFO] [Action] E DeleteContent - (c,296637,1),B
[Tue May 09 03:30:41 UTC 2023][INFO] [Action] E DeleteContent - (c,296635,1),B
[Tue May 09 03:30:41 UTC 2023][INFO] [Action] E DeleteContent - (c,296633,1),B
[Tue May 09 03:30:42 UTC 2023][INFO] [Action] E DeleteContent - (c,296631,1),B
[Tue May 09 03:30:42 UTC 2023][INFO] [Action] E DeleteContent - (c,296629,1),B
[Tue May 09 03:30:42 UTC 2023][INFO] [Action] E DeleteContent - (c,296627,1),B
[Tue May 09 03:30:42 UTC 2023][INFO] [Action] E DeleteContent - (c,296625,1),B
[Tue May 09 03:30:42 UTC 2023][INFO] [Action] E DeleteContent - (c,296623,1),B
[Tue May 09 03:30:42 UTC 2023][INFO] [Action] E DeleteContent - (c,296621,1),B
[Tue May 09 03:30:43 UTC 2023][INFO] [Action] E DeleteContent - (c,296619,1),B
[Tue May 09 03:30:43 UTC 2023][INFO] [Action] E DeleteContent - (c,296617,1),B
[Tue May 09 03:30:44 UTC 2023][INFO] [Action] E DeleteContent - (c,296615,1),B
[Tue May 09 03:30:46 UTC 2023][INFO] [Action] E ApplySemantics - (r,296716,296716),first_para
[Tue May 09 03:30:49 UTC 2023][INFO] [Action] E ItemChanged - -1,311686
[Tue May 09 03:30:51 UTC 2023][INFO] [Action] E DeleteContent - (c,311698,1),B
[Tue May 09 03:30:51 UTC 2023][INFO] [Action] E DeleteContent - (c,311696,1),B
[Tue May 09 03:30:51 UTC 2023][INFO] [Action] E DeleteContent - (c,311694,1),B
[Tue May 09 03:30:51 UTC 2023][INFO] [Action] E DeleteContent - (c,311692,1),B
[Tue May 09 03:30:51 UTC 2023][INFO] [Action] E DeleteContent - (c,311690,1),B
[Tue May 09 03:30:51 UTC 2023][INFO] [Action] E DeleteContent - (c,311688,1),B
[Tue May 09 03:30:52 UTC 2023][INFO] [Action] E DeleteContent - (c,311686,1),B
[Tue May 09 03:30:52 UTC 2023][INFO] [Action] E DeleteContent - (c,311684,1),B
[Tue May 09 03:30:52 UTC 2023][INFO] [Action] E DeleteContent - (c,311682,1),B
[Tue May 09 03:30:52 UTC 2023][INFO] [Action] E DeleteContent - (c,311680,1),B
[Tue May 09 03:30:53 UTC 2023][INFO] [Action] E DeleteContent - (c,311678,1),B
[Tue May 09 03:30:53 UTC 2023][INFO] [Action] E DeleteContent - (c,311676,1),B
[Tue May 09 03:30:56 UTC 2023][INFO] [Action] E ApplySemantics - (r,311779,311779),first_para
[Tue May 09 03:30:57 UTC 2023][INFO] [Action] E ItemChanged - -1,329351
[Tue May 09 03:30:59 UTC 2023][INFO] [Action] E DeleteContent - (c,329363,1),B
[Tue May 09 03:30:59 UTC 2023][INFO] [Action] E DeleteContent - (c,329361,1),B
[Tue May 09 03:30:59 UTC 2023][INFO] [Action] E DeleteContent - (c,329359,1),B
[Tue May 09 03:31:00 UTC 2023][INFO] [Action] E DeleteContent - (c,329357,1),B
[Tue May 09 03:31:00 UTC 2023][INFO] [Action] E DeleteContent - (c,329355,1),B
[Tue May 09 03:31:00 UTC 2023][INFO] [Action] E DeleteContent - (c,329353,1),B
[Tue May 09 03:31:00 UTC 2023][INFO] [Action] E DeleteContent - (c,329351,1),B
[Tue May 09 03:31:00 UTC 2023][INFO] [Action] E DeleteContent - (c,329349,1),B
[Tue May 09 03:31:00 UTC 2023][INFO] [Action] E DeleteContent - (c,329347,1),B
[Tue May 09 03:31:01 UTC 2023][INFO] [Action] E DeleteContent - (c,329345,1),B
[Tue May 09 03:31:01 UTC 2023][INFO] [Action] E DeleteContent - (c,329343,1),B
[Tue May 09 03:31:01 UTC 2023][INFO] [Action] E DeleteContent - (c,329341,1),B
[Tue May 09 03:31:04 UTC 2023][INFO] [Action] E ApplySemantics - (r,329603,329603),first_para
[Tue May 09 03:31:06 UTC 2023][INFO] [Action] E ItemChanged - -1,342750
[Tue May 09 03:31:08 UTC 2023][INFO] [Action] E DeleteContent - (c,342762,1),B
[Tue May 09 03:31:09 UTC 2023][INFO] [Action] E DeleteContent - (c,342760,1),B
[Tue May 09 03:31:09 UTC 2023][INFO] [Action] E DeleteContent - (c,342758,1),B
[Tue May 09 03:31:09 UTC 2023][INFO] [Action] E DeleteContent - (c,342756,1),B
[Tue May 09 03:31:09 UTC 2023][INFO] [Action] E DeleteContent - (c,342754,1),B
[Tue May 09 03:31:09 UTC 2023][INFO] [Action] E DeleteContent - (c,342752,1),B
[Tue May 09 03:31:09 UTC 2023][INFO] [Action] E DeleteContent - (c,342750,1),B
[Tue May 09 03:31:10 UTC 2023][INFO] [Action] E DeleteContent - (c,342748,1),B
[Tue May 09 03:31:10 UTC 2023][INFO] [Action] E DeleteContent - (c,342746,1),B
[Tue May 09 03:31:10 UTC 2023][INFO] [Action] E DeleteContent - (c,342744,1),B
[Tue May 09 03:31:11 UTC 2023][INFO] [Action] E DeleteContent - (c,342742,1),B
[Tue May 09 03:31:11 UTC 2023][INFO] [Action] E DeleteContent - (c,342740,1),B
[Tue May 09 03:31:14 UTC 2023][INFO] [Action] E ApplySemantics - (r,342901,342901),first_para
[Tue May 09 03:31:15 UTC 2023][INFO] [Action] E ItemChanged - -1,361873
[Tue May 09 03:31:18 UTC 2023][INFO] [Action] E DeleteContent - (c,361885,1),B
[Tue May 09 03:31:18 UTC 2023][INFO] [Action] E DeleteContent - (c,361883,1),B
[Tue May 09 03:31:19 UTC 2023][INFO] [Action] E DeleteContent - (c,361881,1),B
[Tue May 09 03:31:19 UTC 2023][INFO] [Action] E DeleteContent - (c,361879,1),B
[Tue May 09 03:31:19 UTC 2023][INFO] [Action] E DeleteContent - (c,361877,1),B
[Tue May 09 03:31:19 UTC 2023][INFO] [Action] E DeleteContent - (c,361875,1),B
[Tue May 09 03:31:19 UTC 2023][INFO] [Action] E DeleteContent - (c,361873,1),B
[Tue May 09 03:31:19 UTC 2023][INFO] [Action] E DeleteContent - (c,361871,1),B
[Tue May 09 03:31:19 UTC 2023][INFO] [Action] E DeleteContent - (c,361869,1),B
[Tue May 09 03:31:20 UTC 2023][INFO] [Action] E DeleteContent - (c,361867,1),B
[Tue May 09 03:31:20 UTC 2023][INFO] [Action] E DeleteContent - (c,361865,1),B
[Tue May 09 03:31:20 UTC 2023][INFO] [Action] E DeleteContent - (c,361863,1),B
[Tue May 09 03:31:24 UTC 2023][INFO] [Action] E ApplySemantics - (r,361921,361921),first_para
[Tue May 09 03:31:26 UTC 2023][INFO] [Action] E ItemChanged - -1,377943
[Tue May 09 03:31:27 UTC 2023][INFO] [Action] E DeleteContent - (c,377955,1),B
[Tue May 09 03:31:28 UTC 2023][INFO] [Action] E DeleteContent - (c,377953,1),B
[Tue May 09 03:31:28 UTC 2023][INFO] [Action] E DeleteContent - (c,377951,1),B
[Tue May 09 03:31:28 UTC 2023][INFO] [Action] E DeleteContent - (c,377949,1),B
[Tue May 09 03:31:28 UTC 2023][INFO] [Action] E DeleteContent - (c,377947,1),B
[Tue May 09 03:31:28 UTC 2023][INFO] [Action] E DeleteContent - (c,377945,1),B
[Tue May 09 03:31:28 UTC 2023][INFO] [Action] E DeleteContent - (c,377943,1),B
[Tue May 09 03:31:29 UTC 2023][INFO] [Action] E DeleteContent - (c,377941,1),B
[Tue May 09 03:31:29 UTC 2023][INFO] [Action] E DeleteContent - (c,377939,1),B
[Tue May 09 03:31:29 UTC 2023][INFO] [Action] E DeleteContent - (c,377937,1),B
[Tue May 09 03:31:29 UTC 2023][INFO] [Action] E DeleteContent - (c,377935,1),B
[Tue May 09 03:31:30 UTC 2023][INFO] [Action] E DeleteContent - (c,377933,1),B
[Tue May 09 03:31:33 UTC 2023][INFO] [Action] E ApplySemantics - (r,378146,378146),first_para
[Tue May 09 03:31:35 UTC 2023][INFO] [Action] E ItemChanged - -1,392447
[Tue May 09 03:31:38 UTC 2023][INFO] [Action] E DeleteContent - (c,392458,2),B
[Tue May 09 03:31:38 UTC 2023][INFO] [Action] E DeleteContent - (c,392457,1),B
[Tue May 09 03:31:38 UTC 2023][INFO] [Action] E DeleteContent - (c,392455,1),B
[Tue May 09 03:31:38 UTC 2023][INFO] [Action] E DeleteContent - (c,392453,1),B
[Tue May 09 03:31:39 UTC 2023][INFO] [Action] E DeleteContent - (c,392451,1),B
[Tue May 09 03:31:39 UTC 2023][INFO] [Action] E DeleteContent - (c,392449,1),B
[Tue May 09 03:31:39 UTC 2023][INFO] [Action] E DeleteContent - (c,392447,1),B
[Tue May 09 03:31:39 UTC 2023][INFO] [Action] E DeleteContent - (c,392445,1),B
[Tue May 09 03:31:39 UTC 2023][INFO] [Action] E DeleteContent - (c,392443,1),B
[Tue May 09 03:31:39 UTC 2023][INFO] [Action] E DeleteContent - (c,392441,1),B
[Tue May 09 03:31:40 UTC 2023][INFO] [Action] E DeleteContent - (c,392439,1),B
[Tue May 09 03:31:40 UTC 2023][INFO] [Action] E DeleteContent - (c,392437,1),B
[Tue May 09 03:31:43 UTC 2023][INFO] [Action] E ApplySemantics - (r,392577,392577),first_para
[Tue May 09 03:31:45 UTC 2023][INFO] [Action] E ItemChanged - -1,410818
[Tue May 09 03:31:47 UTC 2023][INFO] [Action] E DeleteContent - (c,410830,1),B
[Tue May 09 03:31:47 UTC 2023][INFO] [Action] E DeleteContent - (c,410828,1),B
[Tue May 09 03:31:47 UTC 2023][INFO] [Action] E DeleteContent - (c,410826,1),B
[Tue May 09 03:31:47 UTC 2023][INFO] [Action] E DeleteContent - (c,410824,1),B
[Tue May 09 03:31:47 UTC 2023][INFO] [Action] E DeleteContent - (c,410822,1),B
[Tue May 09 03:31:48 UTC 2023][INFO] [Action] E DeleteContent - (c,410820,1),B
[Tue May 09 03:31:48 UTC 2023][INFO] [Action] E DeleteContent - (c,410818,1),B
[Tue May 09 03:31:48 UTC 2023][INFO] [Action] E DeleteContent - (c,410816,1),B
[Tue May 09 03:31:48 UTC 2023][INFO] [Action] E DeleteContent - (c,410814,1),B
[Tue May 09 03:31:48 UTC 2023][INFO] [Action] E DeleteContent - (c,410812,1),B
[Tue May 09 03:31:49 UTC 2023][INFO] [Action] E DeleteContent - (c,410810,1),B
[Tue May 09 03:31:49 UTC 2023][INFO] [Action] E DeleteContent - (c,410808,1),B
[Tue May 09 03:31:57 UTC 2023][INFO] [Action] E ApplySemantics - (r,410965,410965),first_para
[Tue May 09 03:32:09 UTC 2023][INFO] [Action] E InsertGenericPageAction - 11,28
[Tue May 09 03:32:11 UTC 2023][INFO] [Action] E ItemChanged - -1,410815
[Tue May 09 03:32:13 UTC 2023][INFO] [Action] E ItemChanged - -1,414178
[Tue May 09 03:32:16 UTC 2023][INFO] [Action] E ItemChanged - -1,410815
[Tue May 09 03:32:25 UTC 2023][INFO] [Action] E Copy - (r,410824,411990)
[Tue May 09 03:32:26 UTC 2023][INFO] [Action] E ItemChanged - -1,414178
[Tue May 09 03:32:32 UTC 2023][INFO] [Action] E Paste - (r,414187,414377),1184
[Tue May 09 03:32:36 UTC 2023][INFO] [Action] E ApplySemantics - (r,414252,414252),other_first_para
[Tue May 09 03:32:36 UTC 2023][INFO] [Action] EFail ApplySemantics - 4
[Tue May 09 03:32:40 UTC 2023][INFO] [Action] E ApplySemantics - (r,414272,414272),other_first_para
[Tue May 09 03:32:40 UTC 2023][INFO] [Action] EFail ApplySemantics - 4
[Tue May 09 03:32:44 UTC 2023][INFO] [Action] E ItemChanged - -1,410815
[Tue May 09 03:32:45 UTC 2023][INFO] [Action] E ItemChanged - -1,410815
[Tue May 09 03:32:46 UTC 2023][INFO] [Action] E ItemChanged - -1,410815
[Tue May 09 03:32:46 UTC 2023][INFO] [Action] E ItemChanged - -1,392432
[Tue May 09 03:32:47 UTC 2023][INFO] [Action] E ItemChanged - -1,410815
[Tue May 09 03:32:56 UTC 2023][INFO] [Action] E Copy - (r,411991,414176)
[Tue May 09 03:32:57 UTC 2023][INFO] [Action] E ItemChanged - -1,414178
[Tue May 09 03:32:57 UTC 2023][INFO] [Action] E ItemChanged - -1,414178
[Tue May 09 03:33:00 UTC 2023][INFO] [Action] E AddTextContainer - (c,415353,2),0,0,0
[Tue May 09 03:33:00 UTC 2023][INFO] [Action] E Paste - (c,415354,1),2198
[Tue May 09 03:33:01 UTC 2023][INFO] [Action] U Paste
[Tue May 09 03:33:02 UTC 2023][INFO] [Action] E Paste - (c,415354,1),2198
[Tue May 09 03:33:03 UTC 2023][INFO] [Action] E DeleteContent - (c,417539,2),B
[Tue May 09 03:33:03 UTC 2023][INFO] [Action] E DeleteContent - (c,417538,2),B
[Tue May 09 03:33:03 UTC 2023][INFO] [Action] E DeleteContent - (c,417537,2),B
[Tue May 09 03:33:03 UTC 2023][INFO] [Action] E DeleteContent - (c,417536,2),B
[Tue May 09 03:33:03 UTC 2023][INFO] [Action] E DeleteContent - (c,417535,2),B
[Tue May 09 03:33:04 UTC 2023][INFO] [Action] E DeleteContent - (c,417534,2),B
[Tue May 09 03:33:04 UTC 2023][INFO] [Action] E DeleteContent - (c,417533,2),B
[Tue May 09 03:33:06 UTC 2023][INFO] [Action] E ItemChanged - -1,410815
[Tue May 09 03:33:30 UTC 2023][INFO] [Action] E Copy - (r,411991,413795)
[Tue May 09 03:33:31 UTC 2023][INFO] [Action] E Copy - (r,411991,413795)
[Tue May 09 03:33:32 UTC 2023][INFO] [Action] E ItemChanged - -1,414178
[Tue May 09 03:33:34 UTC 2023][INFO] [Action] E AddTextContainer - (c,415353,2),0,0,0
[Tue May 09 03:33:37 UTC 2023][INFO] [Action] E MergeContainer - 415355,1
[Tue May 09 03:33:39 UTC 2023][INFO] [Action] E ItemChanged - -1,414178
[Tue May 09 03:33:46 UTC 2023][INFO] [Action] E ItemChanged - -1,410815
[Tue May 09 03:33:47 UTC 2023][INFO] [Action] E ItemChanged - -1,410815
[Tue May 09 03:33:48 UTC 2023][INFO] [Action] E DeleteContent - (r,410815,414176),B
[Tue May 09 03:33:54 UTC 2023][INFO] [Action] E InsertGenericPageAction - 12,28
[Tue May 09 03:34:00 UTC 2023][INFO] [Action] E InsertTextContent - (r,414193,414383),[J]
[Tue May 09 03:34:00 UTC 2023][INFO] [Action] E InsertTextContent - (c,414193,2),[a]
[Tue May 09 03:34:00 UTC 2023][INFO] [Action] E InsertTextContent - (c,414194,2),[s]
[Tue May 09 03:34:00 UTC 2023][INFO] [Action] E InsertTextContent - (c,414195,2),[o]
[Tue May 09 03:34:01 UTC 2023][INFO] [Action] E InsertTextContent - (c,414196,2),[n]
[Tue May 09 03:34:01 UTC 2023][INFO] [Action] E InsertTextContent - (c,414197,2),[SPACE]
[Tue May 09 03:34:01 UTC 2023][INFO] [Action] E InsertTextContent - (c,414198,2),[H]
[Tue May 09 03:34:01 UTC 2023][INFO] [Action] E InsertTextContent - (c,414199,2),[u]
[Tue May 09 03:34:02 UTC 2023][INFO] [Action] E InsertTextContent - (c,414200,2),[t]
[Tue May 09 03:34:02 UTC 2023][INFO] [Action] E InsertTextContent - (c,414201,2),[c]
[Tue May 09 03:34:02 UTC 2023][INFO] [Action] E InsertTextContent - (c,414202,2),[h]
[Tue May 09 03:34:02 UTC 2023][INFO] [Action] E InsertTextContent - (c,414203,2),[e]
[Tue May 09 03:34:02 UTC 2023][INFO] [Action] E InsertTextContent - (c,414204,2),[n]
[Tue May 09 03:34:02 UTC 2023][INFO] [Action] E InsertTextContent - (c,414205,2),[s]
[Tue May 09 03:34:03 UTC 2023][INFO] [Action] E InsertTextContent - (c,414206,2),[SPACE]
[Tue May 09 03:34:03 UTC 2023][INFO] [Action] E InsertTextContent - (c,414207,2),[w]
[Tue May 09 03:34:03 UTC 2023][INFO] [Action] E InsertTextContent - (c,414208,2),[i]
[Tue May 09 03:34:03 UTC 2023][INFO] [Action] E InsertTextContent - (c,414209,2),[y]
[Tue May 09 03:34:03 UTC 2023][INFO] [Action] E InsertTextContent - (c,414210,2),[k]
[Tue May 09 03:34:03 UTC 2023][INFO] [Action] E InsertTextContent - (c,414211,2),[d]
[Tue May 09 03:34:04 UTC 2023][INFO] [Action] E DeleteContent - (c,414212,2),B
[Tue May 09 03:34:04 UTC 2023][INFO] [Action] E DeleteContent - (c,414211,2),B
[Tue May 09 03:34:04 UTC 2023][INFO] [Action] E DeleteContent - (c,414210,2),B
[Tue May 09 03:34:04 UTC 2023][INFO] [Action] E DeleteContent - (c,414209,2),B
[Tue May 09 03:34:05 UTC 2023][INFO] [Action] E InsertTextContent - (c,414208,2),[u]
[Tue May 09 03:34:05 UTC 2023][INFO] [Action] E DeleteContent - (c,414209,2),B
[Tue May 09 03:34:06 UTC 2023][INFO] [Action] E InsertTextContent - (c,414208,2),[o]
[Tue May 09 03:34:06 UTC 2023][INFO] [Action] E InsertTextContent - (c,414209,2),[u]
[Tue May 09 03:34:06 UTC 2023][INFO] [Action] E InsertTextContent - (c,414210,2),[l]
[Tue May 09 03:34:06 UTC 2023][INFO] [Action] E InsertTextContent - (c,414211,2),[d]
[Tue May 09 03:34:06 UTC 2023][INFO] [Action] E InsertTextContent - (c,414212,2),[SPACE]
[Tue May 09 03:34:07 UTC 2023][INFO] [Action] E InsertTextContent - (c,414213,2),[l]
[Tue May 09 03:34:07 UTC 2023][INFO] [Action] E InsertTextContent - (c,414214,2),[i]
[Tue May 09 03:34:07 UTC 2023][INFO] [Action] E InsertTextContent - (c,414215,2),[k]
[Tue May 09 03:34:07 UTC 2023][INFO] [Action] E InsertTextContent - (c,414216,2),[e]
[Tue May 09 03:34:07 UTC 2023][INFO] [Action] E InsertTextContent - (c,414217,2),[SPACE]
[Tue May 09 03:34:07 UTC 2023][INFO] [Action] E InsertTextContent - (c,414218,2),[t]
[Tue May 09 03:34:07 UTC 2023][INFO] [Action] E InsertTextContent - (c,414219,2),[o]
[Tue May 09 03:34:07 UTC 2023][INFO] [Action] E InsertTextContent - (c,414220,2),[SPACE]
[Tue May 09 03:34:08 UTC 2023][INFO] [Action] E InsertTextContent - (c,414221,2),[t]
[Tue May 09 03:34:08 UTC 2023][INFO] [Action] E InsertTextContent - (c,414222,2),[h]
[Tue May 09 03:34:08 UTC 2023][INFO] [Action] E InsertTextContent - (c,414223,2),[a]
[Tue May 09 03:34:08 UTC 2023][INFO] [Action] E InsertTextContent - (c,414224,2),[n]
[Tue May 09 03:34:09 UTC 2023][INFO] [Action] E InsertTextContent - (c,414225,2),[k]
[Tue May 09 03:34:09 UTC 2023][INFO] [Action] E InsertTextContent - (c,414226,2),[SPACE]
[Tue May 09 03:34:09 UTC 2023][INFO] [Action] E InsertTextContent - (c,414227,2),[C]
[Tue May 09 03:34:10 UTC 2023][INFO] [Action] E InsertTextContent - (c,414228,2),[h]
[Tue May 09 03:34:10 UTC 2023][INFO] [Action] E InsertTextContent - (c,414229,2),[a]
[Tue May 09 03:34:10 UTC 2023][INFO] [Action] E InsertTextContent - (c,414230,2),[d]
[Tue May 09 03:34:11 UTC 2023][INFO] [Action] E InsertTextContent - (c,414231,2),[w]
[Tue May 09 03:34:11 UTC 2023][INFO] [Action] E InsertTextContent - (c,414232,2),[i]
[Tue May 09 03:34:11 UTC 2023][INFO] [Action] E InsertTextContent - (c,414233,2),[c]
[Tue May 09 03:34:11 UTC 2023][INFO] [Action] E InsertTextContent - (c,414234,2),[k]
[Tue May 09 03:34:11 UTC 2023][INFO] [Action] E InsertTextContent - (c,414235,2),[SPACE]
[Tue May 09 03:34:12 UTC 2023][INFO] [Action] E InsertTextContent - (c,414236,2),[G]
[Tue May 09 03:34:12 UTC 2023][INFO] [Action] E InsertTextContent - (c,414237,2),[,]
[Tue May 09 03:34:12 UTC 2023][INFO] [Action] E InsertTextContent - (c,414238,2),[SPACE]
[Tue May 09 03:34:13 UTC 2023][INFO] [Action] E DeleteContent - (c,414239,2),B
[Tue May 09 03:34:13 UTC 2023][INFO] [Action] E DeleteContent - (c,414238,2),B
[Tue May 09 03:34:14 UTC 2023][INFO] [Action] E InsertTextContent - (c,414237,2),[.]
[Tue May 09 03:34:14 UTC 2023][INFO] [Action] E InsertTextContent - (c,414238,2),[SPACE]
[Tue May 09 03:34:14 UTC 2023][INFO] [Action] E InsertTextContent - (c,414239,2),[P]
[Tue May 09 03:34:14 UTC 2023][INFO] [Action] E InsertTextContent - (c,414240,2),[e]
[Tue May 09 03:34:15 UTC 2023][INFO] [Action] E InsertTextContent - (c,414241,2),[t]
[Tue May 09 03:34:15 UTC 2023][INFO] [Action] E InsertTextContent - (c,414242,2),[e]
[Tue May 09 03:34:15 UTC 2023][INFO] [Action] E InsertTextContent - (c,414243,2),[y]
[Tue May 09 03:34:15 UTC 2023][INFO] [Action] E InsertTextContent - (c,414244,2),[SPACE]
[Tue May 09 03:34:15 UTC 2023][INFO] [Action] E InsertTextContent - (c,414245,2),[(]
[Tue May 09 03:34:16 UTC 2023][INFO] [Action] E InsertTextContent - (c,414246,2),[o]
[Tue May 09 03:34:16 UTC 2023][INFO] [Action] E InsertTextContent - (c,414247,2),[t]
[Tue May 09 03:34:16 UTC 2023][INFO] [Action] E InsertTextContent - (c,414248,2),[h]
[Tue May 09 03:34:16 UTC 2023][INFO] [Action] E InsertTextContent - (c,414249,2),[e]
[Tue May 09 03:34:17 UTC 2023][INFO] [Action] E InsertTextContent - (c,414250,2),[r]
[Tue May 09 03:34:17 UTC 2023][INFO] [Action] E InsertTextContent - (c,414251,2),[w]
[Tue May 09 03:34:17 UTC 2023][INFO] [Action] E InsertTextContent - (c,414252,2),[i]
[Tue May 09 03:34:17 UTC 2023][INFO] [Action] E InsertTextContent - (c,414253,2),[s]
[Tue May 09 03:34:17 UTC 2023][INFO] [Action] E InsertTextContent - (c,414254,2),[e]
[Tue May 09 03:34:17 UTC 2023][INFO] [Action] E InsertTextContent - (c,414255,2),[SPACE]
[Tue May 09 03:34:23 UTC 2023][INFO] [Action] E DeleteContent - (c,414208,1),B
[Tue May 09 03:34:23 UTC 2023][INFO] [Action] E DeleteContent - (c,414207,1),B
[Tue May 09 03:34:23 UTC 2023][INFO] [Action] E DeleteContent - (c,414206,1),B
[Tue May 09 03:34:24 UTC 2023][INFO] [Action] E DeleteContent - (c,414205,1),B
[Tue May 09 03:34:24 UTC 2023][INFO] [Action] E DeleteContent - (c,414204,1),B
[Tue May 09 03:34:24 UTC 2023][INFO] [Action] E DeleteContent - (c,414203,1),B
[Tue May 09 03:34:24 UTC 2023][INFO] [Action] E DeleteContent - (c,414202,1),B
[Tue May 09 03:34:24 UTC 2023][INFO] [Action] E DeleteContent - (c,414201,1),B
[Tue May 09 03:34:24 UTC 2023][INFO] [Action] E DeleteContent - (c,414200,1),B
[Tue May 09 03:34:25 UTC 2023][INFO] [Action] E DeleteContent - (c,414199,1),B
[Tue May 09 03:34:25 UTC 2023][INFO] [Action] E DeleteContent - (c,414198,1),B
[Tue May 09 03:34:25 UTC 2023][INFO] [Action] E DeleteContent - (c,414197,1),B
[Tue May 09 03:34:25 UTC 2023][INFO] [Action] E DeleteContent - (c,414196,1),B
[Tue May 09 03:34:26 UTC 2023][INFO] [Action] E DeleteContent - (c,414195,1),B
[Tue May 09 03:34:26 UTC 2023][INFO] [Action] E DeleteContent - (c,414194,1),B
[Tue May 09 03:34:27 UTC 2023][INFO] [Action] E InsertTextContent - (c,414193,1),[I]
[Tue May 09 03:34:27 UTC 2023][INFO] [Action] E InsertTextContent - (c,414193,2),[SPACE]
[Tue May 09 03:34:30 UTC 2023][INFO] [Action] E InsertTextContent - (c,414243,2),[k]
[Tue May 09 03:34:30 UTC 2023][INFO] [Action] E InsertTextContent - (c,414244,2),[n]
[Tue May 09 03:34:31 UTC 2023][INFO] [Action] E InsertTextContent - (c,414245,2),[o]
[Tue May 09 03:34:31 UTC 2023][INFO] [Action] E DeleteContent - (c,414246,2),B
[Tue May 09 03:34:31 UTC 2023][INFO] [Action] E DeleteContent - (c,414245,2),B
[Tue May 09 03:34:31 UTC 2023][INFO] [Action] E DeleteContent - (c,414244,2),B
[Tue May 09 03:34:31 UTC 2023][INFO] [Action] E DeleteContent - (c,414243,2),B
[Tue May 09 03:34:31 UTC 2023][INFO] [Action] E DeleteContent - (c,414242,2),B
[Tue May 09 03:34:32 UTC 2023][INFO] [Action] E DeleteContent - (c,414241,2),B
[Tue May 09 03:34:32 UTC 2023][INFO] [Action] E DeleteContent - (c,414240,2),B
[Tue May 09 03:34:32 UTC 2023][INFO] [Action] E DeleteContent - (c,414239,2),B
[Tue May 09 03:34:32 UTC 2023][INFO] [Action] E DeleteContent - (c,414238,2),B
[Tue May 09 03:34:32 UTC 2023][INFO] [Action] E DeleteContent - (c,414237,2),B
[Tue May 09 03:34:32 UTC 2023][INFO] [Action] E DeleteContent - (c,414236,2),B
[Tue May 09 03:34:32 UTC 2023][INFO] [Action] E DeleteContent - (c,414235,2),B
[Tue May 09 03:34:32 UTC 2023][INFO] [Action] E DeleteContent - (c,414234,2),B
[Tue May 09 03:34:32 UTC 2023][INFO] [Action] E DeleteContent - (c,414233,2),B
[Tue May 09 03:34:33 UTC 2023][INFO] [Action] E InsertTextContent - (c,414232,2),[f]
[Tue May 09 03:34:33 UTC 2023][INFO] [Action] E InsertTextContent - (c,414233,2),[o]
[Tue May 09 03:34:33 UTC 2023][INFO] [Action] E InsertTextContent - (c,414234,2),[r]
[Tue May 09 03:34:33 UTC 2023][INFO] [Action] E InsertTextContent - (c,414235,2),[SPACE]
[Tue May 09 03:34:33 UTC 2023][INFO] [Action] E InsertTextContent - (c,414236,2),[i]
[Tue May 09 03:34:34 UTC 2023][INFO] [Action] E InsertTextContent - (c,414237,2),[t]
[Tue May 09 03:34:34 UTC 2023][INFO] [Action] E InsertTextContent - (c,414238,2),[s]
[Tue May 09 03:34:34 UTC 2023][INFO] [Action] E InsertTextContent - (c,414239,2),[SPACE]
[Tue May 09 03:34:35 UTC 2023][INFO] [Action] E InsertTextContent - (c,414240,2),[c]
[Tue May 09 03:34:35 UTC 2023][INFO] [Action] E InsertTextContent - (c,414241,2),[o]
[Tue May 09 03:34:35 UTC 2023][INFO] [Action] E InsertTextContent - (c,414242,2),[l]
[Tue May 09 03:34:35 UTC 2023][INFO] [Action] E InsertTextContent - (c,414243,2),[l]
[Tue May 09 03:34:35 UTC 2023][INFO] [Action] E InsertTextContent - (c,414244,2),[a]
[Tue May 09 03:34:35 UTC 2023][INFO] [Action] E InsertTextContent - (c,414245,2),[b]
[Tue May 09 03:34:36 UTC 2023][INFO] [Action] E InsertTextContent - (c,414246,2),[o]
[Tue May 09 03:34:36 UTC 2023][INFO] [Action] E InsertTextContent - (c,414247,2),[r]
[Tue May 09 03:34:36 UTC 2023][INFO] [Action] E InsertTextContent - (c,414248,2),[a]
[Tue May 09 03:34:36 UTC 2023][INFO] [Action] E InsertTextContent - (c,414249,2),[t]
[Tue May 09 03:34:36 UTC 2023][INFO] [Action] E InsertTextContent - (c,414250,2),[i]
[Tue May 09 03:34:36 UTC 2023][INFO] [Action] E InsertTextContent - (c,414251,2),[o]
[Tue May 09 03:34:37 UTC 2023][INFO] [Action] E InsertTextContent - (c,414252,2),[n]
[Tue May 09 03:34:37 UTC 2023][INFO] [Action] E InsertTextContent - (c,414253,2),[SPACE]
[Tue May 09 03:34:37 UTC 2023][INFO] [Action] E InsertTextContent - (c,414254,2),[o]
[Tue May 09 03:34:37 UTC 2023][INFO] [Action] E InsertTextContent - (c,414255,2),[n]
[Tue May 09 03:34:37 UTC 2023][INFO] [Action] E InsertTextContent - (c,414256,2),[SPACE]
[Tue May 09 03:34:37 UTC 2023][INFO] [Action] E InsertTextContent - (c,414257,2),[t]
[Tue May 09 03:34:37 UTC 2023][INFO] [Action] E InsertTextContent - (c,414258,2),[h]
[Tue May 09 03:34:38 UTC 2023][INFO] [Action] E InsertTextContent - (c,414259,2),[i]
[Tue May 09 03:34:38 UTC 2023][INFO] [Action] E InsertTextContent - (c,414260,2),[s]
[Tue May 09 03:34:39 UTC 2023][INFO] [Action] E InsertTextContent - (c,414261,2),[SPACE]
[Tue May 09 03:34:39 UTC 2023][INFO] [Action] E InsertTextContent - (c,414262,2),[e]
[Tue May 09 03:34:39 UTC 2023][INFO] [Action] E InsertTextContent - (c,414263,2),[x]
[Tue May 09 03:34:39 UTC 2023][INFO] [Action] E InsertTextContent - (c,414264,2),[p]
[Tue May 09 03:34:40 UTC 2023][INFO] [Action] E InsertTextContent - (c,414265,2),[e]
[Tue May 09 03:34:40 UTC 2023][INFO] [Action] E InsertTextContent - (c,414266,2),[r]
[Tue May 09 03:34:40 UTC 2023][INFO] [Action] E InsertTextContent - (c,414267,2),[i]
[Tue May 09 03:34:40 UTC 2023][INFO] [Action] E InsertTextContent - (c,414268,2),[m]
[Tue May 09 03:34:40 UTC 2023][INFO] [Action] E InsertTextContent - (c,414269,2),[e]
[Tue May 09 03:34:40 UTC 2023][INFO] [Action] E InsertTextContent - (c,414270,2),[n]
[Tue May 09 03:34:41 UTC 2023][INFO] [Action] E InsertTextContent - (c,414271,2),[t]
[Tue May 09 03:34:42 UTC 2023][INFO] [Action] E InsertTextContent - (c,414272,2),[a]
[Tue May 09 03:34:42 UTC 2023][INFO] [Action] E InsertTextContent - (c,414273,2),[l]
[Tue May 09 03:34:42 UTC 2023][INFO] [Action] E InsertTextContent - (c,414274,2),[SPACE]
[Tue May 09 03:34:42 UTC 2023][INFO] [Action] E InsertTextContent - (c,414275,2),[p]
[Tue May 09 03:34:45 UTC 2023][INFO] [Action] E SaveBook - Save
[Tue May 09 03:34:46 UTC 2023][INFO] [Action] E InsertTextContent - (c,414276,2),[r]
[Tue May 09 03:34:47 UTC 2023][INFO] [Action] E InsertTextContent - (c,414277,2),[o]
[Tue May 09 03:34:47 UTC 2023][INFO] [Action] E InsertTextContent - (c,414278,2),[j]
[Tue May 09 03:34:47 UTC 2023][INFO] [Action] E InsertTextContent - (c,414279,2),[e]
[Tue May 09 03:34:47 UTC 2023][INFO] [Action] E InsertTextContent - (c,414280,2),[c]
[Tue May 09 03:34:47 UTC 2023][INFO] [Action] E InsertTextContent - (c,414281,2),[t]
[Tue May 09 03:34:47 UTC 2023][INFO] [Action] E InsertTextContent - (c,414282,2),[.]
[Tue May 09 03:34:55 UTC 2023][INFO] [Action] E InsertTextContent - (c,414193,2),[SPACE]
[Tue May 09 03:34:55 UTC 2023][INFO] [Action] E InsertTextContent - (c,414194,2),[(]
[Tue May 09 03:34:55 UTC 2023][INFO] [Action] E InsertTextContent - (c,414195,2),[J]
[Tue May 09 03:34:56 UTC 2023][INFO] [Action] E InsertTextContent - (c,414196,2),[a]
[Tue May 09 03:34:56 UTC 2023][INFO] [Action] E InsertTextContent - (c,414197,2),[s]
[Tue May 09 03:34:56 UTC 2023][INFO] [Action] E InsertTextContent - (c,414198,2),[o]
[Tue May 09 03:34:56 UTC 2023][INFO] [Action] E InsertTextContent - (c,414199,2),[n]
[Tue May 09 03:34:56 UTC 2023][INFO] [Action] E InsertTextContent - (c,414200,2),[)]
[Tue May 09 03:35:01 UTC 2023][INFO] [Action] E ItemChanged - -1,392438
[Tue May 09 03:35:03 UTC 2023][INFO] [Action] E ItemChanged - -1,1
[Tue May 09 03:35:05 UTC 2023][INFO] [Action] E ItemChanged - -1,103
[Tue May 09 03:35:06 UTC 2023][INFO] [Action] E ItemChanged - -1,115
[Tue May 09 03:35:10 UTC 2023][INFO] [Action] E ItemChanged - -1,275
[Tue May 09 03:35:16 UTC 2023][INFO] [Action] E ItemChanged - -1,392438
[Tue May 09 03:35:18 UTC 2023][INFO] [Action] E ItemChanged - -1,667
[Tue May 09 03:35:23 UTC 2023][INFO] [Action] E InsertSeparator - (r,42675,42679)
[Tue May 09 03:35:25 UTC 2023][INFO] [Action] E InsertSeparator - (r,48531,48535)
[Tue May 09 03:35:27 UTC 2023][INFO] [Action] E InsertSeparator - (r,51883,51887)
[Tue May 09 03:35:30 UTC 2023][INFO] [Action] E InsertSeparator - (r,56979,56983)
[Tue May 09 03:35:32 UTC 2023][INFO] [Action] E InsertSeparator - (r,58998,59002)
[Tue May 09 03:35:34 UTC 2023][INFO] [Action] E InsertSeparator - (r,71536,71540)
[Tue May 09 03:35:37 UTC 2023][INFO] [Action] E InsertSeparator - (r,80942,80946)
[Tue May 09 03:35:39 UTC 2023][INFO] [Action] E InsertSeparator - (r,85568,85572)
[Tue May 09 03:35:42 UTC 2023][INFO] [Action] E InsertSeparator - (r,86062,86066)
[Tue May 09 03:35:45 UTC 2023][INFO] [Action] E InsertSeparator - (r,89537,89541)
[Tue May 09 03:35:47 UTC 2023][INFO] [Action] E InsertSeparator - (r,90362,90366)
[Tue May 09 03:35:50 UTC 2023][INFO] [Action] E InsertSeparator - (r,92204,92208)
[Tue May 09 03:35:53 UTC 2023][INFO] [Action] E InsertSeparator - (r,102676,102680)
[Tue May 09 03:35:56 UTC 2023][INFO] [Action] E InsertSeparator - (r,103590,103594)
[Tue May 09 03:35:58 UTC 2023][INFO] [Action] E InsertSeparator - (r,109773,109777)
[Tue May 09 03:36:01 UTC 2023][INFO] [Action] E InsertSeparator - (r,115128,115132)
[Tue May 09 03:36:03 UTC 2023][INFO] [Action] E InsertSeparator - (r,120477,120481)
[Tue May 09 03:36:05 UTC 2023][INFO] [Action] E InsertSeparator - (r,123958,123962)
[Tue May 09 03:36:07 UTC 2023][INFO] [Action] E InsertSeparator - (r,131804,131808)
[Tue May 09 03:36:09 UTC 2023][INFO] [Action] E InsertSeparator - (r,148330,148334)
[Tue May 09 03:36:11 UTC 2023][INFO] [Action] E InsertSeparator - (r,151989,151993)
[Tue May 09 03:36:13 UTC 2023][INFO] [Action] E InsertSeparator - (r,165431,165435)
[Tue May 09 03:36:15 UTC 2023][INFO] [Action] E InsertSeparator - (r,166790,166794)
[Tue May 09 03:36:17 UTC 2023][INFO] [Action] E InsertSeparator - (r,168977,168981)
[Tue May 09 03:36:20 UTC 2023][INFO] [Action] E InsertSeparator - (r,177978,177982)
[Tue May 09 03:36:22 UTC 2023][INFO] [Action] E InsertSeparator - (r,181993,181997)
[Tue May 09 03:36:24 UTC 2023][INFO] [Action] E InsertSeparator - (r,182814,182818)
[Tue May 09 03:36:26 UTC 2023][INFO] [Action] E InsertSeparator - (r,194214,194218)
[Tue May 09 03:36:29 UTC 2023][INFO] [Action] E InsertSeparator - (r,197465,197469)
[Tue May 09 03:36:31 UTC 2023][INFO] [Action] E InsertSeparator - (r,201043,201047)
[Tue May 09 03:36:34 UTC 2023][INFO] [Action] E InsertSeparator - (r,207713,207717)
[Tue May 09 03:36:37 UTC 2023][INFO] [Action] E InsertSeparator - (r,210679,210683)
[Tue May 09 03:36:39 UTC 2023][INFO] [Action] E InsertSeparator - (r,217971,217975)
[Tue May 09 03:36:41 UTC 2023][INFO] [Action] E InsertSeparator - (r,224691,224695)
[Tue May 09 03:36:43 UTC 2023][INFO] [Action] E InsertSeparator - (r,228101,228105)
[Tue May 09 03:36:45 UTC 2023][INFO] [Action] E InsertSeparator - (r,232963,232967)
[Tue May 09 03:36:47 UTC 2023][INFO] [Action] E InsertSeparator - (r,248648,248652)
[Tue May 09 03:36:50 UTC 2023][INFO] [Action] E InsertSeparator - (r,249908,249912)
[Tue May 09 03:36:52 UTC 2023][INFO] [Action] E InsertSeparator - (r,251452,251456)
[Tue May 09 03:36:54 UTC 2023][INFO] [Action] E InsertSeparator - (r,253862,253866)
[Tue May 09 03:36:56 UTC 2023][INFO] [Action] E InsertSeparator - (r,257616,257620)
[Tue May 09 03:36:58 UTC 2023][INFO] [Action] E InsertSeparator - (r,262005,262009)
[Tue May 09 03:37:00 UTC 2023][INFO] [Action] E InsertSeparator - (r,273371,273375)
[Tue May 09 03:37:02 UTC 2023][INFO] [Action] E InsertSeparator - (r,276686,276690)
[Tue May 09 03:37:04 UTC 2023][INFO] [Action] E InsertSeparator - (r,285029,285033)
[Tue May 09 03:37:06 UTC 2023][INFO] [Action] E InsertSeparator - (r,288341,288345)
[Tue May 09 03:37:08 UTC 2023][INFO] [Action] E InsertSeparator - (r,290216,290220)
[Tue May 09 03:37:11 UTC 2023][INFO] [Action] E InsertSeparator - (r,294321,294325)
[Tue May 09 03:37:13 UTC 2023][INFO] [Action] E InsertSeparator - (r,302470,302474)
[Tue May 09 03:37:16 UTC 2023][INFO] [Action] E InsertSeparator - (r,302806,302810)
[Tue May 09 03:37:18 UTC 2023][INFO] [Action] E InsertSeparator - (r,306479,306483)
[Tue May 09 03:37:21 UTC 2023][INFO] [Action] E InsertSeparator - (r,308995,308999)
[Tue May 09 03:37:23 UTC 2023][INFO] [Action] E InsertSeparator - (r,314988,314992)
[Tue May 09 03:37:25 UTC 2023][INFO] [Action] E InsertSeparator - (r,317163,317167)
[Tue May 09 03:37:28 UTC 2023][INFO] [Action] E InsertSeparator - (r,320491,320495)
[Tue May 09 03:37:31 UTC 2023][INFO] [Action] E InsertSeparator - (r,323097,323101)
[Tue May 09 03:37:33 UTC 2023][INFO] [Action] E InsertSeparator - (r,336485,336489)
[Tue May 09 03:37:36 UTC 2023][INFO] [Action] E InsertSeparator - (r,341221,341225)
[Tue May 09 03:37:38 UTC 2023][INFO] [Action] E InsertSeparator - (r,352461,352465)
[Tue May 09 03:37:41 UTC 2023][INFO] [Action] E InsertSeparator - (r,355683,355687)
[Tue May 09 03:37:43 UTC 2023][INFO] [Action] E InsertSeparator - (r,359272,359276)
[Tue May 09 03:37:47 UTC 2023][INFO] [Action] E InsertSeparator - (r,368627,368631)
[Tue May 09 03:37:49 UTC 2023][INFO] [Action] E InsertSeparator - (r,373342,373346)
[Tue May 09 03:37:51 UTC 2023][INFO] [Action] E InsertSeparator - (r,374811,374815)
[Tue May 09 03:37:54 UTC 2023][INFO] [Action] E InsertSeparator - (r,382965,382969)
[Tue May 09 03:37:57 UTC 2023][INFO] [Action] E InsertSeparator - (r,385313,385317)
[Tue May 09 03:38:00 UTC 2023][INFO] [Action] E InsertSeparator - (r,387137,387141)
[Tue May 09 03:38:03 UTC 2023][INFO] [Action] E InsertSeparator - (r,389024,389028)
[Tue May 09 03:38:05 UTC 2023][INFO] [Action] E InsertSeparator - (r,401133,401137)
[Tue May 09 03:38:09 UTC 2023][INFO] [Action] E InsertSeparator - (r,404340,404344)
[Tue May 09 03:38:37 UTC 2023][INFO] [Action] U InsertSeparator
[Tue May 09 03:38:39 UTC 2023][INFO] [Action] E InsertSeparator - (r,404340,404344)
[Tue May 09 03:38:50 UTC 2023][INFO] [Action] E SaveBook - Save
[Tue May 09 03:38:57 UTC 2023][INFO] [Action] E SaveBook - SaveforExport
[Tue May 09 03:39:15 UTC 2023][INFO] [Action] EE ExportAction
[Tue May 09 03:39:19 UTC 2023][INFO] [Action] E SaveBook - Save
[Tue May 09 03:39:19 UTC 2023][INFO] Logger Terminated
